:DIR /home/admin/Projects/embedded/ti/ti-cgt-c5500_4_4_1
:DIR /home/admin/Projects/embedded/ti/ti-cgt-c5500_4_4_1/bin
:FILE /home/admin/Projects/embedded/ti/ti-cgt-c5500_4_4_1/bin/abs55
:FILE /home/admin/Projects/embedded/ti/ti-cgt-c5500_4_4_1/bin/acp55
:FILE /home/admin/Projects/embedded/ti/ti-cgt-c5500_4_4_1/bin/ar55
:FILE /home/admin/Projects/embedded/ti/ti-cgt-c5500_4_4_1/bin/asm55
:FILE /home/admin/Projects/embedded/ti/ti-cgt-c5500_4_4_1/bin/asm55p
:FILE /home/admin/Projects/embedded/ti/ti-cgt-c5500_4_4_1/bin/cg55
:FILE /home/admin/Projects/embedded/ti/ti-cgt-c5500_4_4_1/bin/cg55p
:FILE /home/admin/Projects/embedded/ti/ti-cgt-c5500_4_4_1/bin/ci55
:FILE /home/admin/Projects/embedded/ti/ti-cgt-c5500_4_4_1/bin/cl55
:FILE /home/admin/Projects/embedded/ti/ti-cgt-c5500_4_4_1/bin/clist55
:FILE /home/admin/Projects/embedded/ti/ti-cgt-c5500_4_4_1/bin/dem55
:FILE /home/admin/Projects/embedded/ti/ti-cgt-c5500_4_4_1/bin/dis55
:FILE /home/admin/Projects/embedded/ti/ti-cgt-c5500_4_4_1/bin/embed55
:FILE /home/admin/Projects/embedded/ti/ti-cgt-c5500_4_4_1/bin/hex55
:FILE /home/admin/Projects/embedded/ti/ti-cgt-c5500_4_4_1/bin/ilk55
:FILE /home/admin/Projects/embedded/ti/ti-cgt-c5500_4_4_1/bin/libinfo55
:FILE /home/admin/Projects/embedded/ti/ti-cgt-c5500_4_4_1/bin/lnk55
:FILE /home/admin/Projects/embedded/ti/ti-cgt-c5500_4_4_1/bin/masm55
:FILE /home/admin/Projects/embedded/ti/ti-cgt-c5500_4_4_1/bin/mk55
:FILE /home/admin/Projects/embedded/ti/ti-cgt-c5500_4_4_1/bin/nm55
:FILE /home/admin/Projects/embedded/ti/ti-cgt-c5500_4_4_1/bin/ofd55
:FILE /home/admin/Projects/embedded/ti/ti-cgt-c5500_4_4_1/bin/opt55
:FILE /home/admin/Projects/embedded/ti/ti-cgt-c5500_4_4_1/bin/strip55
:FILE /home/admin/Projects/embedded/ti/ti-cgt-c5500_4_4_1/bin/xref55
:FILE /home/admin/Projects/embedded/ti/ti-cgt-c5500_4_4_1/LICENSE.txt
:FILE /home/admin/Projects/embedded/ti/ti-cgt-c5500_4_4_1/DefectHistory.txt
:FILE /home/admin/Projects/embedded/ti/ti-cgt-c5500_4_4_1/LINKER_README.txt
:FILE /home/admin/Projects/embedded/ti/ti-cgt-c5500_4_4_1/README.txt
:FILE /home/admin/Projects/embedded/ti/ti-cgt-c5500_4_4_1/READMEplus.txt
:DIR /home/admin/Projects/embedded/ti/ti-cgt-c5500_4_4_1/include
:FILE /home/admin/Projects/embedded/ti/ti-cgt-c5500_4_4_1/include/_fmt_specifier.h
:FILE /home/admin/Projects/embedded/ti/ti-cgt-c5500_4_4_1/include/_isfuncdcl.h
:FILE /home/admin/Projects/embedded/ti/ti-cgt-c5500_4_4_1/include/_isfuncdef.h
:FILE /home/admin/Projects/embedded/ti/ti-cgt-c5500_4_4_1/include/_lock.h
:FILE /home/admin/Projects/embedded/ti/ti-cgt-c5500_4_4_1/include/access.h
:FILE /home/admin/Projects/embedded/ti/ti-cgt-c5500_4_4_1/include/algorithm
:FILE /home/admin/Projects/embedded/ti/ti-cgt-c5500_4_4_1/include/assert.h
:FILE /home/admin/Projects/embedded/ti/ti-cgt-c5500_4_4_1/include/bitset
:FILE /home/admin/Projects/embedded/ti/ti-cgt-c5500_4_4_1/include/c55x.h
:FILE /home/admin/Projects/embedded/ti/ti-cgt-c5500_4_4_1/include/c55xasm.i
:FILE /home/admin/Projects/embedded/ti/ti-cgt-c5500_4_4_1/include/cassert
:FILE /home/admin/Projects/embedded/ti/ti-cgt-c5500_4_4_1/include/cctype
:FILE /home/admin/Projects/embedded/ti/ti-cgt-c5500_4_4_1/include/cerrno
:FILE /home/admin/Projects/embedded/ti/ti-cgt-c5500_4_4_1/include/cfloat
:FILE /home/admin/Projects/embedded/ti/ti-cgt-c5500_4_4_1/include/ciso646
:FILE /home/admin/Projects/embedded/ti/ti-cgt-c5500_4_4_1/include/climits
:FILE /home/admin/Projects/embedded/ti/ti-cgt-c5500_4_4_1/include/clocale
:FILE /home/admin/Projects/embedded/ti/ti-cgt-c5500_4_4_1/include/cmath
:FILE /home/admin/Projects/embedded/ti/ti-cgt-c5500_4_4_1/include/complex
:FILE /home/admin/Projects/embedded/ti/ti-cgt-c5500_4_4_1/include/cpp_inline_math.h
:FILE /home/admin/Projects/embedded/ti/ti-cgt-c5500_4_4_1/include/cpy_tbl.h
:FILE /home/admin/Projects/embedded/ti/ti-cgt-c5500_4_4_1/include/csetjmp
:FILE /home/admin/Projects/embedded/ti/ti-cgt-c5500_4_4_1/include/csignal
:FILE /home/admin/Projects/embedded/ti/ti-cgt-c5500_4_4_1/include/cstdarg
:FILE /home/admin/Projects/embedded/ti/ti-cgt-c5500_4_4_1/include/cstddef
:FILE /home/admin/Projects/embedded/ti/ti-cgt-c5500_4_4_1/include/cstdio
:FILE /home/admin/Projects/embedded/ti/ti-cgt-c5500_4_4_1/include/cstdlib
:FILE /home/admin/Projects/embedded/ti/ti-cgt-c5500_4_4_1/include/cstring
:FILE /home/admin/Projects/embedded/ti/ti-cgt-c5500_4_4_1/include/ctime
:FILE /home/admin/Projects/embedded/ti/ti-cgt-c5500_4_4_1/include/ctype.h
:FILE /home/admin/Projects/embedded/ti/ti-cgt-c5500_4_4_1/include/cwchar
:FILE /home/admin/Projects/embedded/ti/ti-cgt-c5500_4_4_1/include/cwctype
:FILE /home/admin/Projects/embedded/ti/ti-cgt-c5500_4_4_1/include/deque
:FILE /home/admin/Projects/embedded/ti/ti-cgt-c5500_4_4_1/include/elfnames.h
:FILE /home/admin/Projects/embedded/ti/ti-cgt-c5500_4_4_1/include/errno.h
:FILE /home/admin/Projects/embedded/ti/ti-cgt-c5500_4_4_1/include/exception
:FILE /home/admin/Projects/embedded/ti/ti-cgt-c5500_4_4_1/include/extaddr.h
:FILE /home/admin/Projects/embedded/ti/ti-cgt-c5500_4_4_1/include/file.h
:FILE /home/admin/Projects/embedded/ti/ti-cgt-c5500_4_4_1/include/float.h
:FILE /home/admin/Projects/embedded/ti/ti-cgt-c5500_4_4_1/include/fstream
:FILE /home/admin/Projects/embedded/ti/ti-cgt-c5500_4_4_1/include/fstream.h
:FILE /home/admin/Projects/embedded/ti/ti-cgt-c5500_4_4_1/include/functional
:FILE /home/admin/Projects/embedded/ti/ti-cgt-c5500_4_4_1/include/gsm.h
:FILE /home/admin/Projects/embedded/ti/ti-cgt-c5500_4_4_1/include/hash_map
:FILE /home/admin/Projects/embedded/ti/ti-cgt-c5500_4_4_1/include/hash_set
:FILE /home/admin/Projects/embedded/ti/ti-cgt-c5500_4_4_1/include/intrindefs.h
:FILE /home/admin/Projects/embedded/ti/ti-cgt-c5500_4_4_1/include/inttypes.h
:FILE /home/admin/Projects/embedded/ti/ti-cgt-c5500_4_4_1/include/iomanip
:FILE /home/admin/Projects/embedded/ti/ti-cgt-c5500_4_4_1/include/iomanip.h
:FILE /home/admin/Projects/embedded/ti/ti-cgt-c5500_4_4_1/include/ios
:FILE /home/admin/Projects/embedded/ti/ti-cgt-c5500_4_4_1/include/iosfwd
:FILE /home/admin/Projects/embedded/ti/ti-cgt-c5500_4_4_1/include/iostream
:FILE /home/admin/Projects/embedded/ti/ti-cgt-c5500_4_4_1/include/iostream.h
:FILE /home/admin/Projects/embedded/ti/ti-cgt-c5500_4_4_1/include/iso646.h
:FILE /home/admin/Projects/embedded/ti/ti-cgt-c5500_4_4_1/include/istream
:FILE /home/admin/Projects/embedded/ti/ti-cgt-c5500_4_4_1/include/iterator
:FILE /home/admin/Projects/embedded/ti/ti-cgt-c5500_4_4_1/include/limits
:FILE /home/admin/Projects/embedded/ti/ti-cgt-c5500_4_4_1/include/limits.h
:FILE /home/admin/Projects/embedded/ti/ti-cgt-c5500_4_4_1/include/linkage.h
:FILE /home/admin/Projects/embedded/ti/ti-cgt-c5500_4_4_1/include/list
:FILE /home/admin/Projects/embedded/ti/ti-cgt-c5500_4_4_1/include/locale
:FILE /home/admin/Projects/embedded/ti/ti-cgt-c5500_4_4_1/include/locale.h
:FILE /home/admin/Projects/embedded/ti/ti-cgt-c5500_4_4_1/include/map
:FILE /home/admin/Projects/embedded/ti/ti-cgt-c5500_4_4_1/include/math.h
:FILE /home/admin/Projects/embedded/ti/ti-cgt-c5500_4_4_1/include/mathf.h
:FILE /home/admin/Projects/embedded/ti/ti-cgt-c5500_4_4_1/include/mathl.h
:FILE /home/admin/Projects/embedded/ti/ti-cgt-c5500_4_4_1/include/memory
:FILE /home/admin/Projects/embedded/ti/ti-cgt-c5500_4_4_1/include/new
:FILE /home/admin/Projects/embedded/ti/ti-cgt-c5500_4_4_1/include/new.h
:FILE /home/admin/Projects/embedded/ti/ti-cgt-c5500_4_4_1/include/numeric
:FILE /home/admin/Projects/embedded/ti/ti-cgt-c5500_4_4_1/include/ostream
:FILE /home/admin/Projects/embedded/ti/ti-cgt-c5500_4_4_1/include/queue
:FILE /home/admin/Projects/embedded/ti/ti-cgt-c5500_4_4_1/include/rope
:FILE /home/admin/Projects/embedded/ti/ti-cgt-c5500_4_4_1/include/set
:FILE /home/admin/Projects/embedded/ti/ti-cgt-c5500_4_4_1/include/setjmp.h
:FILE /home/admin/Projects/embedded/ti/ti-cgt-c5500_4_4_1/include/signal.h
:FILE /home/admin/Projects/embedded/ti/ti-cgt-c5500_4_4_1/include/slist
:FILE /home/admin/Projects/embedded/ti/ti-cgt-c5500_4_4_1/include/sstream
:FILE /home/admin/Projects/embedded/ti/ti-cgt-c5500_4_4_1/include/stack
:FILE /home/admin/Projects/embedded/ti/ti-cgt-c5500_4_4_1/include/stdarg.h
:FILE /home/admin/Projects/embedded/ti/ti-cgt-c5500_4_4_1/include/stdbool.h
:FILE /home/admin/Projects/embedded/ti/ti-cgt-c5500_4_4_1/include/stddef.h
:FILE /home/admin/Projects/embedded/ti/ti-cgt-c5500_4_4_1/include/stdexcept
:FILE /home/admin/Projects/embedded/ti/ti-cgt-c5500_4_4_1/include/stdint.h
:FILE /home/admin/Projects/embedded/ti/ti-cgt-c5500_4_4_1/include/stdio.h
:FILE /home/admin/Projects/embedded/ti/ti-cgt-c5500_4_4_1/include/stdiostream.h
:FILE /home/admin/Projects/embedded/ti/ti-cgt-c5500_4_4_1/include/stdlib.h
:FILE /home/admin/Projects/embedded/ti/ti-cgt-c5500_4_4_1/include/stl.h
:FILE /home/admin/Projects/embedded/ti/ti-cgt-c5500_4_4_1/include/streambuf
:FILE /home/admin/Projects/embedded/ti/ti-cgt-c5500_4_4_1/include/string
:FILE /home/admin/Projects/embedded/ti/ti-cgt-c5500_4_4_1/include/string.h
:FILE /home/admin/Projects/embedded/ti/ti-cgt-c5500_4_4_1/include/strstream
:FILE /home/admin/Projects/embedded/ti/ti-cgt-c5500_4_4_1/include/strstream.h
:FILE /home/admin/Projects/embedded/ti/ti-cgt-c5500_4_4_1/include/time.h
:FILE /home/admin/Projects/embedded/ti/ti-cgt-c5500_4_4_1/include/typeinfo
:FILE /home/admin/Projects/embedded/ti/ti-cgt-c5500_4_4_1/include/unaccess.h
:FILE /home/admin/Projects/embedded/ti/ti-cgt-c5500_4_4_1/include/utility
:FILE /home/admin/Projects/embedded/ti/ti-cgt-c5500_4_4_1/include/valarray
:FILE /home/admin/Projects/embedded/ti/ti-cgt-c5500_4_4_1/include/vector
:FILE /home/admin/Projects/embedded/ti/ti-cgt-c5500_4_4_1/include/wchar.h
:FILE /home/admin/Projects/embedded/ti/ti-cgt-c5500_4_4_1/include/wchar.hx
:FILE /home/admin/Projects/embedded/ti/ti-cgt-c5500_4_4_1/include/wctype.h
:FILE /home/admin/Projects/embedded/ti/ti-cgt-c5500_4_4_1/include/xcomplex
:FILE /home/admin/Projects/embedded/ti/ti-cgt-c5500_4_4_1/include/xdebug
:FILE /home/admin/Projects/embedded/ti/ti-cgt-c5500_4_4_1/include/xhash
:FILE /home/admin/Projects/embedded/ti/ti-cgt-c5500_4_4_1/include/xiosbase
:FILE /home/admin/Projects/embedded/ti/ti-cgt-c5500_4_4_1/include/xlocale
:FILE /home/admin/Projects/embedded/ti/ti-cgt-c5500_4_4_1/include/xlocinfo
:FILE /home/admin/Projects/embedded/ti/ti-cgt-c5500_4_4_1/include/xlocinfo.h
:FILE /home/admin/Projects/embedded/ti/ti-cgt-c5500_4_4_1/include/xlocmes
:FILE /home/admin/Projects/embedded/ti/ti-cgt-c5500_4_4_1/include/xlocmon
:FILE /home/admin/Projects/embedded/ti/ti-cgt-c5500_4_4_1/include/xlocnum
:FILE /home/admin/Projects/embedded/ti/ti-cgt-c5500_4_4_1/include/xloctime
:FILE /home/admin/Projects/embedded/ti/ti-cgt-c5500_4_4_1/include/xmemory
:FILE /home/admin/Projects/embedded/ti/ti-cgt-c5500_4_4_1/include/xstddef
:FILE /home/admin/Projects/embedded/ti/ti-cgt-c5500_4_4_1/include/xstring
:FILE /home/admin/Projects/embedded/ti/ti-cgt-c5500_4_4_1/include/xtree
:FILE /home/admin/Projects/embedded/ti/ti-cgt-c5500_4_4_1/include/xutility
:FILE /home/admin/Projects/embedded/ti/ti-cgt-c5500_4_4_1/include/xwcc.h
:FILE /home/admin/Projects/embedded/ti/ti-cgt-c5500_4_4_1/include/ymath.h
:FILE /home/admin/Projects/embedded/ti/ti-cgt-c5500_4_4_1/include/yvals.h
:DIR /home/admin/Projects/embedded/ti/ti-cgt-c5500_4_4_1/lib
:FILE /home/admin/Projects/embedded/ti/ti-cgt-c5500_4_4_1/lib/libc.a
:FILE /home/admin/Projects/embedded/ti/ti-cgt-c5500_4_4_1/lib/lnk.cmd
:FILE /home/admin/Projects/embedded/ti/ti-cgt-c5500_4_4_1/lib/mklib
:FILE /home/admin/Projects/embedded/ti/ti-cgt-c5500_4_4_1/lib/mklib.c
:FILE /home/admin/Projects/embedded/ti/ti-cgt-c5500_4_4_1/lib/mklib.exe
:FILE /home/admin/Projects/embedded/ti/ti-cgt-c5500_4_4_1/lib/rts55.lib
:FILE /home/admin/Projects/embedded/ti/ti-cgt-c5500_4_4_1/lib/rts55h.lib
:FILE /home/admin/Projects/embedded/ti/ti-cgt-c5500_4_4_1/lib/rts55x.lib
:FILE /home/admin/Projects/embedded/ti/ti-cgt-c5500_4_4_1/lib/RTS_4_4_1_Manifest.pdf
:FILE /home/admin/Projects/embedded/ti/ti-cgt-c5500_4_4_1/lib/rtssrc.zip
:DIR /home/admin/Projects/embedded/ti/ti-cgt-c5500_4_4_1/man
:DIR /home/admin/Projects/embedded/ti/ti-cgt-c5500_4_4_1/man/man1
:FILE /home/admin/Projects/embedded/ti/ti-cgt-c5500_4_4_1/man/man1/abs55.1
:FILE /home/admin/Projects/embedded/ti/ti-cgt-c5500_4_4_1/man/man1/acp55.1
:FILE /home/admin/Projects/embedded/ti/ti-cgt-c5500_4_4_1/man/man1/asm55.1
:FILE /home/admin/Projects/embedded/ti/ti-cgt-c5500_4_4_1/man/man1/asm55p.1
:FILE /home/admin/Projects/embedded/ti/ti-cgt-c5500_4_4_1/man/man1/cbe55.1
:FILE /home/admin/Projects/embedded/ti/ti-cgt-c5500_4_4_1/man/man1/cg55.1
:FILE /home/admin/Projects/embedded/ti/ti-cgt-c5500_4_4_1/man/man1/cg55p.1
:FILE /home/admin/Projects/embedded/ti/ti-cgt-c5500_4_4_1/man/man1/ci55.1
:FILE /home/admin/Projects/embedded/ti/ti-cgt-c5500_4_4_1/man/man1/cl55.1
:FILE /home/admin/Projects/embedded/ti/ti-cgt-c5500_4_4_1/man/man1/dis55.1
:FILE /home/admin/Projects/embedded/ti/ti-cgt-c5500_4_4_1/man/man1/embed55.1
:FILE /home/admin/Projects/embedded/ti/ti-cgt-c5500_4_4_1/man/man1/hex55.1
:FILE /home/admin/Projects/embedded/ti/ti-cgt-c5500_4_4_1/man/man1/ilk55.1
:FILE /home/admin/Projects/embedded/ti/ti-cgt-c5500_4_4_1/man/man1/libinfo55.1
:FILE /home/admin/Projects/embedded/ti/ti-cgt-c5500_4_4_1/man/man1/lnk55.1
:FILE /home/admin/Projects/embedded/ti/ti-cgt-c5500_4_4_1/man/man1/masm55.1
:FILE /home/admin/Projects/embedded/ti/ti-cgt-c5500_4_4_1/man/man1/nm55.1
:FILE /home/admin/Projects/embedded/ti/ti-cgt-c5500_4_4_1/man/man1/ofd55.1
:FILE /home/admin/Projects/embedded/ti/ti-cgt-c5500_4_4_1/man/man1/opt55.1
:FILE /home/admin/Projects/embedded/ti/ti-cgt-c5500_4_4_1/man/man1/strip55.1
:FILE /home/admin/Projects/embedded/ti/ti-cgt-c5500_4_4_1/man/man1/xref55.1
:FILE /home/admin/Projects/embedded/ti/ti-cgt-c5500_4_4_1/install.log
