Log started 07/07/2020 at 12:00:37
Preferred installation mode : gtk
Trying to init installer in mode xwindow
Trying to init installer in mode text
Mode text successfully initialized
Preparing to Install
Preparing to Install
Creating directory /home/admin/Projects/embedded/ti/ti-cgt-c6000_8.3.7
Unpacking files
Directory already exists: /home/admin/Projects/embedded/ti/ti-cgt-c6000_8.3.7
Creating directory /home/admin/Projects/embedded/ti/ti-cgt-c6000_8.3.7/include
Creating directory /home/admin/Projects/embedded/ti/ti-cgt-c6000_8.3.7/include/xlocale
Creating directory /home/admin/Projects/embedded/ti/ti-cgt-c6000_8.3.7/include/sys
Creating directory /home/admin/Projects/embedded/ti/ti-cgt-c6000_8.3.7/include/machine
Creating directory /home/admin/Projects/embedded/ti/ti-cgt-c6000_8.3.7/include/libcxx
Creating directory /home/admin/Projects/embedded/ti/ti-cgt-c6000_8.3.7/include/libcxx/include
Creating directory /home/admin/Projects/embedded/ti/ti-cgt-c6000_8.3.7/include/libcxx/support
Creating directory /home/admin/Projects/embedded/ti/ti-cgt-c6000_8.3.7/include/libcxx/support/runtime
Creating directory /home/admin/Projects/embedded/ti/ti-cgt-c6000_8.3.7/include/libcxx/support/ti
Creating directory /home/admin/Projects/embedded/ti/ti-cgt-c6000_8.3.7/include/libcxx/ext
Creating directory /home/admin/Projects/embedded/ti/ti-cgt-c6000_8.3.7/bin
Creating directory /home/admin/Projects/embedded/ti/ti-cgt-c6000_8.3.7/lib
Creating directory /home/admin/Projects/embedded/ti/ti-cgt-c6000_8.3.7/lib/src
Creating directory /home/admin/Projects/embedded/ti/ti-cgt-c6000_8.3.7/lib/src/xlocale
Creating directory /home/admin/Projects/embedded/ti/ti-cgt-c6000_8.3.7/lib/src/sys
Creating directory /home/admin/Projects/embedded/ti/ti-cgt-c6000_8.3.7/lib/src/machine
Creating directory /home/admin/Projects/embedded/ti/ti-cgt-c6000_8.3.7/lib/src/libcxx
Creating directory /home/admin/Projects/embedded/ti/ti-cgt-c6000_8.3.7/lib/src/libcxx/include
Creating directory /home/admin/Projects/embedded/ti/ti-cgt-c6000_8.3.7/lib/src/libcxx/support
Creating directory /home/admin/Projects/embedded/ti/ti-cgt-c6000_8.3.7/lib/src/libcxx/support/runtime
Creating directory /home/admin/Projects/embedded/ti/ti-cgt-c6000_8.3.7/lib/src/libcxx/support/ti
Creating directory /home/admin/Projects/embedded/ti/ti-cgt-c6000_8.3.7/lib/src/libcxx/ext
Creating directory /home/admin/Projects/embedded/ti/ti-cgt-c6000_8.3.7/man
Creating directory /home/admin/Projects/embedded/ti/ti-cgt-c6000_8.3.7/man/man1
Unpacking files
Unpacking /home/admin/Projects/embedded/ti/ti-cgt-c6000_8.3.7/misra.txt
Unpacking /home/admin/Projects/embedded/ti/ti-cgt-c6000_8.3.7/ti-cgt-c6x_8.3.x_5FDC816B-30B6-4B31-9877-A6030C53DA1B.spdx
Unpacking /home/admin/Projects/embedded/ti/ti-cgt-c6000_8.3.7/README.html
Unpacking /home/admin/Projects/embedded/ti/ti-cgt-c6000_8.3.7/C6000CodeGenerationTools_8.3.x_manifest.html
Unpacking /home/admin/Projects/embedded/ti/ti-cgt-c6000_8.3.7/include/_stdint40.h
Unpacking /home/admin/Projects/embedded/ti/ti-cgt-c6000_8.3.7/include/typeinfo.stdh
Unpacking /home/admin/Projects/embedded/ti/ti-cgt-c6000_8.3.7/include/stdint.h
Unpacking /home/admin/Projects/embedded/ti/ti-cgt-c6000_8.3.7/include/stddef.h
Unpacking /home/admin/Projects/embedded/ti/ti-cgt-c6000_8.3.7/include/wctype.h
Unpacking /home/admin/Projects/embedded/ti/ti-cgt-c6000_8.3.7/include/trgdrv.h
Unpacking /home/admin/Projects/embedded/ti/ti-cgt-c6000_8.3.7/include/lowlev.h
Unpacking /home/admin/Projects/embedded/ti/ti-cgt-c6000_8.3.7/include/tgmath.h
Unpacking /home/admin/Projects/embedded/ti/ti-cgt-c6000_8.3.7/include/_fmt_specifier.h
Unpacking /home/admin/Projects/embedded/ti/ti-cgt-c6000_8.3.7/include/_mutex.h
Unpacking /home/admin/Projects/embedded/ti/ti-cgt-c6000_8.3.7/include/_bsdmath.h
Unpacking /home/admin/Projects/embedded/ti/ti-cgt-c6000_8.3.7/include/abi_prefix.h
Unpacking /home/admin/Projects/embedded/ti/ti-cgt-c6000_8.3.7/include/assert.h
Unpacking /home/admin/Projects/embedded/ti/ti-cgt-c6000_8.3.7/include/stdarg.h
Unpacking /home/admin/Projects/embedded/ti/ti-cgt-c6000_8.3.7/include/_pthread.h
Unpacking /home/admin/Projects/embedded/ti/ti-cgt-c6000_8.3.7/include/new.stdh
Unpacking /home/admin/Projects/embedded/ti/ti-cgt-c6000_8.3.7/include/errno.h
Unpacking /home/admin/Projects/embedded/ti/ti-cgt-c6000_8.3.7/include/string.h
Unpacking /home/admin/Projects/embedded/ti/ti-cgt-c6000_8.3.7/include/gsm.h
Unpacking /home/admin/Projects/embedded/ti/ti-cgt-c6000_8.3.7/include/_tls.h
Unpacking /home/admin/Projects/embedded/ti/ti-cgt-c6000_8.3.7/include/c6x.h
Unpacking /home/admin/Projects/embedded/ti/ti-cgt-c6000_8.3.7/include/c6x_vec.h
Unpacking /home/admin/Projects/embedded/ti/ti-cgt-c6000_8.3.7/include/vect.h
Unpacking /home/admin/Projects/embedded/ti/ti-cgt-c6000_8.3.7/include/pprof.h
Unpacking /home/admin/Projects/embedded/ti/ti-cgt-c6000_8.3.7/include/setjmp.h
Unpacking /home/admin/Projects/embedded/ti/ti-cgt-c6000_8.3.7/include/file.h
Unpacking /home/admin/Projects/embedded/ti/ti-cgt-c6000_8.3.7/include/elf_linkage.h
Unpacking /home/admin/Projects/embedded/ti/ti-cgt-c6000_8.3.7/include/locale.h
Unpacking /home/admin/Projects/embedded/ti/ti-cgt-c6000_8.3.7/include/elfnames.h
Unpacking /home/admin/Projects/embedded/ti/ti-cgt-c6000_8.3.7/include/signal.h
Unpacking /home/admin/Projects/embedded/ti/ti-cgt-c6000_8.3.7/include/cxxabi.h
Unpacking /home/admin/Projects/embedded/ti/ti-cgt-c6000_8.3.7/include/fenv-softfloat.h
Unpacking /home/admin/Projects/embedded/ti/ti-cgt-c6000_8.3.7/include/mathl.h
Unpacking /home/admin/Projects/embedded/ti/ti-cgt-c6000_8.3.7/include/_reg_mutex_api.h
Unpacking /home/admin/Projects/embedded/ti/ti-cgt-c6000_8.3.7/include/linkage.h
Unpacking /home/admin/Projects/embedded/ti/ti-cgt-c6000_8.3.7/include/stdio.h
Unpacking /home/admin/Projects/embedded/ti/ti-cgt-c6000_8.3.7/include/ctype.h
Unpacking /home/admin/Projects/embedded/ti/ti-cgt-c6000_8.3.7/include/_lock.h
Unpacking /home/admin/Projects/embedded/ti/ti-cgt-c6000_8.3.7/include/inttypes.h
Unpacking /home/admin/Projects/embedded/ti/ti-cgt-c6000_8.3.7/include/_isfuncdcl.h
Unpacking /home/admin/Projects/embedded/ti/ti-cgt-c6000_8.3.7/include/stdlib.h
Unpacking /home/admin/Projects/embedded/ti/ti-cgt-c6000_8.3.7/include/mathf.h
Unpacking /home/admin/Projects/embedded/ti/ti-cgt-c6000_8.3.7/include/time.h
Unpacking /home/admin/Projects/embedded/ti/ti-cgt-c6000_8.3.7/include/exception.stdh
Unpacking /home/admin/Projects/embedded/ti/ti-cgt-c6000_8.3.7/include/_isfuncdef.h
Unpacking /home/admin/Projects/embedded/ti/ti-cgt-c6000_8.3.7/include/math.h
Unpacking /home/admin/Projects/embedded/ti/ti-cgt-c6000_8.3.7/include/_reg_synch_api.h
Unpacking /home/admin/Projects/embedded/ti/ti-cgt-c6000_8.3.7/include/cpy_tbl.h
Unpacking /home/admin/Projects/embedded/ti/ti-cgt-c6000_8.3.7/include/complex.h
Unpacking /home/admin/Projects/embedded/ti/ti-cgt-c6000_8.3.7/include/fenv.h
Unpacking /home/admin/Projects/embedded/ti/ti-cgt-c6000_8.3.7/include/wchar.h
Unpacking /home/admin/Projects/embedded/ti/ti-cgt-c6000_8.3.7/include/_defs.h
Unpacking /home/admin/Projects/embedded/ti/ti-cgt-c6000_8.3.7/include/strings.h
Unpacking /home/admin/Projects/embedded/ti/ti-cgt-c6000_8.3.7/include/iso646.h
Unpacking /home/admin/Projects/embedded/ti/ti-cgt-c6000_8.3.7/include/stdbool.h
Unpacking /home/admin/Projects/embedded/ti/ti-cgt-c6000_8.3.7/include/c60asm.i
Unpacking /home/admin/Projects/embedded/ti/ti-cgt-c6000_8.3.7/include/cpp_inline_math.h
Unpacking /home/admin/Projects/embedded/ti/ti-cgt-c6000_8.3.7/include/_data_synch.h
Unpacking /home/admin/Projects/embedded/ti/ti-cgt-c6000_8.3.7/include/float.h
Unpacking /home/admin/Projects/embedded/ti/ti-cgt-c6000_8.3.7/include/limits.h
Unpacking /home/admin/Projects/embedded/ti/ti-cgt-c6000_8.3.7/include/_ti_config.h
Unpacking /home/admin/Projects/embedded/ti/ti-cgt-c6000_8.3.7/include/xlocale.h
Unpacking /home/admin/Projects/embedded/ti/ti-cgt-c6000_8.3.7/include/xlocale/_monetary.h
Unpacking /home/admin/Projects/embedded/ti/ti-cgt-c6000_8.3.7/include/xlocale/_string.h
Unpacking /home/admin/Projects/embedded/ti/ti-cgt-c6000_8.3.7/include/xlocale/_stdlib.h
Unpacking /home/admin/Projects/embedded/ti/ti-cgt-c6000_8.3.7/include/xlocale/_langinfo.h
Unpacking /home/admin/Projects/embedded/ti/ti-cgt-c6000_8.3.7/include/xlocale/_stdio.h
Unpacking /home/admin/Projects/embedded/ti/ti-cgt-c6000_8.3.7/include/xlocale/_ctype.h
Unpacking /home/admin/Projects/embedded/ti/ti-cgt-c6000_8.3.7/include/xlocale/_locale.h
Unpacking /home/admin/Projects/embedded/ti/ti-cgt-c6000_8.3.7/include/xlocale/_inttypes.h
Unpacking /home/admin/Projects/embedded/ti/ti-cgt-c6000_8.3.7/include/xlocale/_time.h
Unpacking /home/admin/Projects/embedded/ti/ti-cgt-c6000_8.3.7/include/xlocale/_wchar.h
Unpacking /home/admin/Projects/embedded/ti/ti-cgt-c6000_8.3.7/include/sys/stdint.h
Unpacking /home/admin/Projects/embedded/ti/ti-cgt-c6000_8.3.7/include/sys/_types.h
Unpacking /home/admin/Projects/embedded/ti/ti-cgt-c6000_8.3.7/include/sys/cdefs.h
Unpacking /home/admin/Projects/embedded/ti/ti-cgt-c6000_8.3.7/include/sys/_timespec.h
Unpacking /home/admin/Projects/embedded/ti/ti-cgt-c6000_8.3.7/include/sys/_null.h
Unpacking /home/admin/Projects/embedded/ti/ti-cgt-c6000_8.3.7/include/sys/_stdint.h
Unpacking /home/admin/Projects/embedded/ti/ti-cgt-c6000_8.3.7/include/sys/timespec.h
Unpacking /home/admin/Projects/embedded/ti/ti-cgt-c6000_8.3.7/include/sys/select.h
Unpacking /home/admin/Projects/embedded/ti/ti-cgt-c6000_8.3.7/include/sys/_timeval.h
Unpacking /home/admin/Projects/embedded/ti/ti-cgt-c6000_8.3.7/include/sys/_sigset.h
Unpacking /home/admin/Projects/embedded/ti/ti-cgt-c6000_8.3.7/include/sys/types.h
Unpacking /home/admin/Projects/embedded/ti/ti-cgt-c6000_8.3.7/include/machine/_types.h
Unpacking /home/admin/Projects/embedded/ti/ti-cgt-c6000_8.3.7/include/machine/_limits.h
Unpacking /home/admin/Projects/embedded/ti/ti-cgt-c6000_8.3.7/include/machine/endian.h
Unpacking /home/admin/Projects/embedded/ti/ti-cgt-c6000_8.3.7/include/machine/_stdint.h
Unpacking /home/admin/Projects/embedded/ti/ti-cgt-c6000_8.3.7/include/machine/_inttypes.h
Unpacking /home/admin/Projects/embedded/ti/ti-cgt-c6000_8.3.7/include/libcxx/stdint.h
Unpacking /home/admin/Projects/embedded/ti/ti-cgt-c6000_8.3.7/include/libcxx/memory
Unpacking /home/admin/Projects/embedded/ti/ti-cgt-c6000_8.3.7/include/libcxx/__bsd_locale_defaults.h
Unpacking /home/admin/Projects/embedded/ti/ti-cgt-c6000_8.3.7/include/libcxx/cwchar
Unpacking /home/admin/Projects/embedded/ti/ti-cgt-c6000_8.3.7/include/libcxx/cerrno
Unpacking /home/admin/Projects/embedded/ti/ti-cgt-c6000_8.3.7/include/libcxx/__config
Unpacking /home/admin/Projects/embedded/ti/ti-cgt-c6000_8.3.7/include/libcxx/stddef.h
Unpacking /home/admin/Projects/embedded/ti/ti-cgt-c6000_8.3.7/include/libcxx/strstream
Unpacking /home/admin/Projects/embedded/ti/ti-cgt-c6000_8.3.7/include/libcxx/cctype
Unpacking /home/admin/Projects/embedded/ti/ti-cgt-c6000_8.3.7/include/libcxx/map
Unpacking /home/admin/Projects/embedded/ti/ti-cgt-c6000_8.3.7/include/libcxx/wctype.h
Unpacking /home/admin/Projects/embedded/ti/ti-cgt-c6000_8.3.7/include/libcxx/cstddef
Unpacking /home/admin/Projects/embedded/ti/ti-cgt-c6000_8.3.7/include/libcxx/__libcxx_extra.h
Unpacking /home/admin/Projects/embedded/ti/ti-cgt-c6000_8.3.7/include/libcxx/iosfwd
Unpacking /home/admin/Projects/embedded/ti/ti-cgt-c6000_8.3.7/include/libcxx/istream
Unpacking /home/admin/Projects/embedded/ti/ti-cgt-c6000_8.3.7/include/libcxx/iostream
Unpacking /home/admin/Projects/embedded/ti/ti-cgt-c6000_8.3.7/include/libcxx/streambuf
Unpacking /home/admin/Projects/embedded/ti/ti-cgt-c6000_8.3.7/include/libcxx/cstdarg
Unpacking /home/admin/Projects/embedded/ti/ti-cgt-c6000_8.3.7/include/libcxx/tgmath.h
Unpacking /home/admin/Projects/embedded/ti/ti-cgt-c6000_8.3.7/include/libcxx/algorithm
Unpacking /home/admin/Projects/embedded/ti/ti-cgt-c6000_8.3.7/include/libcxx/__config_site
Unpacking /home/admin/Projects/embedded/ti/ti-cgt-c6000_8.3.7/include/libcxx/ccomplex
Unpacking /home/admin/Projects/embedded/ti/ti-cgt-c6000_8.3.7/include/libcxx/regex
Unpacking /home/admin/Projects/embedded/ti/ti-cgt-c6000_8.3.7/include/libcxx/string
Unpacking /home/admin/Projects/embedded/ti/ti-cgt-c6000_8.3.7/include/libcxx/chrono
Unpacking /home/admin/Projects/embedded/ti/ti-cgt-c6000_8.3.7/include/libcxx/ios
Unpacking /home/admin/Projects/embedded/ti/ti-cgt-c6000_8.3.7/include/libcxx/cinttypes
Unpacking /home/admin/Projects/embedded/ti/ti-cgt-c6000_8.3.7/include/libcxx/exception
Unpacking /home/admin/Projects/embedded/ti/ti-cgt-c6000_8.3.7/include/libcxx/__threading_support
Unpacking /home/admin/Projects/embedded/ti/ti-cgt-c6000_8.3.7/include/libcxx/__functional_base
Unpacking /home/admin/Projects/embedded/ti/ti-cgt-c6000_8.3.7/include/libcxx/mutex
Unpacking /home/admin/Projects/embedded/ti/ti-cgt-c6000_8.3.7/include/libcxx/string_view
Unpacking /home/admin/Projects/embedded/ti/ti-cgt-c6000_8.3.7/include/libcxx/bitset
Unpacking /home/admin/Projects/embedded/ti/ti-cgt-c6000_8.3.7/include/libcxx/array
Unpacking /home/admin/Projects/embedded/ti/ti-cgt-c6000_8.3.7/include/libcxx/__mutex_base
Unpacking /home/admin/Projects/embedded/ti/ti-cgt-c6000_8.3.7/include/libcxx/errno.h
Unpacking /home/admin/Projects/embedded/ti/ti-cgt-c6000_8.3.7/include/libcxx/string.h
Unpacking /home/admin/Projects/embedded/ti/ti-cgt-c6000_8.3.7/include/libcxx/cmath
Unpacking /home/admin/Projects/embedded/ti/ti-cgt-c6000_8.3.7/include/libcxx/__hash_table
Unpacking /home/admin/Projects/embedded/ti/ti-cgt-c6000_8.3.7/include/libcxx/stack
Unpacking /home/admin/Projects/embedded/ti/ti-cgt-c6000_8.3.7/include/libcxx/system_error
Unpacking /home/admin/Projects/embedded/ti/ti-cgt-c6000_8.3.7/include/libcxx/clocale
Unpacking /home/admin/Projects/embedded/ti/ti-cgt-c6000_8.3.7/include/libcxx/locale
Unpacking /home/admin/Projects/embedded/ti/ti-cgt-c6000_8.3.7/include/libcxx/csetjmp
Unpacking /home/admin/Projects/embedded/ti/ti-cgt-c6000_8.3.7/include/libcxx/deque
Unpacking /home/admin/Projects/embedded/ti/ti-cgt-c6000_8.3.7/include/libcxx/cstdint
Unpacking /home/admin/Projects/embedded/ti/ti-cgt-c6000_8.3.7/include/libcxx/__tuple
Unpacking /home/admin/Projects/embedded/ti/ti-cgt-c6000_8.3.7/include/libcxx/queue
Unpacking /home/admin/Projects/embedded/ti/ti-cgt-c6000_8.3.7/include/libcxx/setjmp.h
Unpacking /home/admin/Projects/embedded/ti/ti-cgt-c6000_8.3.7/include/libcxx/cstdio
Unpacking /home/admin/Projects/embedded/ti/ti-cgt-c6000_8.3.7/include/libcxx/sstream
Unpacking /home/admin/Projects/embedded/ti/ti-cgt-c6000_8.3.7/include/libcxx/numeric
Unpacking /home/admin/Projects/embedded/ti/ti-cgt-c6000_8.3.7/include/libcxx/locale.h
Unpacking /home/admin/Projects/embedded/ti/ti-cgt-c6000_8.3.7/include/libcxx/ctgmath
Unpacking /home/admin/Projects/embedded/ti/ti-cgt-c6000_8.3.7/include/libcxx/cfloat
Unpacking /home/admin/Projects/embedded/ti/ti-cgt-c6000_8.3.7/include/libcxx/__bit_reference
Unpacking /home/admin/Projects/embedded/ti/ti-cgt-c6000_8.3.7/include/libcxx/new
Unpacking /home/admin/Projects/embedded/ti/ti-cgt-c6000_8.3.7/include/libcxx/__locale
Unpacking /home/admin/Projects/embedded/ti/ti-cgt-c6000_8.3.7/include/libcxx/__split_buffer
Unpacking /home/admin/Projects/embedded/ti/ti-cgt-c6000_8.3.7/include/libcxx/__string
Unpacking /home/admin/Projects/embedded/ti/ti-cgt-c6000_8.3.7/include/libcxx/initializer_list
Unpacking /home/admin/Projects/embedded/ti/ti-cgt-c6000_8.3.7/include/libcxx/fstream
Unpacking /home/admin/Projects/embedded/ti/ti-cgt-c6000_8.3.7/include/libcxx/random
Unpacking /home/admin/Projects/embedded/ti/ti-cgt-c6000_8.3.7/include/libcxx/stdio.h
Unpacking /home/admin/Projects/embedded/ti/ti-cgt-c6000_8.3.7/include/libcxx/functional
Unpacking /home/admin/Projects/embedded/ti/ti-cgt-c6000_8.3.7/include/libcxx/limits
Unpacking /home/admin/Projects/embedded/ti/ti-cgt-c6000_8.3.7/include/libcxx/cstdlib
Unpacking /home/admin/Projects/embedded/ti/ti-cgt-c6000_8.3.7/include/libcxx/__undef_macros
Unpacking /home/admin/Projects/embedded/ti/ti-cgt-c6000_8.3.7/include/libcxx/ctype.h
Unpacking /home/admin/Projects/embedded/ti/ti-cgt-c6000_8.3.7/include/libcxx/inttypes.h
Unpacking /home/admin/Projects/embedded/ti/ti-cgt-c6000_8.3.7/include/libcxx/stdlib.h
Unpacking /home/admin/Projects/embedded/ti/ti-cgt-c6000_8.3.7/include/libcxx/ciso646
Unpacking /home/admin/Projects/embedded/ti/ti-cgt-c6000_8.3.7/include/libcxx/ratio
Unpacking /home/admin/Projects/embedded/ti/ti-cgt-c6000_8.3.7/include/libcxx/condition_variable
Unpacking /home/admin/Projects/embedded/ti/ti-cgt-c6000_8.3.7/include/libcxx/cstdbool
Unpacking /home/admin/Projects/embedded/ti/ti-cgt-c6000_8.3.7/include/libcxx/math.h
Unpacking /home/admin/Projects/embedded/ti/ti-cgt-c6000_8.3.7/include/libcxx/__nullptr
Unpacking /home/admin/Projects/embedded/ti/ti-cgt-c6000_8.3.7/include/libcxx/cstring
Unpacking /home/admin/Projects/embedded/ti/ti-cgt-c6000_8.3.7/include/libcxx/ostream
Unpacking /home/admin/Projects/embedded/ti/ti-cgt-c6000_8.3.7/include/libcxx/complex.h
Unpacking /home/admin/Projects/embedded/ti/ti-cgt-c6000_8.3.7/include/libcxx/tuple
Unpacking /home/admin/Projects/embedded/ti/ti-cgt-c6000_8.3.7/include/libcxx/ctime
Unpacking /home/admin/Projects/embedded/ti/ti-cgt-c6000_8.3.7/include/libcxx/stdexcept
Unpacking /home/admin/Projects/embedded/ti/ti-cgt-c6000_8.3.7/include/libcxx/wchar.h
Unpacking /home/admin/Projects/embedded/ti/ti-cgt-c6000_8.3.7/include/libcxx/cfenv
Unpacking /home/admin/Projects/embedded/ti/ti-cgt-c6000_8.3.7/include/libcxx/cassert
Unpacking /home/admin/Projects/embedded/ti/ti-cgt-c6000_8.3.7/include/libcxx/climits
Unpacking /home/admin/Projects/embedded/ti/ti-cgt-c6000_8.3.7/include/libcxx/stdbool.h
Unpacking /home/admin/Projects/embedded/ti/ti-cgt-c6000_8.3.7/include/libcxx/cwctype
Unpacking /home/admin/Projects/embedded/ti/ti-cgt-c6000_8.3.7/include/libcxx/complex
Unpacking /home/admin/Projects/embedded/ti/ti-cgt-c6000_8.3.7/include/libcxx/float.h
Unpacking /home/admin/Projects/embedded/ti/ti-cgt-c6000_8.3.7/include/libcxx/codecvt
Unpacking /home/admin/Projects/embedded/ti/ti-cgt-c6000_8.3.7/include/libcxx/limits.h
Unpacking /home/admin/Projects/embedded/ti/ti-cgt-c6000_8.3.7/include/libcxx/__tree
Unpacking /home/admin/Projects/embedded/ti/ti-cgt-c6000_8.3.7/include/libcxx/list
Unpacking /home/admin/Projects/embedded/ti/ti-cgt-c6000_8.3.7/include/libcxx/set
Unpacking /home/admin/Projects/embedded/ti/ti-cgt-c6000_8.3.7/include/libcxx/forward_list
Unpacking /home/admin/Projects/embedded/ti/ti-cgt-c6000_8.3.7/include/libcxx/__debug
Unpacking /home/admin/Projects/embedded/ti/ti-cgt-c6000_8.3.7/include/libcxx/csignal
Unpacking /home/admin/Projects/embedded/ti/ti-cgt-c6000_8.3.7/include/libcxx/iterator
Unpacking /home/admin/Projects/embedded/ti/ti-cgt-c6000_8.3.7/include/libcxx/iomanip
Unpacking /home/admin/Projects/embedded/ti/ti-cgt-c6000_8.3.7/include/libcxx/scoped_allocator
Unpacking /home/admin/Projects/embedded/ti/ti-cgt-c6000_8.3.7/include/libcxx/support/ti/__locale_fallback.h
Unpacking /home/admin/Projects/embedded/ti/ti-cgt-c6000_8.3.7/include/libcxx/support/ti/support.h
Unpacking /home/admin/Projects/embedded/ti/ti-cgt-c6000_8.3.7/include/libcxx/support/ti/__limit_defs.h
Unpacking /home/admin/Projects/embedded/ti/ti-cgt-c6000_8.3.7/include/libcxx/ext/hash_map
Unpacking /home/admin/Projects/embedded/ti/ti-cgt-c6000_8.3.7/include/libcxx/ext/__hash
Unpacking /home/admin/Projects/embedded/ti/ti-cgt-c6000_8.3.7/include/libcxx/ext/hash_set
Unpacking /home/admin/Projects/embedded/ti/ti-cgt-c6000_8.3.7/bin/ilk6x
Unpacking /home/admin/Projects/embedded/ti/ti-cgt-c6000_8.3.7/bin/ap6x3
Unpacking /home/admin/Projects/embedded/ti/ti-cgt-c6000_8.3.7/bin/asm6x
Unpacking /home/admin/Projects/embedded/ti/ti-cgt-c6000_8.3.7/bin/libinfo6x
Unpacking /home/admin/Projects/embedded/ti/ti-cgt-c6000_8.3.7/bin/abs6x
Unpacking /home/admin/Projects/embedded/ti/ti-cgt-c6000_8.3.7/bin/ar6x
Unpacking /home/admin/Projects/embedded/ti/ti-cgt-c6000_8.3.7/bin/ofd6x
Unpacking /home/admin/Projects/embedded/ti/ti-cgt-c6000_8.3.7/bin/lnk6x
Unpacking /home/admin/Projects/embedded/ti/ti-cgt-c6000_8.3.7/bin/cg6x
Unpacking /home/admin/Projects/embedded/ti/ti-cgt-c6000_8.3.7/bin/ci6x
Unpacking /home/admin/Projects/embedded/ti/ti-cgt-c6000_8.3.7/bin/pprof6x
Unpacking /home/admin/Projects/embedded/ti/ti-cgt-c6000_8.3.7/bin/omps2s6x
Unpacking /home/admin/Projects/embedded/ti/ti-cgt-c6000_8.3.7/bin/strip6x
Unpacking /home/admin/Projects/embedded/ti/ti-cgt-c6000_8.3.7/bin/acpia6x
Unpacking /home/admin/Projects/embedded/ti/ti-cgt-c6000_8.3.7/bin/cl6x
Unpacking /home/admin/Projects/embedded/ti/ti-cgt-c6000_8.3.7/bin/prelink6x
Unpacking /home/admin/Projects/embedded/ti/ti-cgt-c6000_8.3.7/bin/ap6x
Unpacking /home/admin/Projects/embedded/ti/ti-cgt-c6000_8.3.7/include/libcxx/variant
Unpacking /home/admin/Projects/embedded/ti/ti-cgt-c6000_8.3.7/include/libcxx/unordered_map
Unpacking /home/admin/Projects/embedded/ti/ti-cgt-c6000_8.3.7/include/libcxx/vector
Unpacking /home/admin/Projects/embedded/ti/ti-cgt-c6000_8.3.7/include/libcxx/utility
Unpacking /home/admin/Projects/embedded/ti/ti-cgt-c6000_8.3.7/include/libcxx/valarray
Unpacking /home/admin/Projects/embedded/ti/ti-cgt-c6000_8.3.7/include/libcxx/unordered_set
Unpacking /home/admin/Projects/embedded/ti/ti-cgt-c6000_8.3.7/include/libcxx/typeinfo
Unpacking /home/admin/Projects/embedded/ti/ti-cgt-c6000_8.3.7/include/libcxx/type_traits
Unpacking /home/admin/Projects/embedded/ti/ti-cgt-c6000_8.3.7/include/libcxx/typeindex
Unpacking /home/admin/Projects/embedded/ti/ti-cgt-c6000_8.3.7/bin/xref6x
Unpacking /home/admin/Projects/embedded/ti/ti-cgt-c6000_8.3.7/bin/dem6x
Unpacking /home/admin/Projects/embedded/ti/ti-cgt-c6000_8.3.7/bin/clist6x
Unpacking /home/admin/Projects/embedded/ti/ti-cgt-c6000_8.3.7/bin/hex6x
Unpacking /home/admin/Projects/embedded/ti/ti-cgt-c6000_8.3.7/bin/cmp6x
Unpacking /home/admin/Projects/embedded/ti/ti-cgt-c6000_8.3.7/bin/opt6x
Unpacking /home/admin/Projects/embedded/ti/ti-cgt-c6000_8.3.7/bin/clt6x
Unpacking /home/admin/Projects/embedded/ti/ti-cgt-c6000_8.3.7/bin/dis6x
Unpacking /home/admin/Projects/embedded/ti/ti-cgt-c6000_8.3.7/bin/nm6x
Unpacking /home/admin/Projects/embedded/ti/ti-cgt-c6000_8.3.7/bin/embed6x
Unpacking /home/admin/Projects/embedded/ti/ti-cgt-c6000_8.3.7/bin/cg6x3
Unpacking /home/admin/Projects/embedded/ti/ti-cgt-c6000_8.3.7/bin/acpll6x
Unpacking /home/admin/Projects/embedded/ti/ti-cgt-c6000_8.3.7/bin/pdd6x
Unpacking /home/admin/Projects/embedded/ti/ti-cgt-c6000_8.3.7/lib/rts6740_elf.lib
Unpacking /home/admin/Projects/embedded/ti/ti-cgt-c6000_8.3.7/lib/rts64plus_elf.lib
Unpacking /home/admin/Projects/embedded/ti/ti-cgt-c6000_8.3.7/lib/rts6740e_elf.lib
Unpacking /home/admin/Projects/embedded/ti/ti-cgt-c6000_8.3.7/lib/rts6600_elf.lib
Unpacking /home/admin/Projects/embedded/ti/ti-cgt-c6000_8.3.7/lib/rts6600e_elf.lib
Unpacking /home/admin/Projects/embedded/ti/ti-cgt-c6000_8.3.7/lib/rts64pluse_elf.lib
Unpacking /home/admin/Projects/embedded/ti/ti-cgt-c6000_8.3.7/lib/libc.a
Unpacking /home/admin/Projects/embedded/ti/ti-cgt-c6000_8.3.7/lib/lnk.cmd
Unpacking /home/admin/Projects/embedded/ti/ti-cgt-c6000_8.3.7/lib/rts6600e_elf_mt.lib
Unpacking /home/admin/Projects/embedded/ti/ti-cgt-c6000_8.3.7/lib/rts6600_elf_mt.lib
Unpacking /home/admin/Projects/embedded/ti/ti-cgt-c6000_8.3.7/lib/mklib
Unpacking /home/admin/Projects/embedded/ti/ti-cgt-c6000_8.3.7/lib/mklib.c
Unpacking /home/admin/Projects/embedded/ti/ti-cgt-c6000_8.3.7/lib/src/fabsf.c
Unpacking /home/admin/Projects/embedded/ti/ti-cgt-c6000_8.3.7/lib/src/fclose.c
Unpacking /home/admin/Projects/embedded/ti/ti-cgt-c6000_8.3.7/lib/src/neqlf.c
Unpacking /home/admin/Projects/embedded/ti/ti-cgt-c6000_8.3.7/lib/src/_stdint40.h
Unpacking /home/admin/Projects/embedded/ti/ti-cgt-c6000_8.3.7/lib/src/decode.c
Unpacking /home/admin/Projects/embedded/ti/ti-cgt-c6000_8.3.7/lib/src/time.c
Unpacking /home/admin/Projects/embedded/ti/ti-cgt-c6000_8.3.7/lib/src/sinh.c
Unpacking /home/admin/Projects/embedded/ti/ti-cgt-c6000_8.3.7/lib/src/tmpnam.c
Unpacking /home/admin/Projects/embedded/ti/ti-cgt-c6000_8.3.7/lib/src/remi.asm
Unpacking /home/admin/Projects/embedded/ti/ti-cgt-c6000_8.3.7/lib/src/typeinfo.stdh
Unpacking /home/admin/Projects/embedded/ti/ti-cgt-c6000_8.3.7/lib/src/stdint.h
Unpacking /home/admin/Projects/embedded/ti/ti-cgt-c6000_8.3.7/lib/src/isnormalf.c
Unpacking /home/admin/Projects/embedded/ti/ti-cgt-c6000_8.3.7/lib/src/isinf.c
Unpacking /home/admin/Projects/embedded/ti/ti-cgt-c6000_8.3.7/lib/src/strcasecmp.c
Unpacking /home/admin/Projects/embedded/ti/ti-cgt-c6000_8.3.7/lib/src/strchr.c
Unpacking /home/admin/Projects/embedded/ti/ti-cgt-c6000_8.3.7/lib/src/modff_i.h
Unpacking /home/admin/Projects/embedded/ti/ti-cgt-c6000_8.3.7/lib/src/remu.asm
Unpacking /home/admin/Projects/embedded/ti/ti-cgt-c6000_8.3.7/lib/src/floorf_i.h
Unpacking /home/admin/Projects/embedded/ti/ti-cgt-c6000_8.3.7/lib/src/acothf.c
Unpacking /home/admin/Projects/embedded/ti/ti-cgt-c6000_8.3.7/lib/src/_mutex.c
Unpacking /home/admin/Projects/embedded/ti/ti-cgt-c6000_8.3.7/lib/src/k_cosf.c
Unpacking /home/admin/Projects/embedded/ti/ti-cgt-c6000_8.3.7/lib/src/strcspn.c
Unpacking /home/admin/Projects/embedded/ti/ti-cgt-c6000_8.3.7/lib/src/divrem.c
Unpacking /home/admin/Projects/embedded/ti/ti-cgt-c6000_8.3.7/lib/src/isdigit.c
Unpacking /home/admin/Projects/embedded/ti/ti-cgt-c6000_8.3.7/lib/src/strspn.c
Unpacking /home/admin/Projects/embedded/ti/ti-cgt-c6000_8.3.7/lib/src/k_log.h
Unpacking /home/admin/Projects/embedded/ti/ti-cgt-c6000_8.3.7/lib/src/asinhf_i.h
Unpacking /home/admin/Projects/embedded/ti/ti-cgt-c6000_8.3.7/lib/src/ltoa.c
Unpacking /home/admin/Projects/embedded/ti/ti-cgt-c6000_8.3.7/lib/src/e_lgamma.c
Unpacking /home/admin/Projects/embedded/ti/ti-cgt-c6000_8.3.7/lib/src/pre_init.c
Unpacking /home/admin/Projects/embedded/ti/ti-cgt-c6000_8.3.7/lib/src/s_cargl.c
Unpacking /home/admin/Projects/embedded/ti/ti-cgt-c6000_8.3.7/lib/src/difftime64.c
Unpacking /home/admin/Projects/embedded/ti/ti-cgt-c6000_8.3.7/lib/src/dtor_list.c
Unpacking /home/admin/Projects/embedded/ti/ti-cgt-c6000_8.3.7/lib/src/s_crealf.c
Unpacking /home/admin/Projects/embedded/ti/ti-cgt-c6000_8.3.7/lib/src/s_scalbln.c
Unpacking /home/admin/Projects/embedded/ti/ti-cgt-c6000_8.3.7/lib/src/error.c
Unpacking /home/admin/Projects/embedded/ti/ti-cgt-c6000_8.3.7/lib/src/s_fdim.c
Unpacking /home/admin/Projects/embedded/ti/ti-cgt-c6000_8.3.7/lib/src/frexpf_i.h
Unpacking /home/admin/Projects/embedded/ti/ti-cgt-c6000_8.3.7/lib/src/fltif.c
Unpacking /home/admin/Projects/embedded/ti/ti-cgt-c6000_8.3.7/lib/src/formi64.h
Unpacking /home/admin/Projects/embedded/ti/ti-cgt-c6000_8.3.7/lib/src/fflush.c
Unpacking /home/admin/Projects/embedded/ti/ti-cgt-c6000_8.3.7/lib/src/k_tanf.c
Unpacking /home/admin/Projects/embedded/ti/ti-cgt-c6000_8.3.7/lib/src/fltllid.c
Unpacking /home/admin/Projects/embedded/ti/ti-cgt-c6000_8.3.7/lib/src/dtos.c
Unpacking /home/admin/Projects/embedded/ti/ti-cgt-c6000_8.3.7/lib/src/powif.c
Unpacking /home/admin/Projects/embedded/ti/ti-cgt-c6000_8.3.7/lib/src/frcmpyd_div.c
Unpacking /home/admin/Projects/embedded/ti/ti-cgt-c6000_8.3.7/lib/src/s_lrintf.c
Unpacking /home/admin/Projects/embedded/ti/ti-cgt-c6000_8.3.7/lib/src/renormf_i.h
Unpacking /home/admin/Projects/embedded/ti/ti-cgt-c6000_8.3.7/lib/src/_bufread.c
Unpacking /home/admin/Projects/embedded/ti/ti-cgt-c6000_8.3.7/lib/src/strcoll.c
Unpacking /home/admin/Projects/embedded/ti/ti-cgt-c6000_8.3.7/lib/src/perror.c
Unpacking /home/admin/Projects/embedded/ti/ti-cgt-c6000_8.3.7/lib/src/s_logb.c
Unpacking /home/admin/Projects/embedded/ti/ti-cgt-c6000_8.3.7/lib/src/_printfi_vector.c
Unpacking /home/admin/Projects/embedded/ti/ti-cgt-c6000_8.3.7/lib/src/tanf.c
Unpacking /home/admin/Projects/embedded/ti/ti-cgt-c6000_8.3.7/lib/src/s_expm1f.c
Unpacking /home/admin/Projects/embedded/ti/ti-cgt-c6000_8.3.7/lib/src/divu.asm
Unpacking /home/admin/Projects/embedded/ti/ti-cgt-c6000_8.3.7/lib/src/strtoimax.c
Unpacking /home/admin/Projects/embedded/ti/ti-cgt-c6000_8.3.7/lib/src/s_cprojl.c
Unpacking /home/admin/Projects/embedded/ti/ti-cgt-c6000_8.3.7/lib/src/exit.c
Unpacking /home/admin/Projects/embedded/ti/ti-cgt-c6000_8.3.7/lib/src/stddef.h
Unpacking /home/admin/Projects/embedded/ti/ti-cgt-c6000_8.3.7/lib/src/s_rint.c
Unpacking /home/admin/Projects/embedded/ti/ti-cgt-c6000_8.3.7/lib/src/ferror.c
Unpacking /home/admin/Projects/embedded/ti/ti-cgt-c6000_8.3.7/lib/src/wcsncpy.c
Unpacking /home/admin/Projects/embedded/ti/ti-cgt-c6000_8.3.7/lib/src/fread.c
Unpacking /home/admin/Projects/embedded/ti/ti-cgt-c6000_8.3.7/lib/src/vtbl.h
Unpacking /home/admin/Projects/embedded/ti/ti-cgt-c6000_8.3.7/lib/src/tanh.c
Unpacking /home/admin/Projects/embedded/ti/ti-cgt-c6000_8.3.7/lib/src/format.h
Unpacking /home/admin/Projects/embedded/ti/ti-cgt-c6000_8.3.7/lib/src/wctype.h
Unpacking /home/admin/Projects/embedded/ti/ti-cgt-c6000_8.3.7/lib/src/localtim.c
Unpacking /home/admin/Projects/embedded/ti/ti-cgt-c6000_8.3.7/lib/src/roundf_i.h
Unpacking /home/admin/Projects/embedded/ti/ti-cgt-c6000_8.3.7/lib/src/sinf_i.h
Unpacking /home/admin/Projects/embedded/ti/ti-cgt-c6000_8.3.7/lib/src/qsort.c
Unpacking /home/admin/Projects/embedded/ti/ti-cgt-c6000_8.3.7/lib/src/eqlf.c
Unpacking /home/admin/Projects/embedded/ti/ti-cgt-c6000_8.3.7/lib/src/fpclassifyf_i.h
Unpacking /home/admin/Projects/embedded/ti/ti-cgt-c6000_8.3.7/lib/src/wcsftime.c
Unpacking /home/admin/Projects/embedded/ti/ti-cgt-c6000_8.3.7/lib/src/log.c
Unpacking /home/admin/Projects/embedded/ti/ti-cgt-c6000_8.3.7/lib/src/s_lround.c
Unpacking /home/admin/Projects/embedded/ti/ti-cgt-c6000_8.3.7/lib/src/signbit.c
Unpacking /home/admin/Projects/embedded/ti/ti-cgt-c6000_8.3.7/lib/src/ltd.c
Unpacking /home/admin/Projects/embedded/ti/ti-cgt-c6000_8.3.7/lib/src/fltuf.c
Unpacking /home/admin/Projects/embedded/ti/ti-cgt-c6000_8.3.7/lib/src/s_cpowf.c
Unpacking /home/admin/Projects/embedded/ti/ti-cgt-c6000_8.3.7/lib/src/Makefile
Unpacking /home/admin/Projects/embedded/ti/ti-cgt-c6000_8.3.7/lib/src/s_cexp.c
Unpacking /home/admin/Projects/embedded/ti/ti-cgt-c6000_8.3.7/lib/src/acos.c
Unpacking /home/admin/Projects/embedded/ti/ti-cgt-c6000_8.3.7/lib/src/log10f.c
Unpacking /home/admin/Projects/embedded/ti/ti-cgt-c6000_8.3.7/lib/src/write.c
Unpacking /home/admin/Projects/embedded/ti/ti-cgt-c6000_8.3.7/lib/src/neqld.c
Unpacking /home/admin/Projects/embedded/ti/ti-cgt-c6000_8.3.7/lib/src/log10.c
Unpacking /home/admin/Projects/embedded/ti/ti-cgt-c6000_8.3.7/lib/src/k_sinf.c
Unpacking /home/admin/Projects/embedded/ti/ti-cgt-c6000_8.3.7/lib/src/fixfu.c
Unpacking /home/admin/Projects/embedded/ti/ti-cgt-c6000_8.3.7/lib/src/asin.c
Unpacking /home/admin/Projects/embedded/ti/ti-cgt-c6000_8.3.7/lib/src/frcdivf.c
Unpacking /home/admin/Projects/embedded/ti/ti-cgt-c6000_8.3.7/lib/src/chunk.h
Unpacking /home/admin/Projects/embedded/ti/ti-cgt-c6000_8.3.7/lib/src/trgdrv.h
Unpacking /home/admin/Projects/embedded/ti/ti-cgt-c6000_8.3.7/lib/src/cvtfd.c
Unpacking /home/admin/Projects/embedded/ti/ti-cgt-c6000_8.3.7/lib/src/acosf_i.h
Unpacking /home/admin/Projects/embedded/ti/ti-cgt-c6000_8.3.7/lib/src/vla_alloc.c
Unpacking /home/admin/Projects/embedded/ti/ti-cgt-c6000_8.3.7/lib/src/atoi.c
Unpacking /home/admin/Projects/embedded/ti/ti-cgt-c6000_8.3.7/lib/src/s_log1p.c
Unpacking /home/admin/Projects/embedded/ti/ti-cgt-c6000_8.3.7/lib/src/s_erff.c
Unpacking /home/admin/Projects/embedded/ti/ti-cgt-c6000_8.3.7/lib/src/neqf_i.h
Unpacking /home/admin/Projects/embedded/ti/ti-cgt-c6000_8.3.7/lib/src/renormf.h
Unpacking /home/admin/Projects/embedded/ti/ti-cgt-c6000_8.3.7/lib/src/divf_i.h
Unpacking /home/admin/Projects/embedded/ti/ti-cgt-c6000_8.3.7/lib/src/tanf_i.h
Unpacking /home/admin/Projects/embedded/ti/ti-cgt-c6000_8.3.7/lib/src/lowlev.h
Unpacking /home/admin/Projects/embedded/ti/ti-cgt-c6000_8.3.7/lib/src/fabs.c
Unpacking /home/admin/Projects/embedded/ti/ti-cgt-c6000_8.3.7/lib/src/global.h
Unpacking /home/admin/Projects/embedded/ti/ti-cgt-c6000_8.3.7/lib/src/fmodf_i.h
Unpacking /home/admin/Projects/embedded/ti/ti-cgt-c6000_8.3.7/lib/src/rand.c
Unpacking /home/admin/Projects/embedded/ti/ti-cgt-c6000_8.3.7/lib/src/tmzone.c
Unpacking /home/admin/Projects/embedded/ti/ti-cgt-c6000_8.3.7/lib/src/sprintf.c
Unpacking /home/admin/Projects/embedded/ti/ti-cgt-c6000_8.3.7/lib/src/tmpfile.c
Unpacking /home/admin/Projects/embedded/ti/ti-cgt-c6000_8.3.7/lib/src/lef.c
Unpacking /home/admin/Projects/embedded/ti/ti-cgt-c6000_8.3.7/lib/src/strxfrm.c
Unpacking /home/admin/Projects/embedded/ti/ti-cgt-c6000_8.3.7/lib/src/fmodf.c
Unpacking /home/admin/Projects/embedded/ti/ti-cgt-c6000_8.3.7/lib/src/mpyf_i.h
Unpacking /home/admin/Projects/embedded/ti/ti-cgt-c6000_8.3.7/lib/src/formi.h
Unpacking /home/admin/Projects/embedded/ti/ti-cgt-c6000_8.3.7/lib/src/ceil.c
Unpacking /home/admin/Projects/embedded/ti/ti-cgt-c6000_8.3.7/lib/src/s_fma.c
Unpacking /home/admin/Projects/embedded/ti/ti-cgt-c6000_8.3.7/lib/src/tgmath.h
Unpacking /home/admin/Projects/embedded/ti/ti-cgt-c6000_8.3.7/lib/src/_fmt_specifier.h
Unpacking /home/admin/Projects/embedded/ti/ti-cgt-c6000_8.3.7/lib/src/read.c
Unpacking /home/admin/Projects/embedded/ti/ti-cgt-c6000_8.3.7/lib/src/localtim64.c
Unpacking /home/admin/Projects/embedded/ti/ti-cgt-c6000_8.3.7/lib/src/add_device.c
Unpacking /home/admin/Projects/embedded/ti/ti-cgt-c6000_8.3.7/lib/src/ldiv.c
Unpacking /home/admin/Projects/embedded/ti/ti-cgt-c6000_8.3.7/lib/src/s_conjl.c
Unpacking /home/admin/Projects/embedded/ti/ti-cgt-c6000_8.3.7/lib/src/_mutex.h
Unpacking /home/admin/Projects/embedded/ti/ti-cgt-c6000_8.3.7/lib/src/strtof.c
Unpacking /home/admin/Projects/embedded/ti/ti-cgt-c6000_8.3.7/lib/src/fltulld.c
Unpacking /home/admin/Projects/embedded/ti/ti-cgt-c6000_8.3.7/lib/src/fgetws.c
Unpacking /home/admin/Projects/embedded/ti/ti-cgt-c6000_8.3.7/lib/src/exp2f.c
Unpacking /home/admin/Projects/embedded/ti/ti-cgt-c6000_8.3.7/lib/src/float_config.h
Unpacking /home/admin/Projects/embedded/ti/ti-cgt-c6000_8.3.7/lib/src/open.c
Unpacking /home/admin/Projects/embedded/ti/ti-cgt-c6000_8.3.7/lib/src/trgmsg.c
Unpacking /home/admin/Projects/embedded/ti/ti-cgt-c6000_8.3.7/lib/src/frcmpyd.c
Unpacking /home/admin/Projects/embedded/ti/ti-cgt-c6000_8.3.7/lib/src/s_cproj.c
Unpacking /home/admin/Projects/embedded/ti/ti-cgt-c6000_8.3.7/lib/src/vswprintf.c
Unpacking /home/admin/Projects/embedded/ti/ti-cgt-c6000_8.3.7/lib/src/s_llrintl.c
Unpacking /home/admin/Projects/embedded/ti/ti-cgt-c6000_8.3.7/lib/src/vla_alloc.h
Unpacking /home/admin/Projects/embedded/ti/ti-cgt-c6000_8.3.7/lib/src/fixdu.c
Unpacking /home/admin/Projects/embedded/ti/ti-cgt-c6000_8.3.7/lib/src/formi32.h
Unpacking /home/admin/Projects/embedded/ti/ti-cgt-c6000_8.3.7/lib/src/remove_device.c
Unpacking /home/admin/Projects/embedded/ti/ti-cgt-c6000_8.3.7/lib/src/ceilf_i.h
Unpacking /home/admin/Projects/embedded/ti/ti-cgt-c6000_8.3.7/lib/src/llshift.c
Unpacking /home/admin/Projects/embedded/ti/ti-cgt-c6000_8.3.7/lib/src/s_logbf.c
Unpacking /home/admin/Projects/embedded/ti/ti-cgt-c6000_8.3.7/lib/src/lldiv.c
Unpacking /home/admin/Projects/embedded/ti/ti-cgt-c6000_8.3.7/lib/src/strerror.c
Unpacking /home/admin/Projects/embedded/ti/ti-cgt-c6000_8.3.7/lib/src/e_lgammaf.c
Unpacking /home/admin/Projects/embedded/ti/ti-cgt-c6000_8.3.7/lib/src/ldexpf.c
Unpacking /home/admin/Projects/embedded/ti/ti-cgt-c6000_8.3.7/lib/src/_bsdmath.h
Unpacking /home/admin/Projects/embedded/ti/ti-cgt-c6000_8.3.7/lib/src/ctype.c
Unpacking /home/admin/Projects/embedded/ti/ti-cgt-c6000_8.3.7/lib/src/abi_prefix.h
Unpacking /home/admin/Projects/embedded/ti/ti-cgt-c6000_8.3.7/lib/src/nextafter_i.h
Unpacking /home/admin/Projects/embedded/ti/ti-cgt-c6000_8.3.7/lib/src/ldexp.c
Unpacking /home/admin/Projects/embedded/ti/ti-cgt-c6000_8.3.7/lib/src/assert.h
Unpacking /home/admin/Projects/embedded/ti/ti-cgt-c6000_8.3.7/lib/src/guard.c
Unpacking /home/admin/Projects/embedded/ti/ti-cgt-c6000_8.3.7/lib/src/frcdivd.c
Unpacking /home/admin/Projects/embedded/ti/ti-cgt-c6000_8.3.7/lib/src/fprintf.c
Unpacking /home/admin/Projects/embedded/ti/ti-cgt-c6000_8.3.7/lib/src/trunc.c
Unpacking /home/admin/Projects/embedded/ti/ti-cgt-c6000_8.3.7/lib/src/e_lgamma_r.c
Unpacking /home/admin/Projects/embedded/ti/ti-cgt-c6000_8.3.7/lib/src/k_sin.c
Unpacking /home/admin/Projects/embedded/ti/ti-cgt-c6000_8.3.7/lib/src/pure_virt.c
Unpacking /home/admin/Projects/embedded/ti/ti-cgt-c6000_8.3.7/lib/src/isalnum.c
Unpacking /home/admin/Projects/embedded/ti/ti-cgt-c6000_8.3.7/lib/src/mpyd.c
Unpacking /home/admin/Projects/embedded/ti/ti-cgt-c6000_8.3.7/lib/src/tolower.c
Unpacking /home/admin/Projects/embedded/ti/ti-cgt-c6000_8.3.7/lib/src/syntf.h
Unpacking /home/admin/Projects/embedded/ti/ti-cgt-c6000_8.3.7/lib/src/hostrename.c
Unpacking /home/admin/Projects/embedded/ti/ti-cgt-c6000_8.3.7/lib/src/exp10f_i.h
Unpacking /home/admin/Projects/embedded/ti/ti-cgt-c6000_8.3.7/lib/src/fixflli.c
Unpacking /home/admin/Projects/embedded/ti/ti-cgt-c6000_8.3.7/lib/src/fseek.c
Unpacking /home/admin/Projects/embedded/ti/ti-cgt-c6000_8.3.7/lib/src/fltuld.c
Unpacking /home/admin/Projects/embedded/ti/ti-cgt-c6000_8.3.7/lib/src/startup.c
Unpacking /home/admin/Projects/embedded/ti/ti-cgt-c6000_8.3.7/lib/src/frcdivd.h
Unpacking /home/admin/Projects/embedded/ti/ti-cgt-c6000_8.3.7/lib/src/toupper.c
Unpacking /home/admin/Projects/embedded/ti/ti-cgt-c6000_8.3.7/lib/src/mktime.c
Unpacking /home/admin/Projects/embedded/ti/ti-cgt-c6000_8.3.7/lib/src/s_cimagf.c
Unpacking /home/admin/Projects/embedded/ti/ti-cgt-c6000_8.3.7/lib/src/ieeef.h
Unpacking /home/admin/Projects/embedded/ti/ti-cgt-c6000_8.3.7/lib/src/target.h
Unpacking /home/admin/Projects/embedded/ti/ti-cgt-c6000_8.3.7/lib/src/s_cprojf.c
Unpacking /home/admin/Projects/embedded/ti/ti-cgt-c6000_8.3.7/lib/src/xlocale_private.h
Unpacking /home/admin/Projects/embedded/ti/ti-cgt-c6000_8.3.7/lib/src/ti_nan.c
Unpacking /home/admin/Projects/embedded/ti/ti-cgt-c6000_8.3.7/lib/src/wcspbrk.c
Unpacking /home/admin/Projects/embedded/ti/ti-cgt-c6000_8.3.7/lib/src/isalpha.c
Unpacking /home/admin/Projects/embedded/ti/ti-cgt-c6000_8.3.7/lib/src/modf.c
Unpacking /home/admin/Projects/embedded/ti/ti-cgt-c6000_8.3.7/lib/src/isspace.c
Unpacking /home/admin/Projects/embedded/ti/ti-cgt-c6000_8.3.7/lib/src/atan.c
Unpacking /home/admin/Projects/embedded/ti/ti-cgt-c6000_8.3.7/lib/src/islower.c
Unpacking /home/admin/Projects/embedded/ti/ti-cgt-c6000_8.3.7/lib/src/s_carg.c
Unpacking /home/admin/Projects/embedded/ti/ti-cgt-c6000_8.3.7/lib/src/stdarg.h
Unpacking /home/admin/Projects/embedded/ti/ti-cgt-c6000_8.3.7/lib/src/s_copysignf.c
Unpacking /home/admin/Projects/embedded/ti/ti-cgt-c6000_8.3.7/lib/src/s_ilogbf.c
Unpacking /home/admin/Projects/embedded/ti/ti-cgt-c6000_8.3.7/lib/src/s_copysign.c
Unpacking /home/admin/Projects/embedded/ti/ti-cgt-c6000_8.3.7/lib/src/wcscspn.c
Unpacking /home/admin/Projects/embedded/ti/ti-cgt-c6000_8.3.7/lib/src/memccpy.c
Unpacking /home/admin/Projects/embedded/ti/ti-cgt-c6000_8.3.7/lib/src/xlocale.c
Unpacking /home/admin/Projects/embedded/ti/ti-cgt-c6000_8.3.7/lib/src/index.c
Unpacking /home/admin/Projects/embedded/ti/ti-cgt-c6000_8.3.7/lib/src/_pthread.h
Unpacking /home/admin/Projects/embedded/ti/ti-cgt-c6000_8.3.7/lib/src/s_cargf.c
Unpacking /home/admin/Projects/embedded/ti/ti-cgt-c6000_8.3.7/lib/src/floor.c
Unpacking /home/admin/Projects/embedded/ti/ti-cgt-c6000_8.3.7/lib/src/fltlif.c
Unpacking /home/admin/Projects/embedded/ti/ti-cgt-c6000_8.3.7/lib/src/strcpy.c
Unpacking /home/admin/Projects/embedded/ti/ti-cgt-c6000_8.3.7/lib/src/exp2.c
Unpacking /home/admin/Projects/embedded/ti/ti-cgt-c6000_8.3.7/lib/src/frcdivf.h
Unpacking /home/admin/Projects/embedded/ti/ti-cgt-c6000_8.3.7/lib/src/sqrtf_i.h
Unpacking /home/admin/Projects/embedded/ti/ti-cgt-c6000_8.3.7/lib/src/atanhf.c
Unpacking /home/admin/Projects/embedded/ti/ti-cgt-c6000_8.3.7/lib/src/bcopy.c
Unpacking /home/admin/Projects/embedded/ti/ti-cgt-c6000_8.3.7/lib/src/s_clogl.c
Unpacking /home/admin/Projects/embedded/ti/ti-cgt-c6000_8.3.7/lib/src/tdeh_cpp_abi.cpp
Unpacking /home/admin/Projects/embedded/ti/ti-cgt-c6000_8.3.7/lib/src/s_ilogb.c
Unpacking /home/admin/Projects/embedded/ti/ti-cgt-c6000_8.3.7/lib/src/time64.c
Unpacking /home/admin/Projects/embedded/ti/ti-cgt-c6000_8.3.7/lib/src/isascii.c
Unpacking /home/admin/Projects/embedded/ti/ti-cgt-c6000_8.3.7/lib/src/s_csinhf.c
Unpacking /home/admin/Projects/embedded/ti/ti-cgt-c6000_8.3.7/lib/src/fcvt.c
Unpacking /home/admin/Projects/embedded/ti/ti-cgt-c6000_8.3.7/lib/src/renormf.c
Unpacking /home/admin/Projects/embedded/ti/ti-cgt-c6000_8.3.7/lib/src/fixfi.c
Unpacking /home/admin/Projects/embedded/ti/ti-cgt-c6000_8.3.7/lib/src/strncasecmp.c
Unpacking /home/admin/Projects/embedded/ti/ti-cgt-c6000_8.3.7/lib/src/vwprintf.c
Unpacking /home/admin/Projects/embedded/ti/ti-cgt-c6000_8.3.7/lib/src/s_nexttowardf.c
Unpacking /home/admin/Projects/embedded/ti/ti-cgt-c6000_8.3.7/lib/src/wcsrchr.c
Unpacking /home/admin/Projects/embedded/ti/ti-cgt-c6000_8.3.7/lib/src/_printfi_min.c
Unpacking /home/admin/Projects/embedded/ti/ti-cgt-c6000_8.3.7/lib/src/k_logf.h
Unpacking /home/admin/Projects/embedded/ti/ti-cgt-c6000_8.3.7/lib/src/imath40.c
Unpacking /home/admin/Projects/embedded/ti/ti-cgt-c6000_8.3.7/lib/src/cosf.c
Unpacking /home/admin/Projects/embedded/ti/ti-cgt-c6000_8.3.7/lib/src/fenv.c
Unpacking /home/admin/Projects/embedded/ti/ti-cgt-c6000_8.3.7/lib/src/frcmpyf1_i.h
Unpacking /home/admin/Projects/embedded/ti/ti-cgt-c6000_8.3.7/lib/src/new.stdh
Unpacking /home/admin/Projects/embedded/ti/ti-cgt-c6000_8.3.7/lib/src/clock.c
Unpacking /home/admin/Projects/embedded/ti/ti-cgt-c6000_8.3.7/lib/src/newhandler.c
Unpacking /home/admin/Projects/embedded/ti/ti-cgt-c6000_8.3.7/lib/src/hostread.c
Unpacking /home/admin/Projects/embedded/ti/ti-cgt-c6000_8.3.7/lib/src/vasprintf.c
Unpacking /home/admin/Projects/embedded/ti/ti-cgt-c6000_8.3.7/lib/src/errno.h
Unpacking /home/admin/Projects/embedded/ti/ti-cgt-c6000_8.3.7/lib/src/string.h
Unpacking /home/admin/Projects/embedded/ti/ti-cgt-c6000_8.3.7/lib/src/strtok.c
Unpacking /home/admin/Projects/embedded/ti/ti-cgt-c6000_8.3.7/lib/src/wcstold.c
Unpacking /home/admin/Projects/embedded/ti/ti-cgt-c6000_8.3.7/lib/src/coshf_i.h
Unpacking /home/admin/Projects/embedded/ti/ti-cgt-c6000_8.3.7/lib/src/_data_synch.c
Unpacking /home/admin/Projects/embedded/ti/ti-cgt-c6000_8.3.7/lib/src/wcsxfrm.c
Unpacking /home/admin/Projects/embedded/ti/ti-cgt-c6000_8.3.7/lib/src/fscanf.c
Unpacking /home/admin/Projects/embedded/ti/ti-cgt-c6000_8.3.7/lib/src/cotf.c
Unpacking /home/admin/Projects/embedded/ti/ti-cgt-c6000_8.3.7/lib/src/fgetc.c
Unpacking /home/admin/Projects/embedded/ti/ti-cgt-c6000_8.3.7/lib/src/k_expf.c
Unpacking /home/admin/Projects/embedded/ti/ti-cgt-c6000_8.3.7/lib/src/renormd.c
Unpacking /home/admin/Projects/embedded/ti/ti-cgt-c6000_8.3.7/lib/src/wcstoimax.c
Unpacking /home/admin/Projects/embedded/ti/ti-cgt-c6000_8.3.7/lib/src/coth.c
Unpacking /home/admin/Projects/embedded/ti/ti-cgt-c6000_8.3.7/lib/src/strtoll.c
Unpacking /home/admin/Projects/embedded/ti/ti-cgt-c6000_8.3.7/lib/src/s_lrint.c
Unpacking /home/admin/Projects/embedded/ti/ti-cgt-c6000_8.3.7/lib/src/frexpf.c
Unpacking /home/admin/Projects/embedded/ti/ti-cgt-c6000_8.3.7/lib/src/asinh.c
Unpacking /home/admin/Projects/embedded/ti/ti-cgt-c6000_8.3.7/lib/src/negd.c
Unpacking /home/admin/Projects/embedded/ti/ti-cgt-c6000_8.3.7/lib/src/s_tgammaf.c
Unpacking /home/admin/Projects/embedded/ti/ti-cgt-c6000_8.3.7/lib/src/hostclock.c
Unpacking /home/admin/Projects/embedded/ti/ti-cgt-c6000_8.3.7/lib/src/exp2f_i.h
Unpacking /home/admin/Projects/embedded/ti/ti-cgt-c6000_8.3.7/lib/src/vec_cctor.c
Unpacking /home/admin/Projects/embedded/ti/ti-cgt-c6000_8.3.7/lib/src/catrig.c
Unpacking /home/admin/Projects/embedded/ti/ti-cgt-c6000_8.3.7/lib/src/eqlf_i.h
Unpacking /home/admin/Projects/embedded/ti/ti-cgt-c6000_8.3.7/lib/src/s_creall.c
Unpacking /home/admin/Projects/embedded/ti/ti-cgt-c6000_8.3.7/lib/src/push.asm
Unpacking /home/admin/Projects/embedded/ti/ti-cgt-c6000_8.3.7/lib/src/abs.c
Unpacking /home/admin/Projects/embedded/ti/ti-cgt-c6000_8.3.7/lib/src/toascii.c
Unpacking /home/admin/Projects/embedded/ti/ti-cgt-c6000_8.3.7/lib/src/negf.c
Unpacking /home/admin/Projects/embedded/ti/ti-cgt-c6000_8.3.7/lib/src/strasg.asm
Unpacking /home/admin/Projects/embedded/ti/ti-cgt-c6000_8.3.7/lib/src/acotf.c
Unpacking /home/admin/Projects/embedded/ti/ti-cgt-c6000_8.3.7/lib/src/frcmpyf_div_i.h
Unpacking /home/admin/Projects/embedded/ti/ti-cgt-c6000_8.3.7/lib/src/frcmpyd.h
Unpacking /home/admin/Projects/embedded/ti/ti-cgt-c6000_8.3.7/lib/src/gtf.c
Unpacking /home/admin/Projects/embedded/ti/ti-cgt-c6000_8.3.7/lib/src/setjmp.asm
Unpacking /home/admin/Projects/embedded/ti/ti-cgt-c6000_8.3.7/lib/src/fltllif.c
Unpacking /home/admin/Projects/embedded/ti/ti-cgt-c6000_8.3.7/lib/src/s_conj.c
Unpacking /home/admin/Projects/embedded/ti/ti-cgt-c6000_8.3.7/lib/src/ispunct.c
Unpacking /home/admin/Projects/embedded/ti/ti-cgt-c6000_8.3.7/lib/src/atanf.c
Unpacking /home/admin/Projects/embedded/ti/ti-cgt-c6000_8.3.7/lib/src/wcsncat.c
Unpacking /home/admin/Projects/embedded/ti/ti-cgt-c6000_8.3.7/lib/src/gmtime.c
Unpacking /home/admin/Projects/embedded/ti/ti-cgt-c6000_8.3.7/lib/src/fixful.c
Unpacking /home/admin/Projects/embedded/ti/ti-cgt-c6000_8.3.7/lib/src/vswscanf.c
Unpacking /home/admin/Projects/embedded/ti/ti-cgt-c6000_8.3.7/lib/src/strtold.c
Unpacking /home/admin/Projects/embedded/ti/ti-cgt-c6000_8.3.7/lib/src/args_main.c
Unpacking /home/admin/Projects/embedded/ti/ti-cgt-c6000_8.3.7/lib/src/tdeh_pr_common.cpp
Unpacking /home/admin/Projects/embedded/ti/ti-cgt-c6000_8.3.7/lib/src/k_tan.c
Unpacking /home/admin/Projects/embedded/ti/ti-cgt-c6000_8.3.7/lib/src/atan2f.c
Unpacking /home/admin/Projects/embedded/ti/ti-cgt-c6000_8.3.7/lib/src/_lock.c
Unpacking /home/admin/Projects/embedded/ti/ti-cgt-c6000_8.3.7/lib/src/gsm.h
Unpacking /home/admin/Projects/embedded/ti/ti-cgt-c6000_8.3.7/lib/src/fltullf.c
Unpacking /home/admin/Projects/embedded/ti/ti-cgt-c6000_8.3.7/lib/src/memcpy64.asm
Unpacking /home/admin/Projects/embedded/ti/ti-cgt-c6000_8.3.7/lib/src/runtime.h
Unpacking /home/admin/Projects/embedded/ti/ti-cgt-c6000_8.3.7/lib/src/addf.c
Unpacking /home/admin/Projects/embedded/ti/ti-cgt-c6000_8.3.7/lib/src/s_lroundl.c
Unpacking /home/admin/Projects/embedded/ti/ti-cgt-c6000_8.3.7/lib/src/printf.c
Unpacking /home/admin/Projects/embedded/ti/ti-cgt-c6000_8.3.7/lib/src/fwrite.c
Unpacking /home/admin/Projects/embedded/ti/ti-cgt-c6000_8.3.7/lib/src/_tls.h
Unpacking /home/admin/Projects/embedded/ti/ti-cgt-c6000_8.3.7/lib/src/bzero.c
Unpacking /home/admin/Projects/embedded/ti/ti-cgt-c6000_8.3.7/lib/src/cosh.c
Unpacking /home/admin/Projects/embedded/ti/ti-cgt-c6000_8.3.7/lib/src/renormd.h
Unpacking /home/admin/Projects/embedded/ti/ti-cgt-c6000_8.3.7/lib/src/c60.h
Unpacking /home/admin/Projects/embedded/ti/ti-cgt-c6000_8.3.7/lib/src/c6x.h
Unpacking /home/admin/Projects/embedded/ti/ti-cgt-c6000_8.3.7/lib/src/s_expm1.c
Unpacking /home/admin/Projects/embedded/ti/ti-cgt-c6000_8.3.7/lib/src/dtor_list.h
Unpacking /home/admin/Projects/embedded/ti/ti-cgt-c6000_8.3.7/lib/src/frcdivf1_i.h
Unpacking /home/admin/Projects/embedded/ti/ti-cgt-c6000_8.3.7/lib/src/ctime64.c
Unpacking /home/admin/Projects/embedded/ti/ti-cgt-c6000_8.3.7/lib/src/eqld.c
Unpacking /home/admin/Projects/embedded/ti/ti-cgt-c6000_8.3.7/lib/src/fltud.c
Unpacking /home/admin/Projects/embedded/ti/ti-cgt-c6000_8.3.7/lib/src/clearerr.c
Unpacking /home/admin/Projects/embedded/ti/ti-cgt-c6000_8.3.7/lib/src/k_cos.c
Unpacking /home/admin/Projects/embedded/ti/ti-cgt-c6000_8.3.7/lib/src/wcstoll.c
Unpacking /home/admin/Projects/embedded/ti/ti-cgt-c6000_8.3.7/lib/src/none_mb.c
Unpacking /home/admin/Projects/embedded/ti/ti-cgt-c6000_8.3.7/lib/src/c6x_vec.h
Unpacking /home/admin/Projects/embedded/ti/ti-cgt-c6000_8.3.7/lib/src/reald.h
Unpacking /home/admin/Projects/embedded/ti/ti-cgt-c6000_8.3.7/lib/src/log2.c
Unpacking /home/admin/Projects/embedded/ti/ti-cgt-c6000_8.3.7/lib/src/fgetwc.c
Unpacking /home/admin/Projects/embedded/ti/ti-cgt-c6000_8.3.7/lib/src/wcschr.c
Unpacking /home/admin/Projects/embedded/ti/ti-cgt-c6000_8.3.7/lib/src/strtoul.c
Unpacking /home/admin/Projects/embedded/ti/ti-cgt-c6000_8.3.7/lib/src/ceilf.c
Unpacking /home/admin/Projects/embedded/ti/ti-cgt-c6000_8.3.7/lib/src/tdeh_uwentry_c6000.asm
Unpacking /home/admin/Projects/embedded/ti/ti-cgt-c6000_8.3.7/lib/src/k_exp.c
Unpacking /home/admin/Projects/embedded/ti/ti-cgt-c6000_8.3.7/lib/src/leqf_i.h
Unpacking /home/admin/Projects/embedded/ti/ti-cgt-c6000_8.3.7/lib/src/cmpf.c
Unpacking /home/admin/Projects/embedded/ti/ti-cgt-c6000_8.3.7/lib/src/isfinite.c
Unpacking /home/admin/Projects/embedded/ti/ti-cgt-c6000_8.3.7/lib/src/log10f_i.h
Unpacking /home/admin/Projects/embedded/ti/ti-cgt-c6000_8.3.7/lib/src/vect.h
Unpacking /home/admin/Projects/embedded/ti/ti-cgt-c6000_8.3.7/lib/src/gsmfuncs.c
Unpacking /home/admin/Projects/embedded/ti/ti-cgt-c6000_8.3.7/lib/src/locale_wchar.c
Unpacking /home/admin/Projects/embedded/ti/ti-cgt-c6000_8.3.7/lib/src/absd.c
Unpacking /home/admin/Projects/embedded/ti/ti-cgt-c6000_8.3.7/lib/src/divf.c
Unpacking /home/admin/Projects/embedded/ti/ti-cgt-c6000_8.3.7/lib/src/e_hypot.c
Unpacking /home/admin/Projects/embedded/ti/ti-cgt-c6000_8.3.7/lib/src/pow.c
Unpacking /home/admin/Projects/embedded/ti/ti-cgt-c6000_8.3.7/lib/src/defines.h
Unpacking /home/admin/Projects/embedded/ti/ti-cgt-c6000_8.3.7/lib/src/acosf.c
Unpacking /home/admin/Projects/embedded/ti/ti-cgt-c6000_8.3.7/lib/src/bcmp.c
Unpacking /home/admin/Projects/embedded/ti/ti-cgt-c6000_8.3.7/lib/src/vfwscanf.c
Unpacking /home/admin/Projects/embedded/ti/ti-cgt-c6000_8.3.7/lib/src/tdeh_pr_c6000.cpp
Unpacking /home/admin/Projects/embedded/ti/ti-cgt-c6000_8.3.7/lib/src/strrchr.c
Unpacking /home/admin/Projects/embedded/ti/ti-cgt-c6000_8.3.7/lib/src/e_remainder.c
Unpacking /home/admin/Projects/embedded/ti/ti-cgt-c6000_8.3.7/lib/src/s_ctanhf.c
Unpacking /home/admin/Projects/embedded/ti/ti-cgt-c6000_8.3.7/lib/src/wcscoll.c
Unpacking /home/admin/Projects/embedded/ti/ti-cgt-c6000_8.3.7/lib/src/difftime.c
Unpacking /home/admin/Projects/embedded/ti/ti-cgt-c6000_8.3.7/lib/src/pprof.h
Unpacking /home/admin/Projects/embedded/ti/ti-cgt-c6000_8.3.7/lib/src/s_cbrtf.c
Unpacking /home/admin/Projects/embedded/ti/ti-cgt-c6000_8.3.7/lib/src/hostwrite.c
Unpacking /home/admin/Projects/embedded/ti/ti-cgt-c6000_8.3.7/lib/src/boot_hooks.h
Unpacking /home/admin/Projects/embedded/ti/ti-cgt-c6000_8.3.7/lib/src/atanhf_i.h
Unpacking /home/admin/Projects/embedded/ti/ti-cgt-c6000_8.3.7/lib/src/s_log1pf.c
Unpacking /home/admin/Projects/embedded/ti/ti-cgt-c6000_8.3.7/lib/src/ctime_.c
Unpacking /home/admin/Projects/embedded/ti/ti-cgt-c6000_8.3.7/lib/src/bad_alloc.c
Unpacking /home/admin/Projects/embedded/ti/ti-cgt-c6000_8.3.7/lib/src/fopen.c
Unpacking /home/admin/Projects/embedded/ti/ti-cgt-c6000_8.3.7/lib/src/wcstol.c
Unpacking /home/admin/Projects/embedded/ti/ti-cgt-c6000_8.3.7/lib/src/_printfi.c
Unpacking /home/admin/Projects/embedded/ti/ti-cgt-c6000_8.3.7/lib/src/roundf.c
Unpacking /home/admin/Projects/embedded/ti/ti-cgt-c6000_8.3.7/lib/src/tanhf_i.h
Unpacking /home/admin/Projects/embedded/ti/ti-cgt-c6000_8.3.7/lib/src/tdeh_init.cpp
Unpacking /home/admin/Projects/embedded/ti/ti-cgt-c6000_8.3.7/lib/src/s_cpowl.c
Unpacking /home/admin/Projects/embedded/ti/ti-cgt-c6000_8.3.7/lib/src/isnormal.c
Unpacking /home/admin/Projects/embedded/ti/ti-cgt-c6000_8.3.7/lib/src/rsqrtf.c
Unpacking /home/admin/Projects/embedded/ti/ti-cgt-c6000_8.3.7/lib/src/s_cbrt.c
Unpacking /home/admin/Projects/embedded/ti/ti-cgt-c6000_8.3.7/lib/src/frexp.c
Unpacking /home/admin/Projects/embedded/ti/ti-cgt-c6000_8.3.7/lib/src/s_cimag.c
Unpacking /home/admin/Projects/embedded/ti/ti-cgt-c6000_8.3.7/lib/src/acot.c
Unpacking /home/admin/Projects/embedded/ti/ti-cgt-c6000_8.3.7/lib/src/fixdlli.c
Unpacking /home/admin/Projects/embedded/ti/ti-cgt-c6000_8.3.7/lib/src/atof.c
Unpacking /home/admin/Projects/embedded/ti/ti-cgt-c6000_8.3.7/lib/src/rtti.c
Unpacking /home/admin/Projects/embedded/ti/ti-cgt-c6000_8.3.7/lib/src/rsqrtf_i.h
Unpacking /home/admin/Projects/embedded/ti/ti-cgt-c6000_8.3.7/lib/src/isnanf.c
Unpacking /home/admin/Projects/embedded/ti/ti-cgt-c6000_8.3.7/lib/src/locale_inttypes.c
Unpacking /home/admin/Projects/embedded/ti/ti-cgt-c6000_8.3.7/lib/src/wscanf.c
Unpacking /home/admin/Projects/embedded/ti/ti-cgt-c6000_8.3.7/lib/src/atanh.c
Unpacking /home/admin/Projects/embedded/ti/ti-cgt-c6000_8.3.7/lib/src/setjmp.h
Unpacking /home/admin/Projects/embedded/ti/ti-cgt-c6000_8.3.7/lib/src/fpclassifyf.c
Unpacking /home/admin/Projects/embedded/ti/ti-cgt-c6000_8.3.7/lib/src/strncmp.c
Unpacking /home/admin/Projects/embedded/ti/ti-cgt-c6000_8.3.7/lib/src/wmemcpy.c
Unpacking /home/admin/Projects/embedded/ti/ti-cgt-c6000_8.3.7/lib/src/atan2.c
Unpacking /home/admin/Projects/embedded/ti/ti-cgt-c6000_8.3.7/lib/src/file.h
Unpacking /home/admin/Projects/embedded/ti/ti-cgt-c6000_8.3.7/lib/src/syntd.h
Unpacking /home/admin/Projects/embedded/ti/ti-cgt-c6000_8.3.7/lib/src/labs.c
Unpacking /home/admin/Projects/embedded/ti/ti-cgt-c6000_8.3.7/lib/src/powi.c
Unpacking /home/admin/Projects/embedded/ti/ti-cgt-c6000_8.3.7/lib/src/vec_newdel.h
Unpacking /home/admin/Projects/embedded/ti/ti-cgt-c6000_8.3.7/lib/src/tan.c
Unpacking /home/admin/Projects/embedded/ti/ti-cgt-c6000_8.3.7/lib/src/setlocale.c
Unpacking /home/admin/Projects/embedded/ti/ti-cgt-c6000_8.3.7/lib/src/signal.c
Unpacking /home/admin/Projects/embedded/ti/ti-cgt-c6000_8.3.7/lib/src/fmod.c
Unpacking /home/admin/Projects/embedded/ti/ti-cgt-c6000_8.3.7/lib/src/wcsspn.c
Unpacking /home/admin/Projects/embedded/ti/ti-cgt-c6000_8.3.7/lib/src/s_clog.c
Unpacking /home/admin/Projects/embedded/ti/ti-cgt-c6000_8.3.7/lib/src/tls.c
Unpacking /home/admin/Projects/embedded/ti/ti-cgt-c6000_8.3.7/lib/src/b_log.c
Unpacking /home/admin/Projects/embedded/ti/ti-cgt-c6000_8.3.7/lib/src/strcat.c
Unpacking /home/admin/Projects/embedded/ti/ti-cgt-c6000_8.3.7/lib/src/vsprintf.c
Unpacking /home/admin/Projects/embedded/ti/ti-cgt-c6000_8.3.7/lib/src/_io_perm.c
Unpacking /home/admin/Projects/embedded/ti/ti-cgt-c6000_8.3.7/lib/src/vsnprintf.c
Unpacking /home/admin/Projects/embedded/ti/ti-cgt-c6000_8.3.7/lib/src/frcaddf.c
Unpacking /home/admin/Projects/embedded/ti/ti-cgt-c6000_8.3.7/lib/src/getenv.c
Unpacking /home/admin/Projects/embedded/ti/ti-cgt-c6000_8.3.7/lib/src/errno.c
Unpacking /home/admin/Projects/embedded/ti/ti-cgt-c6000_8.3.7/lib/src/strftime.c
Unpacking /home/admin/Projects/embedded/ti/ti-cgt-c6000_8.3.7/lib/src/wcscpy.c
Unpacking /home/admin/Projects/embedded/ti/ti-cgt-c6000_8.3.7/lib/src/elf_linkage.h
Unpacking /home/admin/Projects/embedded/ti/ti-cgt-c6000_8.3.7/lib/src/gsmvars.c
Unpacking /home/admin/Projects/embedded/ti/ti-cgt-c6000_8.3.7/lib/src/defs.c
Unpacking /home/admin/Projects/embedded/ti/ti-cgt-c6000_8.3.7/lib/src/fwprintf.c
Unpacking /home/admin/Projects/embedded/ti/ti-cgt-c6000_8.3.7/lib/src/s_llrint.c
Unpacking /home/admin/Projects/embedded/ti/ti-cgt-c6000_8.3.7/lib/src/powf_i.h
Unpacking /home/admin/Projects/embedded/ti/ti-cgt-c6000_8.3.7/lib/src/wcsncmp.c
Unpacking /home/admin/Projects/embedded/ti/ti-cgt-c6000_8.3.7/lib/src/absf_i.h
Unpacking /home/admin/Projects/embedded/ti/ti-cgt-c6000_8.3.7/lib/src/fputc.c
Unpacking /home/admin/Projects/embedded/ti/ti-cgt-c6000_8.3.7/lib/src/isinff_i.h
Unpacking /home/admin/Projects/embedded/ti/ti-cgt-c6000_8.3.7/lib/src/_ltoa.c
Unpacking /home/admin/Projects/embedded/ti/ti-cgt-c6000_8.3.7/lib/src/copy_zero_init.c
Unpacking /home/admin/Projects/embedded/ti/ti-cgt-c6000_8.3.7/lib/src/exp10f.c
Unpacking /home/admin/Projects/embedded/ti/ti-cgt-c6000_8.3.7/lib/src/gmtime64.c
Unpacking /home/admin/Projects/embedded/ti/ti-cgt-c6000_8.3.7/lib/src/s_csinh.c
Unpacking /home/admin/Projects/embedded/ti/ti-cgt-c6000_8.3.7/lib/src/locale.h
Unpacking /home/admin/Projects/embedded/ti/ti-cgt-c6000_8.3.7/lib/src/hostlseek.c
Unpacking /home/admin/Projects/embedded/ti/ti-cgt-c6000_8.3.7/lib/src/e_remainderf.c
Unpacking /home/admin/Projects/embedded/ti/ti-cgt-c6000_8.3.7/lib/src/memmov.c
Unpacking /home/admin/Projects/embedded/ti/ti-cgt-c6000_8.3.7/lib/src/expf_i.h
Unpacking /home/admin/Projects/embedded/ti/ti-cgt-c6000_8.3.7/lib/src/negf_i.h
Unpacking /home/admin/Projects/embedded/ti/ti-cgt-c6000_8.3.7/lib/src/wcsstr.c
Unpacking /home/admin/Projects/embedded/ti/ti-cgt-c6000_8.3.7/lib/src/wcscmp.c
Unpacking /home/admin/Projects/embedded/ti/ti-cgt-c6000_8.3.7/lib/src/sqrt.c
Unpacking /home/admin/Projects/embedded/ti/ti-cgt-c6000_8.3.7/lib/src/elfnames.h
Unpacking /home/admin/Projects/embedded/ti/ti-cgt-c6000_8.3.7/lib/src/vfprintf.c
Unpacking /home/admin/Projects/embedded/ti/ti-cgt-c6000_8.3.7/lib/src/memcpy62.c
Unpacking /home/admin/Projects/embedded/ti/ti-cgt-c6000_8.3.7/lib/src/signal.h
Unpacking /home/admin/Projects/embedded/ti/ti-cgt-c6000_8.3.7/lib/src/cxxabi.h
Unpacking /home/admin/Projects/embedded/ti/ti-cgt-c6000_8.3.7/lib/src/ldexpf_i.h
Unpacking /home/admin/Projects/embedded/ti/ti-cgt-c6000_8.3.7/lib/src/fltyf_i.h
Unpacking /home/admin/Projects/embedded/ti/ti-cgt-c6000_8.3.7/lib/src/call_stub.asm
Unpacking /home/admin/Projects/embedded/ti/ti-cgt-c6000_8.3.7/lib/src/isnormalf_i.h
Unpacking /home/admin/Projects/embedded/ti/ti-cgt-c6000_8.3.7/lib/src/rename.c
Unpacking /home/admin/Projects/embedded/ti/ti-cgt-c6000_8.3.7/lib/src/c99_complex.c
Unpacking /home/admin/Projects/embedded/ti/ti-cgt-c6000_8.3.7/lib/src/fabsf_i.h
Unpacking /home/admin/Projects/embedded/ti/ti-cgt-c6000_8.3.7/lib/src/w_cabsf.c
Unpacking /home/admin/Projects/embedded/ti/ti-cgt-c6000_8.3.7/lib/src/wcsdup.c
Unpacking /home/admin/Projects/embedded/ti/ti-cgt-c6000_8.3.7/lib/src/fenv-softfloat.h
Unpacking /home/admin/Projects/embedded/ti/ti-cgt-c6000_8.3.7/lib/src/mathl.h
Unpacking /home/admin/Projects/embedded/ti/ti-cgt-c6000_8.3.7/lib/src/sscanf.c
Unpacking /home/admin/Projects/embedded/ti/ti-cgt-c6000_8.3.7/lib/src/hostopen.c
Unpacking /home/admin/Projects/embedded/ti/ti-cgt-c6000_8.3.7/lib/src/imath64.c
Unpacking /home/admin/Projects/embedded/ti/ti-cgt-c6000_8.3.7/lib/src/memset.c
Unpacking /home/admin/Projects/embedded/ti/ti-cgt-c6000_8.3.7/lib/src/truncf_i.h
Unpacking /home/admin/Projects/embedded/ti/ti-cgt-c6000_8.3.7/lib/src/copy_decompress_lzss.c
Unpacking /home/admin/Projects/embedded/ti/ti-cgt-c6000_8.3.7/lib/src/isprint.c
Unpacking /home/admin/Projects/embedded/ti/ti-cgt-c6000_8.3.7/lib/src/cotf_i.h
Unpacking /home/admin/Projects/embedded/ti/ti-cgt-c6000_8.3.7/lib/src/coshf.c
Unpacking /home/admin/Projects/embedded/ti/ti-cgt-c6000_8.3.7/lib/src/wctype.c
Unpacking /home/admin/Projects/embedded/ti/ti-cgt-c6000_8.3.7/lib/src/fltulf.c
Unpacking /home/admin/Projects/embedded/ti/ti-cgt-c6000_8.3.7/lib/src/cosf_i.h
Unpacking /home/admin/Projects/embedded/ti/ti-cgt-c6000_8.3.7/lib/src/fpclassify.c
Unpacking /home/admin/Projects/embedded/ti/ti-cgt-c6000_8.3.7/lib/src/isfinitef_i.h
Unpacking /home/admin/Projects/embedded/ti/ti-cgt-c6000_8.3.7/lib/src/frcaddf.h
Unpacking /home/admin/Projects/embedded/ti/ti-cgt-c6000_8.3.7/lib/src/atanf_i.h
Unpacking /home/admin/Projects/embedded/ti/ti-cgt-c6000_8.3.7/lib/src/strpbrk.c
Unpacking /home/admin/Projects/embedded/ti/ti-cgt-c6000_8.3.7/lib/src/boot.c
Unpacking /home/admin/Projects/embedded/ti/ti-cgt-c6000_8.3.7/lib/src/ungetc.c
Unpacking /home/admin/Projects/embedded/ti/ti-cgt-c6000_8.3.7/lib/src/strncpy.c
Unpacking /home/admin/Projects/embedded/ti/ti-cgt-c6000_8.3.7/lib/src/atoll.c
Unpacking /home/admin/Projects/embedded/ti/ti-cgt-c6000_8.3.7/lib/src/b_tgamma.c
Unpacking /home/admin/Projects/embedded/ti/ti-cgt-c6000_8.3.7/lib/src/strncat.c
Unpacking /home/admin/Projects/embedded/ti/ti-cgt-c6000_8.3.7/lib/src/ti_fenv.c
Unpacking /home/admin/Projects/embedded/ti/ti-cgt-c6000_8.3.7/lib/src/exp.c
Unpacking /home/admin/Projects/embedded/ti/ti-cgt-c6000_8.3.7/lib/src/cothf_i.h
Unpacking /home/admin/Projects/embedded/ti/ti-cgt-c6000_8.3.7/lib/src/pprof_user.c
Unpacking /home/admin/Projects/embedded/ti/ti-cgt-c6000_8.3.7/lib/src/div.c
Unpacking /home/admin/Projects/embedded/ti/ti-cgt-c6000_8.3.7/lib/src/error.h
Unpacking /home/admin/Projects/embedded/ti/ti-cgt-c6000_8.3.7/lib/src/frcaddd.c
Unpacking /home/admin/Projects/embedded/ti/ti-cgt-c6000_8.3.7/lib/src/e_hypotf.c
Unpacking /home/admin/Projects/embedded/ti/ti-cgt-c6000_8.3.7/lib/src/_reg_mutex_api.h
Unpacking /home/admin/Projects/embedded/ti/ti-cgt-c6000_8.3.7/lib/src/locale_strings.c
Unpacking /home/admin/Projects/embedded/ti/ti-cgt-c6000_8.3.7/lib/src/ffs.c
Unpacking /home/admin/Projects/embedded/ti/ti-cgt-c6000_8.3.7/lib/src/getdevice.c
Unpacking /home/admin/Projects/embedded/ti/ti-cgt-c6000_8.3.7/lib/src/ltf.c
Unpacking /home/admin/Projects/embedded/ti/ti-cgt-c6000_8.3.7/lib/src/imaxdiv.c
Unpacking /home/admin/Projects/embedded/ti/ti-cgt-c6000_8.3.7/lib/src/strtoull.c
Unpacking /home/admin/Projects/embedded/ti/ti-cgt-c6000_8.3.7/lib/src/copy_decompress_none.c
Unpacking /home/admin/Projects/embedded/ti/ti-cgt-c6000_8.3.7/lib/src/vwscanf.c
Unpacking /home/admin/Projects/embedded/ti/ti-cgt-c6000_8.3.7/lib/src/truncf.c
Unpacking /home/admin/Projects/embedded/ti/ti-cgt-c6000_8.3.7/lib/src/exp10.c
Unpacking /home/admin/Projects/embedded/ti/ti-cgt-c6000_8.3.7/lib/src/bsearch.c
Unpacking /home/admin/Projects/embedded/ti/ti-cgt-c6000_8.3.7/lib/src/fixfx_i.h
Unpacking /home/admin/Projects/embedded/ti/ti-cgt-c6000_8.3.7/lib/src/hostunlink.c
Unpacking /home/admin/Projects/embedded/ti/ti-cgt-c6000_8.3.7/lib/src/remove.c
Unpacking /home/admin/Projects/embedded/ti/ti-cgt-c6000_8.3.7/lib/src/s_ctanh.c
Unpacking /home/admin/Projects/embedded/ti/ti-cgt-c6000_8.3.7/lib/src/expf.c
Unpacking /home/admin/Projects/embedded/ti/ti-cgt-c6000_8.3.7/lib/src/fwscanf.c
Unpacking /home/admin/Projects/embedded/ti/ti-cgt-c6000_8.3.7/lib/src/linkage.h
Unpacking /home/admin/Projects/embedded/ti/ti-cgt-c6000_8.3.7/lib/src/ieeed.h
Unpacking /home/admin/Projects/embedded/ti/ti-cgt-c6000_8.3.7/lib/src/e_lgammaf_r.c
Unpacking /home/admin/Projects/embedded/ti/ti-cgt-c6000_8.3.7/lib/src/memchr.c
Unpacking /home/admin/Projects/embedded/ti/ti-cgt-c6000_8.3.7/lib/src/swprintf.c
Unpacking /home/admin/Projects/embedded/ti/ti-cgt-c6000_8.3.7/lib/src/subd.c
Unpacking /home/admin/Projects/embedded/ti/ti-cgt-c6000_8.3.7/lib/src/asinhf.c
Unpacking /home/admin/Projects/embedded/ti/ti-cgt-c6000_8.3.7/lib/src/stdio.h
Unpacking /home/admin/Projects/embedded/ti/ti-cgt-c6000_8.3.7/lib/src/cos.c
Unpacking /home/admin/Projects/embedded/ti/ti-cgt-c6000_8.3.7/lib/src/strtod.c
Unpacking /home/admin/Projects/embedded/ti/ti-cgt-c6000_8.3.7/lib/src/cpy_tbl.c
Unpacking /home/admin/Projects/embedded/ti/ti-cgt-c6000_8.3.7/lib/src/s_nextafterf.c
Unpacking /home/admin/Projects/embedded/ti/ti-cgt-c6000_8.3.7/lib/src/atol.c
Unpacking /home/admin/Projects/embedded/ti/ti-cgt-c6000_8.3.7/lib/src/s_conjf.c
Unpacking /home/admin/Projects/embedded/ti/ti-cgt-c6000_8.3.7/lib/src/locale_string.c
Unpacking /home/admin/Projects/embedded/ti/ti-cgt-c6000_8.3.7/lib/src/fixdull.c
Unpacking /home/admin/Projects/embedded/ti/ti-cgt-c6000_8.3.7/lib/src/tdeh_c6000.h
Unpacking /home/admin/Projects/embedded/ti/ti-cgt-c6000_8.3.7/lib/src/copy_decompress_rle.c
Unpacking /home/admin/Projects/embedded/ti/ti-cgt-c6000_8.3.7/lib/src/s_csqrt.c
Unpacking /home/admin/Projects/embedded/ti/ti-cgt-c6000_8.3.7/lib/src/s_clogf.c
Unpacking /home/admin/Projects/embedded/ti/ti-cgt-c6000_8.3.7/lib/src/memcmp.c
Unpacking /home/admin/Projects/embedded/ti/ti-cgt-c6000_8.3.7/lib/src/asprintf.c
Unpacking /home/admin/Projects/embedded/ti/ti-cgt-c6000_8.3.7/lib/src/locale_stdio.c
Unpacking /home/admin/Projects/embedded/ti/ti-cgt-c6000_8.3.7/lib/src/wcstoumax.c
Unpacking /home/admin/Projects/embedded/ti/ti-cgt-c6000_8.3.7/lib/src/wmemmove.c
Unpacking /home/admin/Projects/embedded/ti/ti-cgt-c6000_8.3.7/lib/src/w_cabsl.c
Unpacking /home/admin/Projects/embedded/ti/ti-cgt-c6000_8.3.7/lib/src/ftell.c
Unpacking /home/admin/Projects/embedded/ti/ti-cgt-c6000_8.3.7/lib/src/tls.h
Unpacking /home/admin/Projects/embedded/ti/ti-cgt-c6000_8.3.7/lib/src/isnan.c
Unpacking /home/admin/Projects/embedded/ti/ti-cgt-c6000_8.3.7/lib/src/memzero.c
Unpacking /home/admin/Projects/embedded/ti/ti-cgt-c6000_8.3.7/lib/src/wcstof.c
Unpacking /home/admin/Projects/embedded/ti/ti-cgt-c6000_8.3.7/lib/src/led.c
Unpacking /home/admin/Projects/embedded/ti/ti-cgt-c6000_8.3.7/lib/src/absf.c
Unpacking /home/admin/Projects/embedded/ti/ti-cgt-c6000_8.3.7/lib/src/autoinit.h
Unpacking /home/admin/Projects/embedded/ti/ti-cgt-c6000_8.3.7/lib/src/rtti.h
Unpacking /home/admin/Projects/embedded/ti/ti-cgt-c6000_8.3.7/lib/src/subf.c
Unpacking /home/admin/Projects/embedded/ti/ti-cgt-c6000_8.3.7/lib/src/ctype.h
Unpacking /home/admin/Projects/embedded/ti/ti-cgt-c6000_8.3.7/lib/src/acot2f.c
Unpacking /home/admin/Projects/embedded/ti/ti-cgt-c6000_8.3.7/lib/src/frcmpyf.c
Unpacking /home/admin/Projects/embedded/ti/ti-cgt-c6000_8.3.7/lib/src/c6x_veclib.c
Unpacking /home/admin/Projects/embedded/ti/ti-cgt-c6000_8.3.7/lib/src/negll.sa
Unpacking /home/admin/Projects/embedded/ti/ti-cgt-c6000_8.3.7/lib/src/_lock.h
Unpacking /home/admin/Projects/embedded/ti/ti-cgt-c6000_8.3.7/lib/src/mktime64.c
Unpacking /home/admin/Projects/embedded/ti/ti-cgt-c6000_8.3.7/lib/src/acot2.c
Unpacking /home/admin/Projects/embedded/ti/ti-cgt-c6000_8.3.7/lib/src/asctime.c
Unpacking /home/admin/Projects/embedded/ti/ti-cgt-c6000_8.3.7/lib/src/inttypes.h
Unpacking /home/admin/Projects/embedded/ti/ti-cgt-c6000_8.3.7/lib/src/_isfuncdcl.h
Unpacking /home/admin/Projects/embedded/ti/ti-cgt-c6000_8.3.7/lib/src/stdlib.h
Unpacking /home/admin/Projects/embedded/ti/ti-cgt-c6000_8.3.7/lib/src/vfwprintf.c
Unpacking /home/admin/Projects/embedded/ti/ti-cgt-c6000_8.3.7/lib/src/frcmpyf2_i.h
Unpacking /home/admin/Projects/embedded/ti/ti-cgt-c6000_8.3.7/lib/src/math_private.h
Unpacking /home/admin/Projects/embedded/ti/ti-cgt-c6000_8.3.7/lib/src/hosttime.c
Unpacking /home/admin/Projects/embedded/ti/ti-cgt-c6000_8.3.7/lib/src/outprof.c
Unpacking /home/admin/Projects/embedded/ti/ti-cgt-c6000_8.3.7/lib/src/_printfi_nf.c
Unpacking /home/admin/Projects/embedded/ti/ti-cgt-c6000_8.3.7/lib/src/lseek.c
Unpacking /home/admin/Projects/embedded/ti/ti-cgt-c6000_8.3.7/lib/src/snprintf.c
Unpacking /home/admin/Projects/embedded/ti/ti-cgt-c6000_8.3.7/lib/src/fltxf_i.h
Unpacking /home/admin/Projects/embedded/ti/ti-cgt-c6000_8.3.7/lib/src/assert.c
Unpacking /home/admin/Projects/embedded/ti/ti-cgt-c6000_8.3.7/lib/src/_scanfi_min.c
Unpacking /home/admin/Projects/embedded/ti/ti-cgt-c6000_8.3.7/lib/src/mpyf.c
Unpacking /home/admin/Projects/embedded/ti/ti-cgt-c6000_8.3.7/lib/src/cothf.c
Unpacking /home/admin/Projects/embedded/ti/ti-cgt-c6000_8.3.7/lib/src/acot2f_i.h
Unpacking /home/admin/Projects/embedded/ti/ti-cgt-c6000_8.3.7/lib/src/basics.h
Unpacking /home/admin/Projects/embedded/ti/ti-cgt-c6000_8.3.7/lib/src/eh.h
Unpacking /home/admin/Projects/embedded/ti/ti-cgt-c6000_8.3.7/lib/src/subf_i.h
Unpacking /home/admin/Projects/embedded/ti/ti-cgt-c6000_8.3.7/lib/src/mathf.h
Unpacking /home/admin/Projects/embedded/ti/ti-cgt-c6000_8.3.7/lib/src/s_lrintl.c
Unpacking /home/admin/Projects/embedded/ti/ti-cgt-c6000_8.3.7/lib/src/vprintf.c
Unpacking /home/admin/Projects/embedded/ti/ti-cgt-c6000_8.3.7/lib/src/memory.c
Unpacking /home/admin/Projects/embedded/ti/ti-cgt-c6000_8.3.7/lib/src/unlink.c
Unpacking /home/admin/Projects/embedded/ti/ti-cgt-c6000_8.3.7/lib/src/ged.c
Unpacking /home/admin/Projects/embedded/ti/ti-cgt-c6000_8.3.7/lib/src/acoth.c
Unpacking /home/admin/Projects/embedded/ti/ti-cgt-c6000_8.3.7/lib/src/atan2f_i.h
Unpacking /home/admin/Projects/embedded/ti/ti-cgt-c6000_8.3.7/lib/src/s_llrintf.c
Unpacking /home/admin/Projects/embedded/ti/ti-cgt-c6000_8.3.7/lib/src/locale_stdlib.c
Unpacking /home/admin/Projects/embedded/ti/ti-cgt-c6000_8.3.7/lib/src/time.h
Unpacking /home/admin/Projects/embedded/ti/ti-cgt-c6000_8.3.7/lib/src/exception.stdh
Unpacking /home/admin/Projects/embedded/ti/ti-cgt-c6000_8.3.7/lib/src/exception.c
Unpacking /home/admin/Projects/embedded/ti/ti-cgt-c6000_8.3.7/lib/src/_isfuncdef.h
Unpacking /home/admin/Projects/embedded/ti/ti-cgt-c6000_8.3.7/lib/src/math.h
Unpacking /home/admin/Projects/embedded/ti/ti-cgt-c6000_8.3.7/lib/src/divd.c
Unpacking /home/admin/Projects/embedded/ti/ti-cgt-c6000_8.3.7/lib/src/addd.c
Unpacking /home/admin/Projects/embedded/ti/ti-cgt-c6000_8.3.7/lib/src/strtoumax.c
Unpacking /home/admin/Projects/embedded/ti/ti-cgt-c6000_8.3.7/lib/src/double_config.h
Unpacking /home/admin/Projects/embedded/ti/ti-cgt-c6000_8.3.7/lib/src/vec_newdel.c
Unpacking /home/admin/Projects/embedded/ti/ti-cgt-c6000_8.3.7/lib/src/_pthread.c
Unpacking /home/admin/Projects/embedded/ti/ti-cgt-c6000_8.3.7/lib/src/memzero.h
Unpacking /home/admin/Projects/embedded/ti/ti-cgt-c6000_8.3.7/lib/src/frcdivf2_i.h
Unpacking /home/admin/Projects/embedded/ti/ti-cgt-c6000_8.3.7/lib/src/config.h
Unpacking /home/admin/Projects/embedded/ti/ti-cgt-c6000_8.3.7/lib/src/typeinfo.c
Unpacking /home/admin/Projects/embedded/ti/ti-cgt-c6000_8.3.7/lib/src/vars.c
Unpacking /home/admin/Projects/embedded/ti/ti-cgt-c6000_8.3.7/lib/src/strdup.c
Unpacking /home/admin/Projects/embedded/ti/ti-cgt-c6000_8.3.7/lib/src/s_llroundf.c
Unpacking /home/admin/Projects/embedded/ti/ti-cgt-c6000_8.3.7/lib/src/acothf_i.h
Unpacking /home/admin/Projects/embedded/ti/ti-cgt-c6000_8.3.7/lib/src/mathimpl.h
Unpacking /home/admin/Projects/embedded/ti/ti-cgt-c6000_8.3.7/lib/src/frcmpyf.h
Unpacking /home/admin/Projects/embedded/ti/ti-cgt-c6000_8.3.7/lib/src/rindex.c
Unpacking /home/admin/Projects/embedded/ti/ti-cgt-c6000_8.3.7/lib/src/fixdul.c
Unpacking /home/admin/Projects/embedded/ti/ti-cgt-c6000_8.3.7/lib/src/s_nextafter.c
Unpacking /home/admin/Projects/embedded/ti/ti-cgt-c6000_8.3.7/lib/src/wcstoul.c
Unpacking /home/admin/Projects/embedded/ti/ti-cgt-c6000_8.3.7/lib/src/fltlid.c
Unpacking /home/admin/Projects/embedded/ti/ti-cgt-c6000_8.3.7/lib/src/cvtdf.c
Unpacking /home/admin/Projects/embedded/ti/ti-cgt-c6000_8.3.7/lib/src/tanhf.c
Unpacking /home/admin/Projects/embedded/ti/ti-cgt-c6000_8.3.7/lib/src/sinf.c
Unpacking /home/admin/Projects/embedded/ti/ti-cgt-c6000_8.3.7/lib/src/powif_i.h
Unpacking /home/admin/Projects/embedded/ti/ti-cgt-c6000_8.3.7/lib/src/gtrf_i.h
Unpacking /home/admin/Projects/embedded/ti/ti-cgt-c6000_8.3.7/lib/src/swscanf.c
Unpacking /home/admin/Projects/embedded/ti/ti-cgt-c6000_8.3.7/lib/src/asinf.c
Unpacking /home/admin/Projects/embedded/ti/ti-cgt-c6000_8.3.7/lib/src/sin.c
Unpacking /home/admin/Projects/embedded/ti/ti-cgt-c6000_8.3.7/lib/src/common_exit.c
Unpacking /home/admin/Projects/embedded/ti/ti-cgt-c6000_8.3.7/lib/src/sinhf.c
Unpacking /home/admin/Projects/embedded/ti/ti-cgt-c6000_8.3.7/lib/src/_reg_synch_api.h
Unpacking /home/admin/Projects/embedded/ti/ti-cgt-c6000_8.3.7/lib/src/isinff.c
Unpacking /home/admin/Projects/embedded/ti/ti-cgt-c6000_8.3.7/lib/src/isfinitef.c
Unpacking /home/admin/Projects/embedded/ti/ti-cgt-c6000_8.3.7/lib/src/wcstod.c
Unpacking /home/admin/Projects/embedded/ti/ti-cgt-c6000_8.3.7/lib/src/logf_i.h
Unpacking /home/admin/Projects/embedded/ti/ti-cgt-c6000_8.3.7/lib/src/cmpd.c
Unpacking /home/admin/Projects/embedded/ti/ti-cgt-c6000_8.3.7/lib/src/fgetpos.c
Unpacking /home/admin/Projects/embedded/ti/ti-cgt-c6000_8.3.7/lib/src/sinhf_i.h
Unpacking /home/admin/Projects/embedded/ti/ti-cgt-c6000_8.3.7/lib/src/addf_i.h
Unpacking /home/admin/Projects/embedded/ti/ti-cgt-c6000_8.3.7/lib/src/b_exp.c
Unpacking /home/admin/Projects/embedded/ti/ti-cgt-c6000_8.3.7/lib/src/divtypes.h
Unpacking /home/admin/Projects/embedded/ti/ti-cgt-c6000_8.3.7/lib/src/wcscat.c
Unpacking /home/admin/Projects/embedded/ti/ti-cgt-c6000_8.3.7/lib/src/isxdigit.c
Unpacking /home/admin/Projects/embedded/ti/ti-cgt-c6000_8.3.7/lib/src/logf.c
Unpacking /home/admin/Projects/embedded/ti/ti-cgt-c6000_8.3.7/lib/src/log2f_i.h
Unpacking /home/admin/Projects/embedded/ti/ti-cgt-c6000_8.3.7/lib/src/llabs.c
Unpacking /home/admin/Projects/embedded/ti/ti-cgt-c6000_8.3.7/lib/src/cpy_tbl.h
Unpacking /home/admin/Projects/embedded/ti/ti-cgt-c6000_8.3.7/lib/src/complex.h
Unpacking /home/admin/Projects/embedded/ti/ti-cgt-c6000_8.3.7/lib/src/fenv.h
Unpacking /home/admin/Projects/embedded/ti/ti-cgt-c6000_8.3.7/lib/src/stdlib_exception.cpp
Unpacking /home/admin/Projects/embedded/ti/ti-cgt-c6000_8.3.7/lib/src/lssf_i.h
Unpacking /home/admin/Projects/embedded/ti/ti-cgt-c6000_8.3.7/lib/src/wmemcmp.c
Unpacking /home/admin/Projects/embedded/ti/ti-cgt-c6000_8.3.7/lib/src/acoshf_i.h
Unpacking /home/admin/Projects/embedded/ti/ti-cgt-c6000_8.3.7/lib/src/ti_fmax.c
Unpacking /home/admin/Projects/embedded/ti/ti-cgt-c6000_8.3.7/lib/src/s_rintf.c
Unpacking /home/admin/Projects/embedded/ti/ti-cgt-c6000_8.3.7/lib/src/hostclose.c
Unpacking /home/admin/Projects/embedded/ti/ti-cgt-c6000_8.3.7/lib/src/catrigf.c
Unpacking /home/admin/Projects/embedded/ti/ti-cgt-c6000_8.3.7/lib/src/fputws.c
Unpacking /home/admin/Projects/embedded/ti/ti-cgt-c6000_8.3.7/lib/src/rsqrt.c
Unpacking /home/admin/Projects/embedded/ti/ti-cgt-c6000_8.3.7/lib/src/hostgetenv.c
Unpacking /home/admin/Projects/embedded/ti/ti-cgt-c6000_8.3.7/lib/src/autoinit.c
Unpacking /home/admin/Projects/embedded/ti/ti-cgt-c6000_8.3.7/lib/src/asinf_i.h
Unpacking /home/admin/Projects/embedded/ti/ti-cgt-c6000_8.3.7/lib/src/round.c
Unpacking /home/admin/Projects/embedded/ti/ti-cgt-c6000_8.3.7/lib/src/divi.asm
Unpacking /home/admin/Projects/embedded/ti/ti-cgt-c6000_8.3.7/lib/src/setvbuf.c
Unpacking /home/admin/Projects/embedded/ti/ti-cgt-c6000_8.3.7/lib/src/gtd.c
Unpacking /home/admin/Projects/embedded/ti/ti-cgt-c6000_8.3.7/lib/src/fixdli.c
Unpacking /home/admin/Projects/embedded/ti/ti-cgt-c6000_8.3.7/lib/src/ieeemask.h
Unpacking /home/admin/Projects/embedded/ti/ti-cgt-c6000_8.3.7/lib/src/imaxabs.c
Unpacking /home/admin/Projects/embedded/ti/ti-cgt-c6000_8.3.7/lib/src/s_llround.c
Unpacking /home/admin/Projects/embedded/ti/ti-cgt-c6000_8.3.7/lib/src/fltid.c
Unpacking /home/admin/Projects/embedded/ti/ti-cgt-c6000_8.3.7/lib/src/s_remquo.c
Unpacking /home/admin/Projects/embedded/ti/ti-cgt-c6000_8.3.7/lib/src/wchar.h
Unpacking /home/admin/Projects/embedded/ti/ti-cgt-c6000_8.3.7/lib/src/wcslen.c
Unpacking /home/admin/Projects/embedded/ti/ti-cgt-c6000_8.3.7/lib/src/locale_time.c
Unpacking /home/admin/Projects/embedded/ti/ti-cgt-c6000_8.3.7/lib/src/s_erf.c
Unpacking /home/admin/Projects/embedded/ti/ti-cgt-c6000_8.3.7/lib/src/_defs.h
Unpacking /home/admin/Projects/embedded/ti/ti-cgt-c6000_8.3.7/lib/src/strings.h
Unpacking /home/admin/Projects/embedded/ti/ti-cgt-c6000_8.3.7/lib/src/iso646.h
Unpacking /home/admin/Projects/embedded/ti/ti-cgt-c6000_8.3.7/lib/src/frcaddf_i.h
Unpacking /home/admin/Projects/embedded/ti/ti-cgt-c6000_8.3.7/lib/src/divremx_i.h
Unpacking /home/admin/Projects/embedded/ti/ti-cgt-c6000_8.3.7/lib/src/s_creal.c
Unpacking /home/admin/Projects/embedded/ti/ti-cgt-c6000_8.3.7/lib/src/s_cexpf.c
Unpacking /home/admin/Projects/embedded/ti/ti-cgt-c6000_8.3.7/lib/src/_scanfi_nf.c
Unpacking /home/admin/Projects/embedded/ti/ti-cgt-c6000_8.3.7/lib/src/wprintf.c
Unpacking /home/admin/Projects/embedded/ti/ti-cgt-c6000_8.3.7/lib/src/iscntrl.c
Unpacking /home/admin/Projects/embedded/ti/ti-cgt-c6000_8.3.7/lib/src/feof.c
Unpacking /home/admin/Projects/embedded/ti/ti-cgt-c6000_8.3.7/lib/src/tls_get_tp.asm
Unpacking /home/admin/Projects/embedded/ti/ti-cgt-c6000_8.3.7/lib/src/tdeh_unwinder.cpp
Unpacking /home/admin/Projects/embedded/ti/ti-cgt-c6000_8.3.7/lib/src/stdbool.h
Unpacking /home/admin/Projects/embedded/ti/ti-cgt-c6000_8.3.7/lib/src/ecvt.c
Unpacking /home/admin/Projects/embedded/ti/ti-cgt-c6000_8.3.7/lib/src/c60asm.i
Unpacking /home/admin/Projects/embedded/ti/ti-cgt-c6000_8.3.7/lib/src/cpp_inline_math.h
Unpacking /home/admin/Projects/embedded/ti/ti-cgt-c6000_8.3.7/lib/src/fgets.c
Unpacking /home/admin/Projects/embedded/ti/ti-cgt-c6000_8.3.7/lib/src/fixfli.c
Unpacking /home/admin/Projects/embedded/ti/ti-cgt-c6000_8.3.7/lib/src/pprof_cio.c
Unpacking /home/admin/Projects/embedded/ti/ti-cgt-c6000_8.3.7/lib/src/acosh.c
Unpacking /home/admin/Projects/embedded/ti/ti-cgt-c6000_8.3.7/lib/src/s_csqrtf.c
Unpacking /home/admin/Projects/embedded/ti/ti-cgt-c6000_8.3.7/lib/src/_data_synch.h
Unpacking /home/admin/Projects/embedded/ti/ti-cgt-c6000_8.3.7/lib/src/strtol.c
Unpacking /home/admin/Projects/embedded/ti/ti-cgt-c6000_8.3.7/lib/src/math_intr_access.h
Unpacking /home/admin/Projects/embedded/ti/ti-cgt-c6000_8.3.7/lib/src/float.h
Unpacking /home/admin/Projects/embedded/ti/ti-cgt-c6000_8.3.7/lib/src/fputs.c
Unpacking /home/admin/Projects/embedded/ti/ti-cgt-c6000_8.3.7/lib/src/strlen.c
Unpacking /home/admin/Projects/embedded/ti/ti-cgt-c6000_8.3.7/lib/src/wcstoull.c
Unpacking /home/admin/Projects/embedded/ti/ti-cgt-c6000_8.3.7/lib/src/limits.h
Unpacking /home/admin/Projects/embedded/ti/ti-cgt-c6000_8.3.7/lib/src/weak_return.c
Unpacking /home/admin/Projects/embedded/ti/ti-cgt-c6000_8.3.7/lib/src/frcaddd.h
Unpacking /home/admin/Projects/embedded/ti/ti-cgt-c6000_8.3.7/lib/src/sqrtf.c
Unpacking /home/admin/Projects/embedded/ti/ti-cgt-c6000_8.3.7/lib/src/wcstok.c
Unpacking /home/admin/Projects/embedded/ti/ti-cgt-c6000_8.3.7/lib/src/w_cabs.c
Unpacking /home/admin/Projects/embedded/ti/ti-cgt-c6000_8.3.7/lib/src/s_ccosh.c
Unpacking /home/admin/Projects/embedded/ti/ti-cgt-c6000_8.3.7/lib/src/acotf_i.h
Unpacking /home/admin/Projects/embedded/ti/ti-cgt-c6000_8.3.7/lib/src/wmemset.c
Unpacking /home/admin/Projects/embedded/ti/ti-cgt-c6000_8.3.7/lib/src/powf.c
Unpacking /home/admin/Projects/embedded/ti/ti-cgt-c6000_8.3.7/lib/src/rewind.c
Unpacking /home/admin/Projects/embedded/ti/ti-cgt-c6000_8.3.7/lib/src/s_cimagl.c
Unpacking /home/admin/Projects/embedded/ti/ti-cgt-c6000_8.3.7/lib/src/frexp2_i.h
Unpacking /home/admin/Projects/embedded/ti/ti-cgt-c6000_8.3.7/lib/src/log2f.c
Unpacking /home/admin/Projects/embedded/ti/ti-cgt-c6000_8.3.7/lib/src/fixdi.c
Unpacking /home/admin/Projects/embedded/ti/ti-cgt-c6000_8.3.7/lib/src/numconst.h
Unpacking /home/admin/Projects/embedded/ti/ti-cgt-c6000_8.3.7/lib/src/s_fmaf.c
Unpacking /home/admin/Projects/embedded/ti/ti-cgt-c6000_8.3.7/lib/src/s_lroundf.c
Unpacking /home/admin/Projects/embedded/ti/ti-cgt-c6000_8.3.7/lib/src/_ti_config.h
Unpacking /home/admin/Projects/embedded/ti/ti-cgt-c6000_8.3.7/lib/src/fixfull.c
Unpacking /home/admin/Projects/embedded/ti/ti-cgt-c6000_8.3.7/lib/src/lltoa.c
Unpacking /home/admin/Projects/embedded/ti/ti-cgt-c6000_8.3.7/lib/src/isgraph.c
Unpacking /home/admin/Projects/embedded/ti/ti-cgt-c6000_8.3.7/lib/src/mpyll.c
Unpacking /home/admin/Projects/embedded/ti/ti-cgt-c6000_8.3.7/lib/src/s_llroundl.c
Unpacking /home/admin/Projects/embedded/ti/ti-cgt-c6000_8.3.7/lib/src/fixfy_i.h
Unpacking /home/admin/Projects/embedded/ti/ti-cgt-c6000_8.3.7/lib/src/xlocale.h
Unpacking /home/admin/Projects/embedded/ti/ti-cgt-c6000_8.3.7/lib/src/s_remquof.c
Unpacking /home/admin/Projects/embedded/ti/ti-cgt-c6000_8.3.7/lib/src/floorf.c
Unpacking /home/admin/Projects/embedded/ti/ti-cgt-c6000_8.3.7/lib/src/trgcio.h
Unpacking /home/admin/Projects/embedded/ti/ti-cgt-c6000_8.3.7/lib/src/_scanfi.c
Unpacking /home/admin/Projects/embedded/ti/ti-cgt-c6000_8.3.7/lib/src/close.c
Unpacking /home/admin/Projects/embedded/ti/ti-cgt-c6000_8.3.7/lib/src/setbuf.c
Unpacking /home/admin/Projects/embedded/ti/ti-cgt-c6000_8.3.7/lib/src/s_ccoshf.c
Unpacking /home/admin/Projects/embedded/ti/ti-cgt-c6000_8.3.7/lib/src/modff.c
Unpacking /home/admin/Projects/embedded/ti/ti-cgt-c6000_8.3.7/lib/src/cot.c
Unpacking /home/admin/Projects/embedded/ti/ti-cgt-c6000_8.3.7/lib/src/s_nearbyint.c
Unpacking /home/admin/Projects/embedded/ti/ti-cgt-c6000_8.3.7/lib/src/stdlib_typeinfo.cpp
Unpacking /home/admin/Projects/embedded/ti/ti-cgt-c6000_8.3.7/lib/src/isupper.c
Unpacking /home/admin/Projects/embedded/ti/ti-cgt-c6000_8.3.7/lib/src/wmemchr.c
Unpacking /home/admin/Projects/embedded/ti/ti-cgt-c6000_8.3.7/lib/src/strcmp.c
Unpacking /home/admin/Projects/embedded/ti/ti-cgt-c6000_8.3.7/lib/src/geqf_i.h
Unpacking /home/admin/Projects/embedded/ti/ti-cgt-c6000_8.3.7/lib/src/gef.c
Unpacking /home/admin/Projects/embedded/ti/ti-cgt-c6000_8.3.7/lib/src/frcmpyf_div.c
Unpacking /home/admin/Projects/embedded/ti/ti-cgt-c6000_8.3.7/lib/src/cmpf_i.h
Unpacking /home/admin/Projects/embedded/ti/ti-cgt-c6000_8.3.7/lib/src/strstr.c
Unpacking /home/admin/Projects/embedded/ti/ti-cgt-c6000_8.3.7/lib/src/acoshf.c
Unpacking /home/admin/Projects/embedded/ti/ti-cgt-c6000_8.3.7/lib/src/tdeh_common.h
Unpacking /home/admin/Projects/embedded/ti/ti-cgt-c6000_8.3.7/lib/src/s_cpow.c
Unpacking /home/admin/Projects/embedded/ti/ti-cgt-c6000_8.3.7/lib/src/fsetpos.c
Unpacking /home/admin/Projects/embedded/ti/ti-cgt-c6000_8.3.7/lib/src/xlocale/_monetary.h
Unpacking /home/admin/Projects/embedded/ti/ti-cgt-c6000_8.3.7/lib/src/xlocale/_string.h
Unpacking /home/admin/Projects/embedded/ti/ti-cgt-c6000_8.3.7/lib/src/xlocale/_stdlib.h
Unpacking /home/admin/Projects/embedded/ti/ti-cgt-c6000_8.3.7/lib/src/xlocale/_langinfo.h
Unpacking /home/admin/Projects/embedded/ti/ti-cgt-c6000_8.3.7/lib/src/xlocale/_stdio.h
Unpacking /home/admin/Projects/embedded/ti/ti-cgt-c6000_8.3.7/lib/src/xlocale/_ctype.h
Unpacking /home/admin/Projects/embedded/ti/ti-cgt-c6000_8.3.7/lib/src/xlocale/_locale.h
Unpacking /home/admin/Projects/embedded/ti/ti-cgt-c6000_8.3.7/lib/src/xlocale/_inttypes.h
Unpacking /home/admin/Projects/embedded/ti/ti-cgt-c6000_8.3.7/lib/src/xlocale/_time.h
Unpacking /home/admin/Projects/embedded/ti/ti-cgt-c6000_8.3.7/lib/src/xlocale/_wchar.h
Unpacking /home/admin/Projects/embedded/ti/ti-cgt-c6000_8.3.7/lib/src/sys/stdint.h
Unpacking /home/admin/Projects/embedded/ti/ti-cgt-c6000_8.3.7/lib/src/sys/_types.h
Unpacking /home/admin/Projects/embedded/ti/ti-cgt-c6000_8.3.7/lib/src/sys/cdefs.h
Unpacking /home/admin/Projects/embedded/ti/ti-cgt-c6000_8.3.7/lib/src/sys/_timespec.h
Unpacking /home/admin/Projects/embedded/ti/ti-cgt-c6000_8.3.7/lib/src/sys/_null.h
Unpacking /home/admin/Projects/embedded/ti/ti-cgt-c6000_8.3.7/lib/src/sys/_stdint.h
Unpacking /home/admin/Projects/embedded/ti/ti-cgt-c6000_8.3.7/lib/src/sys/timespec.h
Unpacking /home/admin/Projects/embedded/ti/ti-cgt-c6000_8.3.7/lib/src/sys/select.h
Unpacking /home/admin/Projects/embedded/ti/ti-cgt-c6000_8.3.7/lib/src/sys/_timeval.h
Unpacking /home/admin/Projects/embedded/ti/ti-cgt-c6000_8.3.7/lib/src/sys/_sigset.h
Unpacking /home/admin/Projects/embedded/ti/ti-cgt-c6000_8.3.7/lib/src/sys/types.h
Unpacking /home/admin/Projects/embedded/ti/ti-cgt-c6000_8.3.7/lib/src/machine/_types.h
Unpacking /home/admin/Projects/embedded/ti/ti-cgt-c6000_8.3.7/lib/src/machine/_limits.h
Unpacking /home/admin/Projects/embedded/ti/ti-cgt-c6000_8.3.7/lib/src/machine/endian.h
Unpacking /home/admin/Projects/embedded/ti/ti-cgt-c6000_8.3.7/lib/src/machine/_stdint.h
Unpacking /home/admin/Projects/embedded/ti/ti-cgt-c6000_8.3.7/lib/src/machine/_inttypes.h
Unpacking /home/admin/Projects/embedded/ti/ti-cgt-c6000_8.3.7/lib/src/libcxx/stdint.h
Unpacking /home/admin/Projects/embedded/ti/ti-cgt-c6000_8.3.7/lib/src/libcxx/memory
Unpacking /home/admin/Projects/embedded/ti/ti-cgt-c6000_8.3.7/lib/src/libcxx/__bsd_locale_defaults.h
Unpacking /home/admin/Projects/embedded/ti/ti-cgt-c6000_8.3.7/lib/src/libcxx/cwchar
Unpacking /home/admin/Projects/embedded/ti/ti-cgt-c6000_8.3.7/lib/src/libcxx/iostream.cpp
Unpacking /home/admin/Projects/embedded/ti/ti-cgt-c6000_8.3.7/lib/src/libcxx/valarray.cpp
Unpacking /home/admin/Projects/embedded/ti/ti-cgt-c6000_8.3.7/lib/src/libcxx/__functional_base_03
Unpacking /home/admin/Projects/embedded/ti/ti-cgt-c6000_8.3.7/lib/src/libcxx/__sso_allocator
Unpacking /home/admin/Projects/embedded/ti/ti-cgt-c6000_8.3.7/lib/src/libcxx/cerrno
Unpacking /home/admin/Projects/embedded/ti/ti-cgt-c6000_8.3.7/lib/src/libcxx/__config
Unpacking /home/admin/Projects/embedded/ti/ti-cgt-c6000_8.3.7/lib/src/libcxx/chrono.cpp
Unpacking /home/admin/Projects/embedded/ti/ti-cgt-c6000_8.3.7/lib/src/libcxx/stddef.h
Unpacking /home/admin/Projects/embedded/ti/ti-cgt-c6000_8.3.7/lib/src/libcxx/strstream
Unpacking /home/admin/Projects/embedded/ti/ti-cgt-c6000_8.3.7/lib/src/libcxx/cctype
Unpacking /home/admin/Projects/embedded/ti/ti-cgt-c6000_8.3.7/lib/src/libcxx/mutex.cpp
Unpacking /home/admin/Projects/embedded/ti/ti-cgt-c6000_8.3.7/lib/src/libcxx/map
Unpacking /home/admin/Projects/embedded/ti/ti-cgt-c6000_8.3.7/lib/src/libcxx/string.cpp
Unpacking /home/admin/Projects/embedded/ti/ti-cgt-c6000_8.3.7/lib/src/libcxx/wctype.h
Unpacking /home/admin/Projects/embedded/ti/ti-cgt-c6000_8.3.7/lib/src/libcxx/cstddef
Unpacking /home/admin/Projects/embedded/ti/ti-cgt-c6000_8.3.7/lib/src/libcxx/variant.cpp
Unpacking /home/admin/Projects/embedded/ti/ti-cgt-c6000_8.3.7/lib/src/libcxx/__libcxx_extra.h
Unpacking /home/admin/Projects/embedded/ti/ti-cgt-c6000_8.3.7/lib/src/libcxx/iosfwd
Unpacking /home/admin/Projects/embedded/ti/ti-cgt-c6000_8.3.7/lib/src/libcxx/istream
Unpacking /home/admin/Projects/embedded/ti/ti-cgt-c6000_8.3.7/lib/src/libcxx/iostream
Unpacking /home/admin/Projects/embedded/ti/ti-cgt-c6000_8.3.7/lib/src/libcxx/streambuf
Unpacking /home/admin/Projects/embedded/ti/ti-cgt-c6000_8.3.7/lib/src/libcxx/variant
Unpacking /home/admin/Projects/embedded/ti/ti-cgt-c6000_8.3.7/lib/src/libcxx/cstdarg
Unpacking /home/admin/Projects/embedded/ti/ti-cgt-c6000_8.3.7/lib/src/libcxx/algorithm.cpp
Unpacking /home/admin/Projects/embedded/ti/ti-cgt-c6000_8.3.7/lib/src/libcxx/tgmath.h
Unpacking /home/admin/Projects/embedded/ti/ti-cgt-c6000_8.3.7/lib/src/libcxx/algorithm
Unpacking /home/admin/Projects/embedded/ti/ti-cgt-c6000_8.3.7/lib/src/libcxx/__config_site
Unpacking /home/admin/Projects/embedded/ti/ti-cgt-c6000_8.3.7/lib/src/libcxx/ccomplex
Unpacking /home/admin/Projects/embedded/ti/ti-cgt-c6000_8.3.7/lib/src/libcxx/regex
Unpacking /home/admin/Projects/embedded/ti/ti-cgt-c6000_8.3.7/lib/src/libcxx/string
Unpacking /home/admin/Projects/embedded/ti/ti-cgt-c6000_8.3.7/lib/src/libcxx/vector.cpp
Unpacking /home/admin/Projects/embedded/ti/ti-cgt-c6000_8.3.7/lib/src/libcxx/unordered_map
Unpacking /home/admin/Projects/embedded/ti/ti-cgt-c6000_8.3.7/lib/src/libcxx/chrono
Unpacking /home/admin/Projects/embedded/ti/ti-cgt-c6000_8.3.7/lib/src/libcxx/__functional_03
Unpacking /home/admin/Projects/embedded/ti/ti-cgt-c6000_8.3.7/lib/src/libcxx/ios
Unpacking /home/admin/Projects/embedded/ti/ti-cgt-c6000_8.3.7/lib/src/libcxx/cinttypes
Unpacking /home/admin/Projects/embedded/ti/ti-cgt-c6000_8.3.7/lib/src/libcxx/__libcpp_version
Unpacking /home/admin/Projects/embedded/ti/ti-cgt-c6000_8.3.7/lib/src/libcxx/vector
Unpacking /home/admin/Projects/embedded/ti/ti-cgt-c6000_8.3.7/lib/src/libcxx/exception
Unpacking /home/admin/Projects/embedded/ti/ti-cgt-c6000_8.3.7/lib/src/libcxx/__threading_support
Unpacking /home/admin/Projects/embedded/ti/ti-cgt-c6000_8.3.7/lib/src/libcxx/__functional_base
Unpacking /home/admin/Projects/embedded/ti/ti-cgt-c6000_8.3.7/lib/src/libcxx/mutex
Unpacking /home/admin/Projects/embedded/ti/ti-cgt-c6000_8.3.7/lib/src/libcxx/string_view
Unpacking /home/admin/Projects/embedded/ti/ti-cgt-c6000_8.3.7/lib/src/libcxx/bitset
Unpacking /home/admin/Projects/embedded/ti/ti-cgt-c6000_8.3.7/lib/src/libcxx/array
Unpacking /home/admin/Projects/embedded/ti/ti-cgt-c6000_8.3.7/lib/src/libcxx/__mutex_base
Unpacking /home/admin/Projects/embedded/ti/ti-cgt-c6000_8.3.7/lib/src/libcxx/errno.h
Unpacking /home/admin/Projects/embedded/ti/ti-cgt-c6000_8.3.7/lib/src/libcxx/string.h
Unpacking /home/admin/Projects/embedded/ti/ti-cgt-c6000_8.3.7/lib/src/libcxx/cmath
Unpacking /home/admin/Projects/embedded/ti/ti-cgt-c6000_8.3.7/lib/src/libcxx/__hash_table
Unpacking /home/admin/Projects/embedded/ti/ti-cgt-c6000_8.3.7/lib/src/libcxx/locale.cpp
Unpacking /home/admin/Projects/embedded/ti/ti-cgt-c6000_8.3.7/lib/src/libcxx/utility
Unpacking /home/admin/Projects/embedded/ti/ti-cgt-c6000_8.3.7/lib/src/libcxx/stack
Unpacking /home/admin/Projects/embedded/ti/ti-cgt-c6000_8.3.7/lib/src/libcxx/system_error
Unpacking /home/admin/Projects/embedded/ti/ti-cgt-c6000_8.3.7/lib/src/libcxx/clocale
Unpacking /home/admin/Projects/embedded/ti/ti-cgt-c6000_8.3.7/lib/src/libcxx/locale
Unpacking /home/admin/Projects/embedded/ti/ti-cgt-c6000_8.3.7/lib/src/libcxx/csetjmp
Unpacking /home/admin/Projects/embedded/ti/ti-cgt-c6000_8.3.7/lib/src/libcxx/utility.cpp
Unpacking /home/admin/Projects/embedded/ti/ti-cgt-c6000_8.3.7/lib/src/libcxx/deque
Unpacking /home/admin/Projects/embedded/ti/ti-cgt-c6000_8.3.7/lib/src/libcxx/cstdint
Unpacking /home/admin/Projects/embedded/ti/ti-cgt-c6000_8.3.7/lib/src/libcxx/valarray
Unpacking /home/admin/Projects/embedded/ti/ti-cgt-c6000_8.3.7/lib/src/libcxx/__tuple
Unpacking /home/admin/Projects/embedded/ti/ti-cgt-c6000_8.3.7/lib/src/libcxx/unordered_set
Unpacking /home/admin/Projects/embedded/ti/ti-cgt-c6000_8.3.7/lib/src/libcxx/queue
Unpacking /home/admin/Projects/embedded/ti/ti-cgt-c6000_8.3.7/lib/src/libcxx/memory.cpp
Unpacking /home/admin/Projects/embedded/ti/ti-cgt-c6000_8.3.7/lib/src/libcxx/system_error.cpp
Unpacking /home/admin/Projects/embedded/ti/ti-cgt-c6000_8.3.7/lib/src/libcxx/setjmp.h
Unpacking /home/admin/Projects/embedded/ti/ti-cgt-c6000_8.3.7/lib/src/libcxx/new.cpp
Unpacking /home/admin/Projects/embedded/ti/ti-cgt-c6000_8.3.7/lib/src/libcxx/random.cpp
Unpacking /home/admin/Projects/embedded/ti/ti-cgt-c6000_8.3.7/lib/src/libcxx/cstdio
Unpacking /home/admin/Projects/embedded/ti/ti-cgt-c6000_8.3.7/lib/src/libcxx/sstream
Unpacking /home/admin/Projects/embedded/ti/ti-cgt-c6000_8.3.7/lib/src/libcxx/numeric
Unpacking /home/admin/Projects/embedded/ti/ti-cgt-c6000_8.3.7/lib/src/libcxx/bind.cpp
Unpacking /home/admin/Projects/embedded/ti/ti-cgt-c6000_8.3.7/lib/src/libcxx/locale.h
Unpacking /home/admin/Projects/embedded/ti/ti-cgt-c6000_8.3.7/lib/src/libcxx/ctgmath
Unpacking /home/admin/Projects/embedded/ti/ti-cgt-c6000_8.3.7/lib/src/libcxx/cfloat
Unpacking /home/admin/Projects/embedded/ti/ti-cgt-c6000_8.3.7/lib/src/libcxx/__bit_reference
Unpacking /home/admin/Projects/embedded/ti/ti-cgt-c6000_8.3.7/lib/src/libcxx/ios.cpp
Unpacking /home/admin/Projects/embedded/ti/ti-cgt-c6000_8.3.7/lib/src/libcxx/regex.cpp
Unpacking /home/admin/Projects/embedded/ti/ti-cgt-c6000_8.3.7/lib/src/libcxx/new
Unpacking /home/admin/Projects/embedded/ti/ti-cgt-c6000_8.3.7/lib/src/libcxx/__locale
Unpacking /home/admin/Projects/embedded/ti/ti-cgt-c6000_8.3.7/lib/src/libcxx/strstream.cpp
Unpacking /home/admin/Projects/embedded/ti/ti-cgt-c6000_8.3.7/lib/src/libcxx/__split_buffer
Unpacking /home/admin/Projects/embedded/ti/ti-cgt-c6000_8.3.7/lib/src/libcxx/stdexcept.cpp
Unpacking /home/admin/Projects/embedded/ti/ti-cgt-c6000_8.3.7/lib/src/libcxx/__string
Unpacking /home/admin/Projects/embedded/ti/ti-cgt-c6000_8.3.7/lib/src/libcxx/initializer_list
Unpacking /home/admin/Projects/embedded/ti/ti-cgt-c6000_8.3.7/lib/src/libcxx/fstream
Unpacking /home/admin/Projects/embedded/ti/ti-cgt-c6000_8.3.7/lib/src/libcxx/random
Unpacking /home/admin/Projects/embedded/ti/ti-cgt-c6000_8.3.7/lib/src/libcxx/hash.cpp
Unpacking /home/admin/Projects/embedded/ti/ti-cgt-c6000_8.3.7/lib/src/libcxx/stdio.h
Unpacking /home/admin/Projects/embedded/ti/ti-cgt-c6000_8.3.7/lib/src/libcxx/functional
Unpacking /home/admin/Projects/embedded/ti/ti-cgt-c6000_8.3.7/lib/src/libcxx/limits
Unpacking /home/admin/Projects/embedded/ti/ti-cgt-c6000_8.3.7/lib/src/libcxx/cstdlib
Unpacking /home/admin/Projects/embedded/ti/ti-cgt-c6000_8.3.7/lib/src/libcxx/__std_stream
Unpacking /home/admin/Projects/embedded/ti/ti-cgt-c6000_8.3.7/lib/src/libcxx/__undef_macros
Unpacking /home/admin/Projects/embedded/ti/ti-cgt-c6000_8.3.7/lib/src/libcxx/ctype.h
Unpacking /home/admin/Projects/embedded/ti/ti-cgt-c6000_8.3.7/lib/src/libcxx/inttypes.h
Unpacking /home/admin/Projects/embedded/ti/ti-cgt-c6000_8.3.7/lib/src/libcxx/stdlib.h
Unpacking /home/admin/Projects/embedded/ti/ti-cgt-c6000_8.3.7/lib/src/libcxx/ciso646
Unpacking /home/admin/Projects/embedded/ti/ti-cgt-c6000_8.3.7/lib/src/libcxx/ratio
Unpacking /home/admin/Projects/embedded/ti/ti-cgt-c6000_8.3.7/lib/src/libcxx/condition_variable
Unpacking /home/admin/Projects/embedded/ti/ti-cgt-c6000_8.3.7/lib/src/libcxx/cstdbool
Unpacking /home/admin/Projects/embedded/ti/ti-cgt-c6000_8.3.7/lib/src/libcxx/debug.cpp
Unpacking /home/admin/Projects/embedded/ti/ti-cgt-c6000_8.3.7/lib/src/libcxx/math.h
Unpacking /home/admin/Projects/embedded/ti/ti-cgt-c6000_8.3.7/lib/src/libcxx/exception.cpp
Unpacking /home/admin/Projects/embedded/ti/ti-cgt-c6000_8.3.7/lib/src/libcxx/typeinfo
Unpacking /home/admin/Projects/embedded/ti/ti-cgt-c6000_8.3.7/lib/src/libcxx/__nullptr
Unpacking /home/admin/Projects/embedded/ti/ti-cgt-c6000_8.3.7/lib/src/libcxx/cstring
Unpacking /home/admin/Projects/embedded/ti/ti-cgt-c6000_8.3.7/lib/src/libcxx/ostream
Unpacking /home/admin/Projects/embedded/ti/ti-cgt-c6000_8.3.7/lib/src/libcxx/typeinfo.cpp
Unpacking /home/admin/Projects/embedded/ti/ti-cgt-c6000_8.3.7/lib/src/libcxx/condition_variable.cpp
Unpacking /home/admin/Projects/embedded/ti/ti-cgt-c6000_8.3.7/lib/src/libcxx/complex.h
Unpacking /home/admin/Projects/embedded/ti/ti-cgt-c6000_8.3.7/lib/src/libcxx/tuple
Unpacking /home/admin/Projects/embedded/ti/ti-cgt-c6000_8.3.7/lib/src/libcxx/ctime
Unpacking /home/admin/Projects/embedded/ti/ti-cgt-c6000_8.3.7/lib/src/libcxx/stdexcept
Unpacking /home/admin/Projects/embedded/ti/ti-cgt-c6000_8.3.7/lib/src/libcxx/wchar.h
Unpacking /home/admin/Projects/embedded/ti/ti-cgt-c6000_8.3.7/lib/src/libcxx/cfenv
Unpacking /home/admin/Projects/embedded/ti/ti-cgt-c6000_8.3.7/lib/src/libcxx/cassert
Unpacking /home/admin/Projects/embedded/ti/ti-cgt-c6000_8.3.7/lib/src/libcxx/climits
Unpacking /home/admin/Projects/embedded/ti/ti-cgt-c6000_8.3.7/lib/src/libcxx/stdbool.h
Unpacking /home/admin/Projects/embedded/ti/ti-cgt-c6000_8.3.7/lib/src/libcxx/cwctype
Unpacking /home/admin/Projects/embedded/ti/ti-cgt-c6000_8.3.7/lib/src/libcxx/complex
Unpacking /home/admin/Projects/embedded/ti/ti-cgt-c6000_8.3.7/lib/src/libcxx/float.h
Unpacking /home/admin/Projects/embedded/ti/ti-cgt-c6000_8.3.7/lib/src/libcxx/type_traits
Unpacking /home/admin/Projects/embedded/ti/ti-cgt-c6000_8.3.7/lib/src/libcxx/codecvt
Unpacking /home/admin/Projects/embedded/ti/ti-cgt-c6000_8.3.7/lib/src/libcxx/limits.h
Unpacking /home/admin/Projects/embedded/ti/ti-cgt-c6000_8.3.7/lib/src/libcxx/__tree
Unpacking /home/admin/Projects/embedded/ti/ti-cgt-c6000_8.3.7/lib/src/libcxx/list
Unpacking /home/admin/Projects/embedded/ti/ti-cgt-c6000_8.3.7/lib/src/libcxx/functional.cpp
Unpacking /home/admin/Projects/embedded/ti/ti-cgt-c6000_8.3.7/lib/src/libcxx/set
Unpacking /home/admin/Projects/embedded/ti/ti-cgt-c6000_8.3.7/lib/src/libcxx/forward_list
Unpacking /home/admin/Projects/embedded/ti/ti-cgt-c6000_8.3.7/lib/src/libcxx/typeindex
Unpacking /home/admin/Projects/embedded/ti/ti-cgt-c6000_8.3.7/lib/src/libcxx/__debug
Unpacking /home/admin/Projects/embedded/ti/ti-cgt-c6000_8.3.7/lib/src/libcxx/csignal
Unpacking /home/admin/Projects/embedded/ti/ti-cgt-c6000_8.3.7/lib/src/libcxx/iterator
Unpacking /home/admin/Projects/embedded/ti/ti-cgt-c6000_8.3.7/lib/src/libcxx/iomanip
Unpacking /home/admin/Projects/embedded/ti/ti-cgt-c6000_8.3.7/lib/src/libcxx/scoped_allocator
Unpacking /home/admin/Projects/embedded/ti/ti-cgt-c6000_8.3.7/lib/src/libcxx/include/refstring.h
Unpacking /home/admin/Projects/embedded/ti/ti-cgt-c6000_8.3.7/lib/src/libcxx/include/config_elast.h
Unpacking /home/admin/Projects/embedded/ti/ti-cgt-c6000_8.3.7/lib/src/libcxx/include/atomic_support.h
Unpacking /home/admin/Projects/embedded/ti/ti-cgt-c6000_8.3.7/lib/src/libcxx/support/runtime/new_handler_fallback.ipp
Unpacking /home/admin/Projects/embedded/ti/ti-cgt-c6000_8.3.7/lib/src/libcxx/support/runtime/exception_ti.ipp
Unpacking /home/admin/Projects/embedded/ti/ti-cgt-c6000_8.3.7/lib/src/libcxx/support/runtime/exception_pointer_unimplemented.ipp
Unpacking /home/admin/Projects/embedded/ti/ti-cgt-c6000_8.3.7/lib/src/libcxx/support/ti/__locale_fallback.h
Unpacking /home/admin/Projects/embedded/ti/ti-cgt-c6000_8.3.7/lib/src/libcxx/support/ti/support.h
Unpacking /home/admin/Projects/embedded/ti/ti-cgt-c6000_8.3.7/lib/src/libcxx/support/ti/__limit_defs.h
Unpacking /home/admin/Projects/embedded/ti/ti-cgt-c6000_8.3.7/lib/src/libcxx/ext/hash_map
Unpacking /home/admin/Projects/embedded/ti/ti-cgt-c6000_8.3.7/lib/src/libcxx/ext/__hash
Unpacking /home/admin/Projects/embedded/ti/ti-cgt-c6000_8.3.7/lib/src/libcxx/ext/hash_set
Creating Uninstaller
Creating uninstaller 25%
Creating uninstaller 50%
Creating uninstaller 75%
Creating uninstaller 100%
Installation completed
Log finished 07/07/2020 at 12:00:57
Exiting with code 0
