Log started 07/07/2020 at 14:10:34
Preferred installation mode : gtk
Trying to init installer in mode xwindow
Trying to init installer in mode text
Mode text successfully initialized
Preparing to Install
Preparing to Install
Creating directory /home/admin/Projects/embedded/ti/c6000_7.3.23
Unpacking files
Directory already exists: /home/admin/Projects/embedded/ti/c6000_7.3.23
Creating directory /home/admin/Projects/embedded/ti/c6000_7.3.23/bin
Creating directory /home/admin/Projects/embedded/ti/c6000_7.3.23/doc
Creating directory /home/admin/Projects/embedded/ti/c6000_7.3.23/include
Creating directory /home/admin/Projects/embedded/ti/c6000_7.3.23/lib
Creating directory /home/admin/Projects/embedded/ti/c6000_7.3.23/lib/src
Creating directory /home/admin/Projects/embedded/ti/c6000_7.3.23/man
Creating directory /home/admin/Projects/embedded/ti/c6000_7.3.23/man/man1
Creating directory /home/admin/Projects/embedded/ti/c6000_7.3.23/prelink
Creating directory /home/admin/Projects/embedded/ti/c6000_7.3.23/prelink/prelink_dependents
Creating directory /home/admin/Projects/embedded/ti/c6000_7.3.23/prelink/prelink_dsbt_assistance
Creating directory /home/admin/Projects/embedded/ti/c6000_7.3.23/prelink/prelink_dyn_exe
Creating directory /home/admin/Projects/embedded/ti/c6000_7.3.23/prelink/prelink_xip_segment
Unpacking files
Unpacking /home/admin/Projects/embedded/ti/c6000_7.3.23/LICENSE.txt
Unpacking /home/admin/Projects/embedded/ti/c6000_7.3.23/C6000_7.3.x_CodeGenerationTools_Manifest.html
Unpacking /home/admin/Projects/embedded/ti/c6000_7.3.23/DefectHistory.txt
Unpacking /home/admin/Projects/embedded/ti/c6000_7.3.23/README.txt
Unpacking /home/admin/Projects/embedded/ti/c6000_7.3.23/misra.txt
Unpacking /home/admin/Projects/embedded/ti/c6000_7.3.23/bin/abs6x
Unpacking /home/admin/Projects/embedded/ti/c6000_7.3.23/bin/acp6x
Unpacking /home/admin/Projects/embedded/ti/c6000_7.3.23/bin/acpia6x
Unpacking /home/admin/Projects/embedded/ti/c6000_7.3.23/bin/ap6x
Unpacking /home/admin/Projects/embedded/ti/c6000_7.3.23/bin/ap6x3
Unpacking /home/admin/Projects/embedded/ti/c6000_7.3.23/bin/ar6x
Unpacking /home/admin/Projects/embedded/ti/c6000_7.3.23/bin/asm6x
Unpacking /home/admin/Projects/embedded/ti/c6000_7.3.23/bin/cg6x
Unpacking /home/admin/Projects/embedded/ti/c6000_7.3.23/bin/cg6x3
Unpacking /home/admin/Projects/embedded/ti/c6000_7.3.23/bin/ci6x
Unpacking /home/admin/Projects/embedded/ti/c6000_7.3.23/bin/cl6x
Unpacking /home/admin/Projects/embedded/ti/c6000_7.3.23/bin/clist6x
Unpacking /home/admin/Projects/embedded/ti/c6000_7.3.23/bin/clt6x
Unpacking /home/admin/Projects/embedded/ti/c6000_7.3.23/bin/cmp6x
Unpacking /home/admin/Projects/embedded/ti/c6000_7.3.23/bin/dem6x
Unpacking /home/admin/Projects/embedded/ti/c6000_7.3.23/bin/dis6x
Unpacking /home/admin/Projects/embedded/ti/c6000_7.3.23/bin/embed6x
Unpacking /home/admin/Projects/embedded/ti/c6000_7.3.23/bin/hex6x
Unpacking /home/admin/Projects/embedded/ti/c6000_7.3.23/bin/ilk6x
Unpacking /home/admin/Projects/embedded/ti/c6000_7.3.23/bin/libinfo6x
Unpacking /home/admin/Projects/embedded/ti/c6000_7.3.23/bin/lnk6x
Unpacking /home/admin/Projects/embedded/ti/c6000_7.3.23/bin/mk6x
Unpacking /home/admin/Projects/embedded/ti/c6000_7.3.23/bin/nm6x
Unpacking /home/admin/Projects/embedded/ti/c6000_7.3.23/bin/ofd6x
Unpacking /home/admin/Projects/embedded/ti/c6000_7.3.23/bin/opt6x
Unpacking /home/admin/Projects/embedded/ti/c6000_7.3.23/bin/pdd6x
Unpacking /home/admin/Projects/embedded/ti/c6000_7.3.23/bin/pprof6x
Unpacking /home/admin/Projects/embedded/ti/c6000_7.3.23/bin/prelink6x
Unpacking /home/admin/Projects/embedded/ti/c6000_7.3.23/doc/README.txt
Unpacking /home/admin/Projects/embedded/ti/c6000_7.3.23/doc/SPRAB90.pdf
Unpacking /home/admin/Projects/embedded/ti/c6000_7.3.23/doc/SPRU186V.pdf
Unpacking /home/admin/Projects/embedded/ti/c6000_7.3.23/doc/SPRU187T.pdf
Unpacking /home/admin/Projects/embedded/ti/c6000_7.3.23/include/_isfuncdcl.h
Unpacking /home/admin/Projects/embedded/ti/c6000_7.3.23/include/_isfuncdef.h
Unpacking /home/admin/Projects/embedded/ti/c6000_7.3.23/include/_lock.h
Unpacking /home/admin/Projects/embedded/ti/c6000_7.3.23/include/access.h
Unpacking /home/admin/Projects/embedded/ti/c6000_7.3.23/include/algorithm
Unpacking /home/admin/Projects/embedded/ti/c6000_7.3.23/include/assert.h
Unpacking /home/admin/Projects/embedded/ti/c6000_7.3.23/include/bitset
Unpacking /home/admin/Projects/embedded/ti/c6000_7.3.23/include/c60asm.i
Unpacking /home/admin/Projects/embedded/ti/c6000_7.3.23/include/c6x.h
Unpacking /home/admin/Projects/embedded/ti/c6000_7.3.23/include/cassert
Unpacking /home/admin/Projects/embedded/ti/c6000_7.3.23/include/cctype
Unpacking /home/admin/Projects/embedded/ti/c6000_7.3.23/include/cerrno
Unpacking /home/admin/Projects/embedded/ti/c6000_7.3.23/include/cfloat
Unpacking /home/admin/Projects/embedded/ti/c6000_7.3.23/include/ciso646
Unpacking /home/admin/Projects/embedded/ti/c6000_7.3.23/include/climits
Unpacking /home/admin/Projects/embedded/ti/c6000_7.3.23/include/clocale
Unpacking /home/admin/Projects/embedded/ti/c6000_7.3.23/include/cmath
Unpacking /home/admin/Projects/embedded/ti/c6000_7.3.23/include/complex
Unpacking /home/admin/Projects/embedded/ti/c6000_7.3.23/include/cpp_inline_math.h
Unpacking /home/admin/Projects/embedded/ti/c6000_7.3.23/include/cpy_tbl.h
Unpacking /home/admin/Projects/embedded/ti/c6000_7.3.23/include/csetjmp
Unpacking /home/admin/Projects/embedded/ti/c6000_7.3.23/include/csignal
Unpacking /home/admin/Projects/embedded/ti/c6000_7.3.23/include/cstdarg
Unpacking /home/admin/Projects/embedded/ti/c6000_7.3.23/include/cstddef
Unpacking /home/admin/Projects/embedded/ti/c6000_7.3.23/include/elfnames.h
Unpacking /home/admin/Projects/embedded/ti/c6000_7.3.23/include/cstdio
Unpacking /home/admin/Projects/embedded/ti/c6000_7.3.23/include/cstdlib
Unpacking /home/admin/Projects/embedded/ti/c6000_7.3.23/include/cstring
Unpacking /home/admin/Projects/embedded/ti/c6000_7.3.23/include/ctime
Unpacking /home/admin/Projects/embedded/ti/c6000_7.3.23/include/ctype.h
Unpacking /home/admin/Projects/embedded/ti/c6000_7.3.23/include/cwchar
Unpacking /home/admin/Projects/embedded/ti/c6000_7.3.23/include/cwctype
Unpacking /home/admin/Projects/embedded/ti/c6000_7.3.23/include/deque
Unpacking /home/admin/Projects/embedded/ti/c6000_7.3.23/include/elf_linkage.h
Unpacking /home/admin/Projects/embedded/ti/c6000_7.3.23/include/errno.h
Unpacking /home/admin/Projects/embedded/ti/c6000_7.3.23/include/exception
Unpacking /home/admin/Projects/embedded/ti/c6000_7.3.23/include/file.h
Unpacking /home/admin/Projects/embedded/ti/c6000_7.3.23/include/float.h
Unpacking /home/admin/Projects/embedded/ti/c6000_7.3.23/include/fstream
Unpacking /home/admin/Projects/embedded/ti/c6000_7.3.23/include/fstream.h
Unpacking /home/admin/Projects/embedded/ti/c6000_7.3.23/include/functional
Unpacking /home/admin/Projects/embedded/ti/c6000_7.3.23/include/gsm.h
Unpacking /home/admin/Projects/embedded/ti/c6000_7.3.23/include/hash_map
Unpacking /home/admin/Projects/embedded/ti/c6000_7.3.23/include/hash_set
Unpacking /home/admin/Projects/embedded/ti/c6000_7.3.23/include/inttypes.h
Unpacking /home/admin/Projects/embedded/ti/c6000_7.3.23/include/iomanip
Unpacking /home/admin/Projects/embedded/ti/c6000_7.3.23/include/iomanip.h
Unpacking /home/admin/Projects/embedded/ti/c6000_7.3.23/include/ios
Unpacking /home/admin/Projects/embedded/ti/c6000_7.3.23/include/iosfwd
Unpacking /home/admin/Projects/embedded/ti/c6000_7.3.23/include/iostream
Unpacking /home/admin/Projects/embedded/ti/c6000_7.3.23/include/iso646.h
Unpacking /home/admin/Projects/embedded/ti/c6000_7.3.23/include/istream
Unpacking /home/admin/Projects/embedded/ti/c6000_7.3.23/include/iterator
Unpacking /home/admin/Projects/embedded/ti/c6000_7.3.23/include/limits
Unpacking /home/admin/Projects/embedded/ti/c6000_7.3.23/include/limits.h
Unpacking /home/admin/Projects/embedded/ti/c6000_7.3.23/include/linkage.h
Unpacking /home/admin/Projects/embedded/ti/c6000_7.3.23/include/list
Unpacking /home/admin/Projects/embedded/ti/c6000_7.3.23/include/locale
Unpacking /home/admin/Projects/embedded/ti/c6000_7.3.23/include/locale.h
Unpacking /home/admin/Projects/embedded/ti/c6000_7.3.23/include/map
Unpacking /home/admin/Projects/embedded/ti/c6000_7.3.23/include/math.h
Unpacking /home/admin/Projects/embedded/ti/c6000_7.3.23/include/mathf.h
Unpacking /home/admin/Projects/embedded/ti/c6000_7.3.23/include/mathl.h
Unpacking /home/admin/Projects/embedded/ti/c6000_7.3.23/include/memory
Unpacking /home/admin/Projects/embedded/ti/c6000_7.3.23/include/new
Unpacking /home/admin/Projects/embedded/ti/c6000_7.3.23/include/new.h
Unpacking /home/admin/Projects/embedded/ti/c6000_7.3.23/include/numeric
Unpacking /home/admin/Projects/embedded/ti/c6000_7.3.23/include/ostream
Unpacking /home/admin/Projects/embedded/ti/c6000_7.3.23/include/pprof.h
Unpacking /home/admin/Projects/embedded/ti/c6000_7.3.23/include/queue
Unpacking /home/admin/Projects/embedded/ti/c6000_7.3.23/include/rope
Unpacking /home/admin/Projects/embedded/ti/c6000_7.3.23/include/set
Unpacking /home/admin/Projects/embedded/ti/c6000_7.3.23/include/setjmp.h
Unpacking /home/admin/Projects/embedded/ti/c6000_7.3.23/include/signal.h
Unpacking /home/admin/Projects/embedded/ti/c6000_7.3.23/include/slist
Unpacking /home/admin/Projects/embedded/ti/c6000_7.3.23/include/sstream
Unpacking /home/admin/Projects/embedded/ti/c6000_7.3.23/include/stack
Unpacking /home/admin/Projects/embedded/ti/c6000_7.3.23/include/stdarg.h
Unpacking /home/admin/Projects/embedded/ti/c6000_7.3.23/include/stdbool.h
Unpacking /home/admin/Projects/embedded/ti/c6000_7.3.23/include/stddef.h
Unpacking /home/admin/Projects/embedded/ti/c6000_7.3.23/include/stdexcept
Unpacking /home/admin/Projects/embedded/ti/c6000_7.3.23/include/stdint.h
Unpacking /home/admin/Projects/embedded/ti/c6000_7.3.23/include/stdio.h
Unpacking /home/admin/Projects/embedded/ti/c6000_7.3.23/include/stdiostream.h
Unpacking /home/admin/Projects/embedded/ti/c6000_7.3.23/include/stdlib.h
Unpacking /home/admin/Projects/embedded/ti/c6000_7.3.23/include/stl.h
Unpacking /home/admin/Projects/embedded/ti/c6000_7.3.23/include/streambuf
Unpacking /home/admin/Projects/embedded/ti/c6000_7.3.23/include/string
Unpacking /home/admin/Projects/embedded/ti/c6000_7.3.23/include/string.h
Unpacking /home/admin/Projects/embedded/ti/c6000_7.3.23/include/strstream.h
Unpacking /home/admin/Projects/embedded/ti/c6000_7.3.23/include/time.h
Unpacking /home/admin/Projects/embedded/ti/c6000_7.3.23/include/unaccess.h
Unpacking /home/admin/Projects/embedded/ti/c6000_7.3.23/include/vect.h
Unpacking /home/admin/Projects/embedded/ti/c6000_7.3.23/include/wchar.h
Unpacking /home/admin/Projects/embedded/ti/c6000_7.3.23/include/wchar.hx
Unpacking /home/admin/Projects/embedded/ti/c6000_7.3.23/include/wctype.h
Unpacking /home/admin/Projects/embedded/ti/c6000_7.3.23/include/xlocinfo.h
Unpacking /home/admin/Projects/embedded/ti/c6000_7.3.23/include/xwcc.h
Unpacking /home/admin/Projects/embedded/ti/c6000_7.3.23/include/ymath.h
Unpacking /home/admin/Projects/embedded/ti/c6000_7.3.23/include/yvals.h
Unpacking /home/admin/Projects/embedded/ti/c6000_7.3.23/include/_fmt_specifier.h
Unpacking /home/admin/Projects/embedded/ti/c6000_7.3.23/include/iostream.h
Unpacking /home/admin/Projects/embedded/ti/c6000_7.3.23/lib/libc.a
Unpacking /home/admin/Projects/embedded/ti/c6000_7.3.23/lib/lnk.cmd
Unpacking /home/admin/Projects/embedded/ti/c6000_7.3.23/lib/mklib
Unpacking /home/admin/Projects/embedded/ti/c6000_7.3.23/lib/mklib.c
Unpacking /home/admin/Projects/embedded/ti/c6000_7.3.23/lib/mklib.exe
Unpacking /home/admin/Projects/embedded/ti/c6000_7.3.23/lib/rts6200.lib
Unpacking /home/admin/Projects/embedded/ti/c6000_7.3.23/lib/rts6400.lib
Unpacking /home/admin/Projects/embedded/ti/c6000_7.3.23/lib/rts6400e.lib
Unpacking /home/admin/Projects/embedded/ti/c6000_7.3.23/lib/rts6400e_elf.lib
Unpacking /home/admin/Projects/embedded/ti/c6000_7.3.23/lib/rts64plus.lib
Unpacking /home/admin/Projects/embedded/ti/c6000_7.3.23/lib/rts64plus_elf.lib
Unpacking /home/admin/Projects/embedded/ti/c6000_7.3.23/lib/rts64pluse.lib
Unpacking /home/admin/Projects/embedded/ti/c6000_7.3.23/bin/strip6x
Unpacking /home/admin/Projects/embedded/ti/c6000_7.3.23/bin/xref6x
Unpacking /home/admin/Projects/embedded/ti/c6000_7.3.23/include/strstream
Unpacking /home/admin/Projects/embedded/ti/c6000_7.3.23/include/typeinfo
Unpacking /home/admin/Projects/embedded/ti/c6000_7.3.23/include/utility
Unpacking /home/admin/Projects/embedded/ti/c6000_7.3.23/include/valarray
Unpacking /home/admin/Projects/embedded/ti/c6000_7.3.23/include/vector
Unpacking /home/admin/Projects/embedded/ti/c6000_7.3.23/include/xcomplex
Unpacking /home/admin/Projects/embedded/ti/c6000_7.3.23/include/xdebug
Unpacking /home/admin/Projects/embedded/ti/c6000_7.3.23/include/xhash
Unpacking /home/admin/Projects/embedded/ti/c6000_7.3.23/include/xlocmes
Unpacking /home/admin/Projects/embedded/ti/c6000_7.3.23/include/xiosbase
Unpacking /home/admin/Projects/embedded/ti/c6000_7.3.23/include/xlocale
Unpacking /home/admin/Projects/embedded/ti/c6000_7.3.23/include/xlocinfo
Unpacking /home/admin/Projects/embedded/ti/c6000_7.3.23/include/xlocmon
Unpacking /home/admin/Projects/embedded/ti/c6000_7.3.23/include/xlocnum
Unpacking /home/admin/Projects/embedded/ti/c6000_7.3.23/include/xloctime
Unpacking /home/admin/Projects/embedded/ti/c6000_7.3.23/include/xmemory
Unpacking /home/admin/Projects/embedded/ti/c6000_7.3.23/include/xstddef
Unpacking /home/admin/Projects/embedded/ti/c6000_7.3.23/include/xstring
Unpacking /home/admin/Projects/embedded/ti/c6000_7.3.23/include/xtree
Unpacking /home/admin/Projects/embedded/ti/c6000_7.3.23/include/xutility
Unpacking /home/admin/Projects/embedded/ti/c6000_7.3.23/lib/rts64pluse_elf.lib
Unpacking /home/admin/Projects/embedded/ti/c6000_7.3.23/lib/rts6600_elf.lib
Unpacking /home/admin/Projects/embedded/ti/c6000_7.3.23/lib/rts6600e_elf.lib
Unpacking /home/admin/Projects/embedded/ti/c6000_7.3.23/lib/rts6740.lib
Unpacking /home/admin/Projects/embedded/ti/c6000_7.3.23/lib/rts6740_elf.lib
Unpacking /home/admin/Projects/embedded/ti/c6000_7.3.23/lib/rts6740e.lib
Unpacking /home/admin/Projects/embedded/ti/c6000_7.3.23/lib/rts6740e_elf.lib
Unpacking /home/admin/Projects/embedded/ti/c6000_7.3.23/lib/rtssrc.zip
Unpacking /home/admin/Projects/embedded/ti/c6000_7.3.23/lib/src/complex
Unpacking /home/admin/Projects/embedded/ti/c6000_7.3.23/lib/src/Makefile
Unpacking /home/admin/Projects/embedded/ti/c6000_7.3.23/lib/src/throw_edg.cpp
Unpacking /home/admin/Projects/embedded/ti/c6000_7.3.23/lib/src/eh_util.cpp
Unpacking /home/admin/Projects/embedded/ti/c6000_7.3.23/lib/src/xcomplex
Unpacking /home/admin/Projects/embedded/ti/c6000_7.3.23/lib/src/c60.h
Unpacking /home/admin/Projects/embedded/ti/c6000_7.3.23/lib/src/trgcio.h
Unpacking /home/admin/Projects/embedded/ti/c6000_7.3.23/lib/src/elf_linkage.h
Unpacking /home/admin/Projects/embedded/ti/c6000_7.3.23/lib/src/c6x.h
Unpacking /home/admin/Projects/embedded/ti/c6000_7.3.23/lib/src/c60asm.i
Unpacking /home/admin/Projects/embedded/ti/c6000_7.3.23/lib/src/unaccess.h
Unpacking /home/admin/Projects/embedded/ti/c6000_7.3.23/lib/src/gsm.h
Unpacking /home/admin/Projects/embedded/ti/c6000_7.3.23/lib/src/pprof.h
Unpacking /home/admin/Projects/embedded/ti/c6000_7.3.23/lib/src/vect.h
Unpacking /home/admin/Projects/embedded/ti/c6000_7.3.23/lib/src/autoinit.c
Unpacking /home/admin/Projects/embedded/ti/c6000_7.3.23/lib/src/linkage.h
Unpacking /home/admin/Projects/embedded/ti/c6000_7.3.23/lib/src/boot.c
Unpacking /home/admin/Projects/embedded/ti/c6000_7.3.23/lib/src/dtos.c
Unpacking /home/admin/Projects/embedded/ti/c6000_7.3.23/lib/src/imath64.c
Unpacking /home/admin/Projects/embedded/ti/c6000_7.3.23/lib/src/imath40.c
Unpacking /home/admin/Projects/embedded/ti/c6000_7.3.23/lib/src/gsmfuncs.c
Unpacking /home/admin/Projects/embedded/ti/c6000_7.3.23/lib/src/gsmvars.c
Unpacking /home/admin/Projects/embedded/ti/c6000_7.3.23/lib/src/llshift.c
Unpacking /home/admin/Projects/embedded/ti/c6000_7.3.23/lib/src/lltoa.c
Unpacking /home/admin/Projects/embedded/ti/c6000_7.3.23/lib/src/mpyll.c
Unpacking /home/admin/Projects/embedded/ti/c6000_7.3.23/lib/src/outprof.c
Unpacking /home/admin/Projects/embedded/ti/c6000_7.3.23/lib/src/memcpy62.c
Unpacking /home/admin/Projects/embedded/ti/c6000_7.3.23/lib/src/pprof_cio.c
Unpacking /home/admin/Projects/embedded/ti/c6000_7.3.23/lib/src/pprof_user.c
Unpacking /home/admin/Projects/embedded/ti/c6000_7.3.23/lib/src/trgmsg.c
Unpacking /home/admin/Projects/embedded/ti/c6000_7.3.23/lib/src/memset.c
Unpacking /home/admin/Projects/embedded/ti/c6000_7.3.23/lib/src/copy_decompress_none.c
Unpacking /home/admin/Projects/embedded/ti/c6000_7.3.23/lib/src/copy_decompress_rle.c
Unpacking /home/admin/Projects/embedded/ti/c6000_7.3.23/lib/src/copy_zero_init.c
Unpacking /home/admin/Projects/embedded/ti/c6000_7.3.23/lib/src/copy_decompress_lzss.c
Unpacking /home/admin/Projects/embedded/ti/c6000_7.3.23/lib/src/imaxdiv.c
Unpacking /home/admin/Projects/embedded/ti/c6000_7.3.23/lib/src/strtoimax.c
Unpacking /home/admin/Projects/embedded/ti/c6000_7.3.23/lib/src/imaxabs.c
Unpacking /home/admin/Projects/embedded/ti/c6000_7.3.23/lib/src/strtoumax.c
Unpacking /home/admin/Projects/embedded/ti/c6000_7.3.23/lib/src/negll.sa
Unpacking /home/admin/Projects/embedded/ti/c6000_7.3.23/lib/src/divi_c.c
Unpacking /home/admin/Projects/embedded/ti/c6000_7.3.23/lib/src/divu_c.c
Unpacking /home/admin/Projects/embedded/ti/c6000_7.3.23/lib/src/remi_c.c
Unpacking /home/admin/Projects/embedded/ti/c6000_7.3.23/lib/src/remu_c.c
Unpacking /home/admin/Projects/embedded/ti/c6000_7.3.23/lib/src/strasgi_c.c
Unpacking /home/admin/Projects/embedded/ti/c6000_7.3.23/lib/src/access.h
Unpacking /home/admin/Projects/embedded/ti/c6000_7.3.23/lib/src/math.h
Unpacking /home/admin/Projects/embedded/ti/c6000_7.3.23/lib/src/mathf.h
Unpacking /home/admin/Projects/embedded/ti/c6000_7.3.23/lib/src/elfnames.h
Unpacking /home/admin/Projects/embedded/ti/c6000_7.3.23/lib/src/mathl.h
Unpacking /home/admin/Projects/embedded/ti/c6000_7.3.23/lib/src/absf_i.h
Unpacking /home/admin/Projects/embedded/ti/c6000_7.3.23/lib/src/acoshf_i.h
Unpacking /home/admin/Projects/embedded/ti/c6000_7.3.23/lib/src/acot2f_i.h
Unpacking /home/admin/Projects/embedded/ti/c6000_7.3.23/lib/src/acosf_i.h
Unpacking /home/admin/Projects/embedded/ti/c6000_7.3.23/lib/src/acothf_i.h
Unpacking /home/admin/Projects/embedded/ti/c6000_7.3.23/lib/src/addf_i.h
Unpacking /home/admin/Projects/embedded/ti/c6000_7.3.23/lib/src/acotf_i.h
Unpacking /home/admin/Projects/embedded/ti/c6000_7.3.23/lib/src/asinhf_i.h
Unpacking /home/admin/Projects/embedded/ti/c6000_7.3.23/lib/src/atan2f_i.h
Unpacking /home/admin/Projects/embedded/ti/c6000_7.3.23/lib/src/asinf_i.h
Unpacking /home/admin/Projects/embedded/ti/c6000_7.3.23/lib/src/atanhf_i.h
Unpacking /home/admin/Projects/embedded/ti/c6000_7.3.23/lib/src/ceilf_i.h
Unpacking /home/admin/Projects/embedded/ti/c6000_7.3.23/lib/src/atanf_i.h
Unpacking /home/admin/Projects/embedded/ti/c6000_7.3.23/lib/src/chunk.h
Unpacking /home/admin/Projects/embedded/ti/c6000_7.3.23/lib/src/cmpf_i.h
Unpacking /home/admin/Projects/embedded/ti/c6000_7.3.23/lib/src/cosf_i.h
Unpacking /home/admin/Projects/embedded/ti/c6000_7.3.23/lib/src/cotf_i.h
Unpacking /home/admin/Projects/embedded/ti/c6000_7.3.23/lib/src/cothf_i.h
Unpacking /home/admin/Projects/embedded/ti/c6000_7.3.23/lib/src/divf_i.h
Unpacking /home/admin/Projects/embedded/ti/c6000_7.3.23/lib/src/coshf_i.h
Unpacking /home/admin/Projects/embedded/ti/c6000_7.3.23/lib/src/divremx_i.h
Unpacking /home/admin/Projects/embedded/ti/c6000_7.3.23/lib/src/eqlf_i.h
Unpacking /home/admin/Projects/embedded/ti/c6000_7.3.23/lib/src/exp10f_i.h
Unpacking /home/admin/Projects/embedded/ti/c6000_7.3.23/lib/src/exp2f_i.h
Unpacking /home/admin/Projects/embedded/ti/c6000_7.3.23/lib/src/double_config.h
Unpacking /home/admin/Projects/embedded/ti/c6000_7.3.23/lib/src/expf_i.h
Unpacking /home/admin/Projects/embedded/ti/c6000_7.3.23/lib/src/fixfx_i.h
Unpacking /home/admin/Projects/embedded/ti/c6000_7.3.23/lib/src/fixfy_i.h
Unpacking /home/admin/Projects/embedded/ti/c6000_7.3.23/lib/src/fabsf_i.h
Unpacking /home/admin/Projects/embedded/ti/c6000_7.3.23/lib/src/float_config.h
Unpacking /home/admin/Projects/embedded/ti/c6000_7.3.23/lib/src/formi.h
Unpacking /home/admin/Projects/embedded/ti/c6000_7.3.23/lib/src/formi32.h
Unpacking /home/admin/Projects/embedded/ti/c6000_7.3.23/lib/src/floorf_i.h
Unpacking /home/admin/Projects/embedded/ti/c6000_7.3.23/lib/src/fltxf_i.h
Unpacking /home/admin/Projects/embedded/ti/c6000_7.3.23/lib/src/fltyf_i.h
Unpacking /home/admin/Projects/embedded/ti/c6000_7.3.23/lib/src/fmodf_i.h
Unpacking /home/admin/Projects/embedded/ti/c6000_7.3.23/lib/src/frcaddf.h
Unpacking /home/admin/Projects/embedded/ti/c6000_7.3.23/lib/src/frcaddf_i.h
Unpacking /home/admin/Projects/embedded/ti/c6000_7.3.23/lib/src/formi64.h
Unpacking /home/admin/Projects/embedded/ti/c6000_7.3.23/lib/src/frcaddd.h
Unpacking /home/admin/Projects/embedded/ti/c6000_7.3.23/lib/src/fpclassifyf_i.h
Unpacking /home/admin/Projects/embedded/ti/c6000_7.3.23/lib/src/frcdivf.h
Unpacking /home/admin/Projects/embedded/ti/c6000_7.3.23/lib/src/frcdivf1_i.h
Unpacking /home/admin/Projects/embedded/ti/c6000_7.3.23/lib/src/frcdivd.h
Unpacking /home/admin/Projects/embedded/ti/c6000_7.3.23/lib/src/frcdivf2_i.h
Unpacking /home/admin/Projects/embedded/ti/c6000_7.3.23/lib/src/frcmpyf.h
Unpacking /home/admin/Projects/embedded/ti/c6000_7.3.23/lib/src/frcmpyf1_i.h
Unpacking /home/admin/Projects/embedded/ti/c6000_7.3.23/lib/src/frcmpyd.h
Unpacking /home/admin/Projects/embedded/ti/c6000_7.3.23/lib/src/frcmpyf2_i.h
Unpacking /home/admin/Projects/embedded/ti/c6000_7.3.23/lib/src/geqf_i.h
Unpacking /home/admin/Projects/embedded/ti/c6000_7.3.23/lib/src/gtrf_i.h
Unpacking /home/admin/Projects/embedded/ti/c6000_7.3.23/lib/src/global.h
Unpacking /home/admin/Projects/embedded/ti/c6000_7.3.23/lib/src/frcmpyf_div_i.h
Unpacking /home/admin/Projects/embedded/ti/c6000_7.3.23/lib/src/frexp2_i.h
Unpacking /home/admin/Projects/embedded/ti/c6000_7.3.23/lib/src/frexpf_i.h
Unpacking /home/admin/Projects/embedded/ti/c6000_7.3.23/lib/src/ieeed.h
Unpacking /home/admin/Projects/embedded/ti/c6000_7.3.23/lib/src/ieeef.h
Unpacking /home/admin/Projects/embedded/ti/c6000_7.3.23/lib/src/isfinitef_i.h
Unpacking /home/admin/Projects/embedded/ti/c6000_7.3.23/lib/src/isinff_i.h
Unpacking /home/admin/Projects/embedded/ti/c6000_7.3.23/lib/src/ieeemask.h
Unpacking /home/admin/Projects/embedded/ti/c6000_7.3.23/lib/src/isnormalf_i.h
Unpacking /home/admin/Projects/embedded/ti/c6000_7.3.23/lib/src/log10f_i.h
Unpacking /home/admin/Projects/embedded/ti/c6000_7.3.23/lib/src/log2f_i.h
Unpacking /home/admin/Projects/embedded/ti/c6000_7.3.23/lib/src/leqf_i.h
Unpacking /home/admin/Projects/embedded/ti/c6000_7.3.23/lib/src/ldexpf_i.h
Unpacking /home/admin/Projects/embedded/ti/c6000_7.3.23/lib/src/logf_i.h
Unpacking /home/admin/Projects/embedded/ti/c6000_7.3.23/lib/src/longdouble_config.h
Unpacking /home/admin/Projects/embedded/ti/c6000_7.3.23/lib/src/lssf_i.h
Unpacking /home/admin/Projects/embedded/ti/c6000_7.3.23/lib/src/mpyf_i.h
Unpacking /home/admin/Projects/embedded/ti/c6000_7.3.23/lib/src/negf_i.h
Unpacking /home/admin/Projects/embedded/ti/c6000_7.3.23/lib/src/modff_i.h
Unpacking /home/admin/Projects/embedded/ti/c6000_7.3.23/lib/src/neqf_i.h
Unpacking /home/admin/Projects/embedded/ti/c6000_7.3.23/lib/src/nextafter_i.h
Unpacking /home/admin/Projects/embedded/ti/c6000_7.3.23/lib/src/powf_i.h
Unpacking /home/admin/Projects/embedded/ti/c6000_7.3.23/lib/src/powif_i.h
Unpacking /home/admin/Projects/embedded/ti/c6000_7.3.23/lib/src/numconst.h
Unpacking /home/admin/Projects/embedded/ti/c6000_7.3.23/lib/src/reald.h
Unpacking /home/admin/Projects/embedded/ti/c6000_7.3.23/lib/src/renormf.h
Unpacking /home/admin/Projects/embedded/ti/c6000_7.3.23/lib/src/renormf_i.h
Unpacking /home/admin/Projects/embedded/ti/c6000_7.3.23/lib/src/renormd.h
Unpacking /home/admin/Projects/embedded/ti/c6000_7.3.23/lib/src/sinf_i.h
Unpacking /home/admin/Projects/embedded/ti/c6000_7.3.23/lib/src/sinhf_i.h
Unpacking /home/admin/Projects/embedded/ti/c6000_7.3.23/lib/src/roundf_i.h
Unpacking /home/admin/Projects/embedded/ti/c6000_7.3.23/lib/src/rsqrtf_i.h
Unpacking /home/admin/Projects/embedded/ti/c6000_7.3.23/lib/src/subf_i.h
Unpacking /home/admin/Projects/embedded/ti/c6000_7.3.23/lib/src/syntd.h
Unpacking /home/admin/Projects/embedded/ti/c6000_7.3.23/lib/src/syntf.h
Unpacking /home/admin/Projects/embedded/ti/c6000_7.3.23/lib/src/sqrtf_i.h
Unpacking /home/admin/Projects/embedded/ti/c6000_7.3.23/lib/src/tanf_i.h
Unpacking /home/admin/Projects/embedded/ti/c6000_7.3.23/lib/src/target.h
Unpacking /home/admin/Projects/embedded/ti/c6000_7.3.23/lib/src/truncf_i.h
Unpacking /home/admin/Projects/embedded/ti/c6000_7.3.23/lib/src/tanhf_i.h
Unpacking /home/admin/Projects/embedded/ti/c6000_7.3.23/lib/src/acosh.c
Unpacking /home/admin/Projects/embedded/ti/c6000_7.3.23/lib/src/sin.c
Unpacking /home/admin/Projects/embedded/ti/c6000_7.3.23/lib/src/absd.c
Unpacking /home/admin/Projects/embedded/ti/c6000_7.3.23/lib/src/absf.c
Unpacking /home/admin/Projects/embedded/ti/c6000_7.3.23/lib/src/acos.c
Unpacking /home/admin/Projects/embedded/ti/c6000_7.3.23/lib/src/acosf.c
Unpacking /home/admin/Projects/embedded/ti/c6000_7.3.23/lib/src/acoshf.c
Unpacking /home/admin/Projects/embedded/ti/c6000_7.3.23/lib/src/acot.c
Unpacking /home/admin/Projects/embedded/ti/c6000_7.3.23/lib/src/acot2.c
Unpacking /home/admin/Projects/embedded/ti/c6000_7.3.23/lib/src/acot2f.c
Unpacking /home/admin/Projects/embedded/ti/c6000_7.3.23/lib/src/acotf.c
Unpacking /home/admin/Projects/embedded/ti/c6000_7.3.23/lib/src/acoth.c
Unpacking /home/admin/Projects/embedded/ti/c6000_7.3.23/lib/src/acothf.c
Unpacking /home/admin/Projects/embedded/ti/c6000_7.3.23/lib/src/addd.c
Unpacking /home/admin/Projects/embedded/ti/c6000_7.3.23/lib/src/addf.c
Unpacking /home/admin/Projects/embedded/ti/c6000_7.3.23/lib/src/asin.c
Unpacking /home/admin/Projects/embedded/ti/c6000_7.3.23/lib/src/asinf.c
Unpacking /home/admin/Projects/embedded/ti/c6000_7.3.23/lib/src/asinh.c
Unpacking /home/admin/Projects/embedded/ti/c6000_7.3.23/lib/src/asinhf.c
Unpacking /home/admin/Projects/embedded/ti/c6000_7.3.23/lib/src/atan2.c
Unpacking /home/admin/Projects/embedded/ti/c6000_7.3.23/lib/src/atan2f.c
Unpacking /home/admin/Projects/embedded/ti/c6000_7.3.23/lib/src/atan.c
Unpacking /home/admin/Projects/embedded/ti/c6000_7.3.23/lib/src/atanf.c
Unpacking /home/admin/Projects/embedded/ti/c6000_7.3.23/lib/src/atanh.c
Unpacking /home/admin/Projects/embedded/ti/c6000_7.3.23/lib/src/atanhf.c
Unpacking /home/admin/Projects/embedded/ti/c6000_7.3.23/lib/src/ceil.c
Unpacking /home/admin/Projects/embedded/ti/c6000_7.3.23/lib/src/ceilf.c
Unpacking /home/admin/Projects/embedded/ti/c6000_7.3.23/lib/src/cmpd.c
Unpacking /home/admin/Projects/embedded/ti/c6000_7.3.23/lib/src/cmpf.c
Unpacking /home/admin/Projects/embedded/ti/c6000_7.3.23/lib/src/cos.c
Unpacking /home/admin/Projects/embedded/ti/c6000_7.3.23/lib/src/cosf.c
Unpacking /home/admin/Projects/embedded/ti/c6000_7.3.23/lib/src/cosh.c
Unpacking /home/admin/Projects/embedded/ti/c6000_7.3.23/lib/src/coshf.c
Unpacking /home/admin/Projects/embedded/ti/c6000_7.3.23/lib/src/cot.c
Unpacking /home/admin/Projects/embedded/ti/c6000_7.3.23/lib/src/cotf.c
Unpacking /home/admin/Projects/embedded/ti/c6000_7.3.23/lib/src/coth.c
Unpacking /home/admin/Projects/embedded/ti/c6000_7.3.23/lib/src/cothf.c
Unpacking /home/admin/Projects/embedded/ti/c6000_7.3.23/lib/src/cvtdf.c
Unpacking /home/admin/Projects/embedded/ti/c6000_7.3.23/lib/src/cvtfd.c
Unpacking /home/admin/Projects/embedded/ti/c6000_7.3.23/lib/src/div.c
Unpacking /home/admin/Projects/embedded/ti/c6000_7.3.23/lib/src/divd.c
Unpacking /home/admin/Projects/embedded/ti/c6000_7.3.23/lib/src/divf.c
Unpacking /home/admin/Projects/embedded/ti/c6000_7.3.23/lib/src/exp.c
Unpacking /home/admin/Projects/embedded/ti/c6000_7.3.23/lib/src/exp10.c
Unpacking /home/admin/Projects/embedded/ti/c6000_7.3.23/lib/src/exp10f.c
Unpacking /home/admin/Projects/embedded/ti/c6000_7.3.23/lib/src/exp2.c
Unpacking /home/admin/Projects/embedded/ti/c6000_7.3.23/lib/src/exp2f.c
Unpacking /home/admin/Projects/embedded/ti/c6000_7.3.23/lib/src/fabs.c
Unpacking /home/admin/Projects/embedded/ti/c6000_7.3.23/lib/src/fabsf.c
Unpacking /home/admin/Projects/embedded/ti/c6000_7.3.23/lib/src/expf.c
Unpacking /home/admin/Projects/embedded/ti/c6000_7.3.23/lib/src/fixdb.c
Unpacking /home/admin/Projects/embedded/ti/c6000_7.3.23/lib/src/fixdc.c
Unpacking /home/admin/Projects/embedded/ti/c6000_7.3.23/lib/src/fixdi.c
Unpacking /home/admin/Projects/embedded/ti/c6000_7.3.23/lib/src/fixdli.c
Unpacking /home/admin/Projects/embedded/ti/c6000_7.3.23/lib/src/fixdsi.c
Unpacking /home/admin/Projects/embedded/ti/c6000_7.3.23/lib/src/fixdu.c
Unpacking /home/admin/Projects/embedded/ti/c6000_7.3.23/lib/src/fixdlli.c
Unpacking /home/admin/Projects/embedded/ti/c6000_7.3.23/lib/src/fixdul.c
Unpacking /home/admin/Projects/embedded/ti/c6000_7.3.23/lib/src/fixdus.c
Unpacking /home/admin/Projects/embedded/ti/c6000_7.3.23/lib/src/fixfb.c
Unpacking /home/admin/Projects/embedded/ti/c6000_7.3.23/lib/src/fixdull.c
Unpacking /home/admin/Projects/embedded/ti/c6000_7.3.23/lib/src/fixfc.c
Unpacking /home/admin/Projects/embedded/ti/c6000_7.3.23/lib/src/fixfi.c
Unpacking /home/admin/Projects/embedded/ti/c6000_7.3.23/lib/src/fixfli.c
Unpacking /home/admin/Projects/embedded/ti/c6000_7.3.23/lib/src/fixfsi.c
Unpacking /home/admin/Projects/embedded/ti/c6000_7.3.23/lib/src/fixfu.c
Unpacking /home/admin/Projects/embedded/ti/c6000_7.3.23/lib/src/fixflli.c
Unpacking /home/admin/Projects/embedded/ti/c6000_7.3.23/lib/src/fixful.c
Unpacking /home/admin/Projects/embedded/ti/c6000_7.3.23/lib/src/fixfus.c
Unpacking /home/admin/Projects/embedded/ti/c6000_7.3.23/lib/src/floor.c
Unpacking /home/admin/Projects/embedded/ti/c6000_7.3.23/lib/src/fixfull.c
Unpacking /home/admin/Projects/embedded/ti/c6000_7.3.23/lib/src/floorf.c
Unpacking /home/admin/Projects/embedded/ti/c6000_7.3.23/lib/src/fltbd.c
Unpacking /home/admin/Projects/embedded/ti/c6000_7.3.23/lib/src/fltbf.c
Unpacking /home/admin/Projects/embedded/ti/c6000_7.3.23/lib/src/fltcd.c
Unpacking /home/admin/Projects/embedded/ti/c6000_7.3.23/lib/src/fltcf.c
Unpacking /home/admin/Projects/embedded/ti/c6000_7.3.23/lib/src/fltid.c
Unpacking /home/admin/Projects/embedded/ti/c6000_7.3.23/lib/src/fltif.c
Unpacking /home/admin/Projects/embedded/ti/c6000_7.3.23/lib/src/fltlid.c
Unpacking /home/admin/Projects/embedded/ti/c6000_7.3.23/lib/src/fltlif.c
Unpacking /home/admin/Projects/embedded/ti/c6000_7.3.23/lib/src/fltllif.c
Unpacking /home/admin/Projects/embedded/ti/c6000_7.3.23/lib/src/fltsid.c
Unpacking /home/admin/Projects/embedded/ti/c6000_7.3.23/lib/src/fltllid.c
Unpacking /home/admin/Projects/embedded/ti/c6000_7.3.23/lib/src/fltsif.c
Unpacking /home/admin/Projects/embedded/ti/c6000_7.3.23/lib/src/fltud.c
Unpacking /home/admin/Projects/embedded/ti/c6000_7.3.23/lib/src/fltuf.c
Unpacking /home/admin/Projects/embedded/ti/c6000_7.3.23/lib/src/fltuld.c
Unpacking /home/admin/Projects/embedded/ti/c6000_7.3.23/lib/src/fltulf.c
Unpacking /home/admin/Projects/embedded/ti/c6000_7.3.23/lib/src/fltusd.c
Unpacking /home/admin/Projects/embedded/ti/c6000_7.3.23/lib/src/fltullf.c
Unpacking /home/admin/Projects/embedded/ti/c6000_7.3.23/lib/src/fltulld.c
Unpacking /home/admin/Projects/embedded/ti/c6000_7.3.23/lib/src/fltusf.c
Unpacking /home/admin/Projects/embedded/ti/c6000_7.3.23/lib/src/fmod.c
Unpacking /home/admin/Projects/embedded/ti/c6000_7.3.23/lib/src/fmodf.c
Unpacking /home/admin/Projects/embedded/ti/c6000_7.3.23/lib/src/fpclassify.c
Unpacking /home/admin/Projects/embedded/ti/c6000_7.3.23/lib/src/fpclassifyf.c
Unpacking /home/admin/Projects/embedded/ti/c6000_7.3.23/lib/src/frcdivd.c
Unpacking /home/admin/Projects/embedded/ti/c6000_7.3.23/lib/src/frcdivf.c
Unpacking /home/admin/Projects/embedded/ti/c6000_7.3.23/lib/src/frcaddd.c
Unpacking /home/admin/Projects/embedded/ti/c6000_7.3.23/lib/src/frcaddf.c
Unpacking /home/admin/Projects/embedded/ti/c6000_7.3.23/lib/src/frcmpyd_div.c
Unpacking /home/admin/Projects/embedded/ti/c6000_7.3.23/lib/src/frcmpyf.c
Unpacking /home/admin/Projects/embedded/ti/c6000_7.3.23/lib/src/frcmpyd.c
Unpacking /home/admin/Projects/embedded/ti/c6000_7.3.23/lib/src/frcmpyf_div.c
Unpacking /home/admin/Projects/embedded/ti/c6000_7.3.23/lib/src/frexp.c
Unpacking /home/admin/Projects/embedded/ti/c6000_7.3.23/lib/src/frexpf.c
Unpacking /home/admin/Projects/embedded/ti/c6000_7.3.23/lib/src/isfinitef.c
Unpacking /home/admin/Projects/embedded/ti/c6000_7.3.23/lib/src/isinf.c
Unpacking /home/admin/Projects/embedded/ti/c6000_7.3.23/lib/src/isfinite.c
Unpacking /home/admin/Projects/embedded/ti/c6000_7.3.23/lib/src/isinff.c
Unpacking /home/admin/Projects/embedded/ti/c6000_7.3.23/lib/src/isnan.c
Unpacking /home/admin/Projects/embedded/ti/c6000_7.3.23/lib/src/isnanf.c
Unpacking /home/admin/Projects/embedded/ti/c6000_7.3.23/lib/src/isnormalf.c
Unpacking /home/admin/Projects/embedded/ti/c6000_7.3.23/lib/src/ldexp.c
Unpacking /home/admin/Projects/embedded/ti/c6000_7.3.23/lib/src/isnormal.c
Unpacking /home/admin/Projects/embedded/ti/c6000_7.3.23/lib/src/ldexpf.c
Unpacking /home/admin/Projects/embedded/ti/c6000_7.3.23/lib/src/ldiv.c
Unpacking /home/admin/Projects/embedded/ti/c6000_7.3.23/lib/src/lldiv.c
Unpacking /home/admin/Projects/embedded/ti/c6000_7.3.23/lib/src/log.c
Unpacking /home/admin/Projects/embedded/ti/c6000_7.3.23/lib/src/log10.c
Unpacking /home/admin/Projects/embedded/ti/c6000_7.3.23/lib/src/log10f.c
Unpacking /home/admin/Projects/embedded/ti/c6000_7.3.23/lib/src/log2.c
Unpacking /home/admin/Projects/embedded/ti/c6000_7.3.23/lib/src/log2f.c
Unpacking /home/admin/Projects/embedded/ti/c6000_7.3.23/lib/src/logf.c
Unpacking /home/admin/Projects/embedded/ti/c6000_7.3.23/lib/src/modf.c
Unpacking /home/admin/Projects/embedded/ti/c6000_7.3.23/lib/src/modff.c
Unpacking /home/admin/Projects/embedded/ti/c6000_7.3.23/lib/src/modfl.c
Unpacking /home/admin/Projects/embedded/ti/c6000_7.3.23/lib/src/mpyd.c
Unpacking /home/admin/Projects/embedded/ti/c6000_7.3.23/lib/src/mpyf.c
Unpacking /home/admin/Projects/embedded/ti/c6000_7.3.23/lib/src/negd.c
Unpacking /home/admin/Projects/embedded/ti/c6000_7.3.23/lib/src/negf.c
Unpacking /home/admin/Projects/embedded/ti/c6000_7.3.23/lib/src/pow.c
Unpacking /home/admin/Projects/embedded/ti/c6000_7.3.23/lib/src/powf.c
Unpacking /home/admin/Projects/embedded/ti/c6000_7.3.23/lib/src/powi.c
Unpacking /home/admin/Projects/embedded/ti/c6000_7.3.23/lib/src/powif.c
Unpacking /home/admin/Projects/embedded/ti/c6000_7.3.23/lib/src/renormf.c
Unpacking /home/admin/Projects/embedded/ti/c6000_7.3.23/lib/src/round.c
Unpacking /home/admin/Projects/embedded/ti/c6000_7.3.23/lib/src/renormd.c
Unpacking /home/admin/Projects/embedded/ti/c6000_7.3.23/lib/src/roundf.c
Unpacking /home/admin/Projects/embedded/ti/c6000_7.3.23/lib/src/rsqrt.c
Unpacking /home/admin/Projects/embedded/ti/c6000_7.3.23/lib/src/rsqrtf.c
Unpacking /home/admin/Projects/embedded/ti/c6000_7.3.23/lib/src/sinf.c
Unpacking /home/admin/Projects/embedded/ti/c6000_7.3.23/lib/src/sinh.c
Unpacking /home/admin/Projects/embedded/ti/c6000_7.3.23/lib/src/sinhf.c
Unpacking /home/admin/Projects/embedded/ti/c6000_7.3.23/lib/src/sqrt.c
Unpacking /home/admin/Projects/embedded/ti/c6000_7.3.23/lib/src/sqrtf.c
Unpacking /home/admin/Projects/embedded/ti/c6000_7.3.23/lib/src/subd.c
Unpacking /home/admin/Projects/embedded/ti/c6000_7.3.23/lib/src/subf.c
Unpacking /home/admin/Projects/embedded/ti/c6000_7.3.23/lib/src/tanf.c
Unpacking /home/admin/Projects/embedded/ti/c6000_7.3.23/lib/src/tanh.c
Unpacking /home/admin/Projects/embedded/ti/c6000_7.3.23/lib/src/tanhf.c
Unpacking /home/admin/Projects/embedded/ti/c6000_7.3.23/lib/src/trunc.c
Unpacking /home/admin/Projects/embedded/ti/c6000_7.3.23/lib/src/truncf.c
Unpacking /home/admin/Projects/embedded/ti/c6000_7.3.23/lib/src/tan.c
Unpacking /home/admin/Projects/embedded/ti/c6000_7.3.23/lib/src/cmath
Unpacking /home/admin/Projects/embedded/ti/c6000_7.3.23/lib/src/signal.h
Unpacking /home/admin/Projects/embedded/ti/c6000_7.3.23/lib/src/xwcc.h
Unpacking /home/admin/Projects/embedded/ti/c6000_7.3.23/lib/src/ymath.h
Unpacking /home/admin/Projects/embedded/ti/c6000_7.3.23/lib/src/stdbool.h
Unpacking /home/admin/Projects/embedded/ti/c6000_7.3.23/lib/src/yvals.h
Unpacking /home/admin/Projects/embedded/ti/c6000_7.3.23/lib/src/bitset
Unpacking /home/admin/Projects/embedded/ti/c6000_7.3.23/lib/src/cassert
Unpacking /home/admin/Projects/embedded/ti/c6000_7.3.23/lib/src/algorithm
Unpacking /home/admin/Projects/embedded/ti/c6000_7.3.23/lib/src/cctype
Unpacking /home/admin/Projects/embedded/ti/c6000_7.3.23/lib/src/cerrno
Unpacking /home/admin/Projects/embedded/ti/c6000_7.3.23/lib/src/cfloat
Unpacking /home/admin/Projects/embedded/ti/c6000_7.3.23/lib/src/ciso646
Unpacking /home/admin/Projects/embedded/ti/c6000_7.3.23/lib/src/climits
Unpacking /home/admin/Projects/embedded/ti/c6000_7.3.23/lib/src/clocale
Unpacking /home/admin/Projects/embedded/ti/c6000_7.3.23/lib/src/csetjmp
Unpacking /home/admin/Projects/embedded/ti/c6000_7.3.23/lib/src/csignal
Unpacking /home/admin/Projects/embedded/ti/c6000_7.3.23/lib/src/cstdarg
Unpacking /home/admin/Projects/embedded/ti/c6000_7.3.23/lib/src/cstddef
Unpacking /home/admin/Projects/embedded/ti/c6000_7.3.23/lib/src/cstdio
Unpacking /home/admin/Projects/embedded/ti/c6000_7.3.23/lib/src/cstdlib
Unpacking /home/admin/Projects/embedded/ti/c6000_7.3.23/lib/src/cstring
Unpacking /home/admin/Projects/embedded/ti/c6000_7.3.23/lib/src/ctime
Unpacking /home/admin/Projects/embedded/ti/c6000_7.3.23/lib/src/cwchar
Unpacking /home/admin/Projects/embedded/ti/c6000_7.3.23/lib/src/cwctype
Unpacking /home/admin/Projects/embedded/ti/c6000_7.3.23/lib/src/deque
Unpacking /home/admin/Projects/embedded/ti/c6000_7.3.23/lib/src/fstream
Unpacking /home/admin/Projects/embedded/ti/c6000_7.3.23/lib/src/fstream.h
Unpacking /home/admin/Projects/embedded/ti/c6000_7.3.23/lib/src/exception
Unpacking /home/admin/Projects/embedded/ti/c6000_7.3.23/lib/src/hash_map
Unpacking /home/admin/Projects/embedded/ti/c6000_7.3.23/lib/src/hash_set
Unpacking /home/admin/Projects/embedded/ti/c6000_7.3.23/lib/src/iomanip
Unpacking /home/admin/Projects/embedded/ti/c6000_7.3.23/lib/src/functional
Unpacking /home/admin/Projects/embedded/ti/c6000_7.3.23/lib/src/iosfwd
Unpacking /home/admin/Projects/embedded/ti/c6000_7.3.23/lib/src/iostream
Unpacking /home/admin/Projects/embedded/ti/c6000_7.3.23/lib/src/iomanip.h
Unpacking /home/admin/Projects/embedded/ti/c6000_7.3.23/lib/src/ios
Unpacking /home/admin/Projects/embedded/ti/c6000_7.3.23/lib/src/istream
Unpacking /home/admin/Projects/embedded/ti/c6000_7.3.23/lib/src/iterator
Unpacking /home/admin/Projects/embedded/ti/c6000_7.3.23/lib/src/iostream.h
Unpacking /home/admin/Projects/embedded/ti/c6000_7.3.23/lib/src/limits
Unpacking /home/admin/Projects/embedded/ti/c6000_7.3.23/lib/src/locale
Unpacking /home/admin/Projects/embedded/ti/c6000_7.3.23/lib/src/map
Unpacking /home/admin/Projects/embedded/ti/c6000_7.3.23/lib/src/list
Unpacking /home/admin/Projects/embedded/ti/c6000_7.3.23/lib/src/memory
Unpacking /home/admin/Projects/embedded/ti/c6000_7.3.23/lib/src/numeric
Unpacking /home/admin/Projects/embedded/ti/c6000_7.3.23/lib/src/ostream
Unpacking /home/admin/Projects/embedded/ti/c6000_7.3.23/lib/src/new
Unpacking /home/admin/Projects/embedded/ti/c6000_7.3.23/lib/src/new.h
Unpacking /home/admin/Projects/embedded/ti/c6000_7.3.23/lib/src/queue
Unpacking /home/admin/Projects/embedded/ti/c6000_7.3.23/lib/src/slist
Unpacking /home/admin/Projects/embedded/ti/c6000_7.3.23/lib/src/sstream
Unpacking /home/admin/Projects/embedded/ti/c6000_7.3.23/lib/src/rope
Unpacking /home/admin/Projects/embedded/ti/c6000_7.3.23/lib/src/set
Unpacking /home/admin/Projects/embedded/ti/c6000_7.3.23/lib/src/stack
Unpacking /home/admin/Projects/embedded/ti/c6000_7.3.23/lib/src/stdiostream.h
Unpacking /home/admin/Projects/embedded/ti/c6000_7.3.23/lib/src/stl.h
Unpacking /home/admin/Projects/embedded/ti/c6000_7.3.23/lib/src/stdexcept
Unpacking /home/admin/Projects/embedded/ti/c6000_7.3.23/lib/src/string
Unpacking /home/admin/Projects/embedded/ti/c6000_7.3.23/lib/src/strstream
Unpacking /home/admin/Projects/embedded/ti/c6000_7.3.23/lib/src/streambuf
Unpacking /home/admin/Projects/embedded/ti/c6000_7.3.23/lib/src/strstream.h
Unpacking /home/admin/Projects/embedded/ti/c6000_7.3.23/lib/src/typeinfo
Unpacking /home/admin/Projects/embedded/ti/c6000_7.3.23/lib/src/utility
Unpacking /home/admin/Projects/embedded/ti/c6000_7.3.23/lib/src/valarray
Unpacking /home/admin/Projects/embedded/ti/c6000_7.3.23/lib/src/vector
Unpacking /home/admin/Projects/embedded/ti/c6000_7.3.23/lib/src/wchar.hx
Unpacking /home/admin/Projects/embedded/ti/c6000_7.3.23/lib/src/xdebug
Unpacking /home/admin/Projects/embedded/ti/c6000_7.3.23/lib/src/xhash
Unpacking /home/admin/Projects/embedded/ti/c6000_7.3.23/lib/src/xiosbase
Unpacking /home/admin/Projects/embedded/ti/c6000_7.3.23/lib/src/xlocale
Unpacking /home/admin/Projects/embedded/ti/c6000_7.3.23/lib/src/xlocinfo
Unpacking /home/admin/Projects/embedded/ti/c6000_7.3.23/lib/src/xlocinfo.h
Unpacking /home/admin/Projects/embedded/ti/c6000_7.3.23/lib/src/xlocmes
Unpacking /home/admin/Projects/embedded/ti/c6000_7.3.23/lib/src/xlocmon
Unpacking /home/admin/Projects/embedded/ti/c6000_7.3.23/lib/src/xlocnum
Unpacking /home/admin/Projects/embedded/ti/c6000_7.3.23/lib/src/xloctime
Unpacking /home/admin/Projects/embedded/ti/c6000_7.3.23/lib/src/xmemory
Unpacking /home/admin/Projects/embedded/ti/c6000_7.3.23/lib/src/xstddef
Unpacking /home/admin/Projects/embedded/ti/c6000_7.3.23/lib/src/xstring
Unpacking /home/admin/Projects/embedded/ti/c6000_7.3.23/lib/src/xtree
Unpacking /home/admin/Projects/embedded/ti/c6000_7.3.23/lib/src/xutility
Unpacking /home/admin/Projects/embedded/ti/c6000_7.3.23/lib/src/xxstod.h
Unpacking /home/admin/Projects/embedded/ti/c6000_7.3.23/lib/src/xxxdtent.h
Unpacking /home/admin/Projects/embedded/ti/c6000_7.3.23/lib/src/xxcctype.h
Unpacking /home/admin/Projects/embedded/ti/c6000_7.3.23/lib/src/signal.c
Unpacking /home/admin/Projects/embedded/ti/c6000_7.3.23/lib/src/raise.c
Unpacking /home/admin/Projects/embedded/ti/c6000_7.3.23/lib/src/fwide.c
Unpacking /home/admin/Projects/embedded/ti/c6000_7.3.23/lib/src/stox.c
Unpacking /home/admin/Projects/embedded/ti/c6000_7.3.23/lib/src/ios.cpp
Unpacking /home/admin/Projects/embedded/ti/c6000_7.3.23/lib/src/iostream.cpp
Unpacking /home/admin/Projects/embedded/ti/c6000_7.3.23/lib/src/fiopen.cpp
Unpacking /home/admin/Projects/embedded/ti/c6000_7.3.23/lib/src/iomanip.cpp
Unpacking /home/admin/Projects/embedded/ti/c6000_7.3.23/lib/src/wchar.cx
Unpacking /home/admin/Projects/embedded/ti/c6000_7.3.23/lib/src/decode.c
Unpacking /home/admin/Projects/embedded/ti/c6000_7.3.23/lib/src/limits.cpp
Unpacking /home/admin/Projects/embedded/ti/c6000_7.3.23/lib/src/locale.cpp
Unpacking /home/admin/Projects/embedded/ti/c6000_7.3.23/lib/src/locale0.cpp
Unpacking /home/admin/Projects/embedded/ti/c6000_7.3.23/lib/src/nothrow.cpp
Unpacking /home/admin/Projects/embedded/ti/c6000_7.3.23/lib/src/raisehan.cpp
Unpacking /home/admin/Projects/embedded/ti/c6000_7.3.23/lib/src/string.cpp
Unpacking /home/admin/Projects/embedded/ti/c6000_7.3.23/lib/src/strstrea.cpp
Unpacking /home/admin/Projects/embedded/ti/c6000_7.3.23/lib/src/throw.cpp
Unpacking /home/admin/Projects/embedded/ti/c6000_7.3.23/lib/src/wiostrea.cpp
Unpacking /home/admin/Projects/embedded/ti/c6000_7.3.23/lib/src/wlocale.cpp
Unpacking /home/admin/Projects/embedded/ti/c6000_7.3.23/lib/src/xfpostox.cpp
Unpacking /home/admin/Projects/embedded/ti/c6000_7.3.23/lib/src/xlocale.cpp
Unpacking /home/admin/Projects/embedded/ti/c6000_7.3.23/lib/src/xlocinfo.cpp
Unpacking /home/admin/Projects/embedded/ti/c6000_7.3.23/lib/src/xatexit.cx0
Unpacking /home/admin/Projects/embedded/ti/c6000_7.3.23/lib/src/tdeh_c6000.h
Unpacking /home/admin/Projects/embedded/ti/c6000_7.3.23/lib/src/weak_return.c
Unpacking /home/admin/Projects/embedded/ti/c6000_7.3.23/lib/src/divrem.c
Unpacking /home/admin/Projects/embedded/ti/c6000_7.3.23/lib/src/divtypes.h
Unpacking /home/admin/Projects/embedded/ti/c6000_7.3.23/lib/src/tdeh_uwentry_c6000.asm
Unpacking /home/admin/Projects/embedded/ti/c6000_7.3.23/lib/src/tdeh_pr_c6000.cpp
Unpacking /home/admin/Projects/embedded/ti/c6000_7.3.23/lib/src/divi_t.asm
Unpacking /home/admin/Projects/embedded/ti/c6000_7.3.23/lib/src/divu_t.asm
Unpacking /home/admin/Projects/embedded/ti/c6000_7.3.23/lib/src/remi_t.asm
Unpacking /home/admin/Projects/embedded/ti/c6000_7.3.23/lib/src/remu_t.asm
Unpacking /home/admin/Projects/embedded/ti/c6000_7.3.23/lib/src/limits.h
Unpacking /home/admin/Projects/embedded/ti/c6000_7.3.23/lib/src/strasgi_t.asm
Unpacking /home/admin/Projects/embedded/ti/c6000_7.3.23/lib/src/tdeh_common.h
Unpacking /home/admin/Projects/embedded/ti/c6000_7.3.23/lib/src/tdeh_unwinder.cpp
Unpacking /home/admin/Projects/embedded/ti/c6000_7.3.23/lib/src/tdeh_pr_common.cpp
Unpacking /home/admin/Projects/embedded/ti/c6000_7.3.23/lib/src/tdeh_init.cpp
Unpacking /home/admin/Projects/embedded/ti/c6000_7.3.23/lib/src/tdeh_cpp_abi.cpp
Unpacking /home/admin/Projects/embedded/ti/c6000_7.3.23/lib/src/stdarg.h
Unpacking /home/admin/Projects/embedded/ti/c6000_7.3.23/lib/src/float.h
Unpacking /home/admin/Projects/embedded/ti/c6000_7.3.23/lib/src/cpy_tbl.h
Unpacking /home/admin/Projects/embedded/ti/c6000_7.3.23/lib/src/_isfuncdcl.h
Unpacking /home/admin/Projects/embedded/ti/c6000_7.3.23/lib/src/_isfuncdef.h
Unpacking /home/admin/Projects/embedded/ti/c6000_7.3.23/lib/src/_fmt_specifier.h
Unpacking /home/admin/Projects/embedded/ti/c6000_7.3.23/lib/src/_lock.h
Unpacking /home/admin/Projects/embedded/ti/c6000_7.3.23/lib/src/assert.h
Unpacking /home/admin/Projects/embedded/ti/c6000_7.3.23/lib/src/ctype.h
Unpacking /home/admin/Projects/embedded/ti/c6000_7.3.23/lib/src/errno.h
Unpacking /home/admin/Projects/embedded/ti/c6000_7.3.23/lib/src/file.h
Unpacking /home/admin/Projects/embedded/ti/c6000_7.3.23/lib/src/cpp_inline_math.h
Unpacking /home/admin/Projects/embedded/ti/c6000_7.3.23/lib/src/locale.h
Unpacking /home/admin/Projects/embedded/ti/c6000_7.3.23/lib/src/iso646.h
Unpacking /home/admin/Projects/embedded/ti/c6000_7.3.23/lib/src/inttypes.h
Unpacking /home/admin/Projects/embedded/ti/c6000_7.3.23/lib/src/setjmp.h
Unpacking /home/admin/Projects/embedded/ti/c6000_7.3.23/lib/src/stddef.h
Unpacking /home/admin/Projects/embedded/ti/c6000_7.3.23/lib/src/stdint.h
Unpacking /home/admin/Projects/embedded/ti/c6000_7.3.23/lib/src/stdio.h
Unpacking /home/admin/Projects/embedded/ti/c6000_7.3.23/lib/src/stdlib.h
Unpacking /home/admin/Projects/embedded/ti/c6000_7.3.23/lib/src/string.h
Unpacking /home/admin/Projects/embedded/ti/c6000_7.3.23/lib/src/time.h
Unpacking /home/admin/Projects/embedded/ti/c6000_7.3.23/lib/src/wchar.h
Unpacking /home/admin/Projects/embedded/ti/c6000_7.3.23/lib/src/wctype.h
Unpacking /home/admin/Projects/embedded/ti/c6000_7.3.23/lib/src/_dtor_list.h
Unpacking /home/admin/Projects/embedded/ti/c6000_7.3.23/lib/src/cargs.h
Unpacking /home/admin/Projects/embedded/ti/c6000_7.3.23/lib/src/format.h
Unpacking /home/admin/Projects/embedded/ti/c6000_7.3.23/lib/src/ecvt.c
Unpacking /home/admin/Projects/embedded/ti/c6000_7.3.23/lib/src/exit.c
Unpacking /home/admin/Projects/embedded/ti/c6000_7.3.23/lib/src/cpy_tbl.c
Unpacking /home/admin/Projects/embedded/ti/c6000_7.3.23/lib/src/fcvt.c
Unpacking /home/admin/Projects/embedded/ti/c6000_7.3.23/lib/src/memory.c
Unpacking /home/admin/Projects/embedded/ti/c6000_7.3.23/lib/src/_lock.c
Unpacking /home/admin/Projects/embedded/ti/c6000_7.3.23/lib/src/_printfi.c
Unpacking /home/admin/Projects/embedded/ti/c6000_7.3.23/lib/src/_bufread.c
Unpacking /home/admin/Projects/embedded/ti/c6000_7.3.23/lib/src/_io_perm.c
Unpacking /home/admin/Projects/embedded/ti/c6000_7.3.23/lib/src/_printfi_min.c
Unpacking /home/admin/Projects/embedded/ti/c6000_7.3.23/lib/src/_printfi_nf.c
Unpacking /home/admin/Projects/embedded/ti/c6000_7.3.23/lib/src/_tvaltostr.c
Unpacking /home/admin/Projects/embedded/ti/c6000_7.3.23/lib/src/abs.c
Unpacking /home/admin/Projects/embedded/ti/c6000_7.3.23/lib/src/_scanfi.c
Unpacking /home/admin/Projects/embedded/ti/c6000_7.3.23/lib/src/assert.c
Unpacking /home/admin/Projects/embedded/ti/c6000_7.3.23/lib/src/args_main.c
Unpacking /home/admin/Projects/embedded/ti/c6000_7.3.23/lib/src/atexit.c
Unpacking /home/admin/Projects/embedded/ti/c6000_7.3.23/lib/src/asctime.c
Unpacking /home/admin/Projects/embedded/ti/c6000_7.3.23/lib/src/atof.c
Unpacking /home/admin/Projects/embedded/ti/c6000_7.3.23/lib/src/atoi.c
Unpacking /home/admin/Projects/embedded/ti/c6000_7.3.23/lib/src/atol.c
Unpacking /home/admin/Projects/embedded/ti/c6000_7.3.23/lib/src/atoll.c
Unpacking /home/admin/Projects/embedded/ti/c6000_7.3.23/lib/src/clearerr.c
Unpacking /home/admin/Projects/embedded/ti/c6000_7.3.23/lib/src/clock.c
Unpacking /home/admin/Projects/embedded/ti/c6000_7.3.23/lib/src/bsearch.c
Unpacking /home/admin/Projects/embedded/ti/c6000_7.3.23/lib/src/ctime_.c
Unpacking /home/admin/Projects/embedded/ti/c6000_7.3.23/lib/src/ctype.c
Unpacking /home/admin/Projects/embedded/ti/c6000_7.3.23/lib/src/defs.c
Unpacking /home/admin/Projects/embedded/ti/c6000_7.3.23/lib/src/errno.c
Unpacking /home/admin/Projects/embedded/ti/c6000_7.3.23/lib/src/fclose.c
Unpacking /home/admin/Projects/embedded/ti/c6000_7.3.23/lib/src/difftime.c
Unpacking /home/admin/Projects/embedded/ti/c6000_7.3.23/lib/src/feof.c
Unpacking /home/admin/Projects/embedded/ti/c6000_7.3.23/lib/src/ferror.c
Unpacking /home/admin/Projects/embedded/ti/c6000_7.3.23/lib/src/fflush.c
Unpacking /home/admin/Projects/embedded/ti/c6000_7.3.23/lib/src/fgetc.c
Unpacking /home/admin/Projects/embedded/ti/c6000_7.3.23/lib/src/fgets.c
Unpacking /home/admin/Projects/embedded/ti/c6000_7.3.23/lib/src/fopen.c
Unpacking /home/admin/Projects/embedded/ti/c6000_7.3.23/lib/src/fgetpos.c
Unpacking /home/admin/Projects/embedded/ti/c6000_7.3.23/lib/src/fputc.c
Unpacking /home/admin/Projects/embedded/ti/c6000_7.3.23/lib/src/fputs.c
Unpacking /home/admin/Projects/embedded/ti/c6000_7.3.23/lib/src/fprintf.c
Unpacking /home/admin/Projects/embedded/ti/c6000_7.3.23/lib/src/fread.c
Unpacking /home/admin/Projects/embedded/ti/c6000_7.3.23/lib/src/fscanf.c
Unpacking /home/admin/Projects/embedded/ti/c6000_7.3.23/lib/src/fseek.c
Unpacking /home/admin/Projects/embedded/ti/c6000_7.3.23/lib/src/ftell.c
Unpacking /home/admin/Projects/embedded/ti/c6000_7.3.23/lib/src/fwrite.c
Unpacking /home/admin/Projects/embedded/ti/c6000_7.3.23/lib/src/fsetpos.c
Unpacking /home/admin/Projects/embedded/ti/c6000_7.3.23/lib/src/gmtime.c
Unpacking /home/admin/Projects/embedded/ti/c6000_7.3.23/lib/src/isalpha.c
Unpacking /home/admin/Projects/embedded/ti/c6000_7.3.23/lib/src/isascii.c
Unpacking /home/admin/Projects/embedded/ti/c6000_7.3.23/lib/src/isalnum.c
Unpacking /home/admin/Projects/embedded/ti/c6000_7.3.23/lib/src/isdigit.c
Unpacking /home/admin/Projects/embedded/ti/c6000_7.3.23/lib/src/isgraph.c
Unpacking /home/admin/Projects/embedded/ti/c6000_7.3.23/lib/src/iscntrl.c
Unpacking /home/admin/Projects/embedded/ti/c6000_7.3.23/lib/src/isprint.c
Unpacking /home/admin/Projects/embedded/ti/c6000_7.3.23/lib/src/ispunct.c
Unpacking /home/admin/Projects/embedded/ti/c6000_7.3.23/lib/src/islower.c
Unpacking /home/admin/Projects/embedded/ti/c6000_7.3.23/lib/src/isxdigit.c
Unpacking /home/admin/Projects/embedded/ti/c6000_7.3.23/lib/src/localtim.c
Unpacking /home/admin/Projects/embedded/ti/c6000_7.3.23/lib/src/isspace.c
Unpacking /home/admin/Projects/embedded/ti/c6000_7.3.23/lib/src/isupper.c
Unpacking /home/admin/Projects/embedded/ti/c6000_7.3.23/lib/src/lowlev.c
Unpacking /home/admin/Projects/embedded/ti/c6000_7.3.23/lib/src/ltoa.c
Unpacking /home/admin/Projects/embedded/ti/c6000_7.3.23/lib/src/memchr.c
Unpacking /home/admin/Projects/embedded/ti/c6000_7.3.23/lib/src/memcmp.c
Unpacking /home/admin/Projects/embedded/ti/c6000_7.3.23/lib/src/memccpy.c
Unpacking /home/admin/Projects/embedded/ti/c6000_7.3.23/lib/src/memmov.c
Unpacking /home/admin/Projects/embedded/ti/c6000_7.3.23/lib/src/mktime.c
Unpacking /home/admin/Projects/embedded/ti/c6000_7.3.23/lib/src/multibyte.c
Unpacking /home/admin/Projects/embedded/ti/c6000_7.3.23/lib/src/perror.c
Unpacking /home/admin/Projects/embedded/ti/c6000_7.3.23/lib/src/printf.c
Unpacking /home/admin/Projects/embedded/ti/c6000_7.3.23/lib/src/qsort.c
Unpacking /home/admin/Projects/embedded/ti/c6000_7.3.23/lib/src/rand.c
Unpacking /home/admin/Projects/embedded/ti/c6000_7.3.23/lib/src/remove.c
Unpacking /home/admin/Projects/embedded/ti/c6000_7.3.23/lib/src/rewind.c
Unpacking /home/admin/Projects/embedded/ti/c6000_7.3.23/lib/src/setbuf.c
Unpacking /home/admin/Projects/embedded/ti/c6000_7.3.23/lib/src/setlocale.c
Unpacking /home/admin/Projects/embedded/ti/c6000_7.3.23/lib/src/sinit.c
Unpacking /home/admin/Projects/embedded/ti/c6000_7.3.23/lib/src/snprintf.c
Unpacking /home/admin/Projects/embedded/ti/c6000_7.3.23/lib/src/setvbuf.c
Unpacking /home/admin/Projects/embedded/ti/c6000_7.3.23/lib/src/sscanf.c
Unpacking /home/admin/Projects/embedded/ti/c6000_7.3.23/lib/src/strcmp.c
Unpacking /home/admin/Projects/embedded/ti/c6000_7.3.23/lib/src/sprintf.c
Unpacking /home/admin/Projects/embedded/ti/c6000_7.3.23/lib/src/strchr.c
Unpacking /home/admin/Projects/embedded/ti/c6000_7.3.23/lib/src/strcat.c
Unpacking /home/admin/Projects/embedded/ti/c6000_7.3.23/lib/src/strcpy.c
Unpacking /home/admin/Projects/embedded/ti/c6000_7.3.23/lib/src/strcspn.c
Unpacking /home/admin/Projects/embedded/ti/c6000_7.3.23/lib/src/strcoll.c
Unpacking /home/admin/Projects/embedded/ti/c6000_7.3.23/lib/src/strlen.c
Unpacking /home/admin/Projects/embedded/ti/c6000_7.3.23/lib/src/strncat.c
Unpacking /home/admin/Projects/embedded/ti/c6000_7.3.23/lib/src/strerror.c
Unpacking /home/admin/Projects/embedded/ti/c6000_7.3.23/lib/src/strftime.c
Unpacking /home/admin/Projects/embedded/ti/c6000_7.3.23/lib/src/strncpy.c
Unpacking /home/admin/Projects/embedded/ti/c6000_7.3.23/lib/src/strpbrk.c
Unpacking /home/admin/Projects/embedded/ti/c6000_7.3.23/lib/src/strncmp.c
Unpacking /home/admin/Projects/embedded/ti/c6000_7.3.23/lib/src/strspn.c
Unpacking /home/admin/Projects/embedded/ti/c6000_7.3.23/lib/src/strstr.c
Unpacking /home/admin/Projects/embedded/ti/c6000_7.3.23/lib/src/strrchr.c
Unpacking /home/admin/Projects/embedded/ti/c6000_7.3.23/lib/src/strtod.c
Unpacking /home/admin/Projects/embedded/ti/c6000_7.3.23/lib/src/strtok.c
Unpacking /home/admin/Projects/embedded/ti/c6000_7.3.23/lib/src/strtol.c
Unpacking /home/admin/Projects/embedded/ti/c6000_7.3.23/lib/src/strtoll.c
Unpacking /home/admin/Projects/embedded/ti/c6000_7.3.23/lib/src/strtoul.c
Unpacking /home/admin/Projects/embedded/ti/c6000_7.3.23/lib/src/strtold.c
Unpacking /home/admin/Projects/embedded/ti/c6000_7.3.23/lib/src/tmpfile.c
Unpacking /home/admin/Projects/embedded/ti/c6000_7.3.23/lib/src/strxfrm.c
Unpacking /home/admin/Projects/embedded/ti/c6000_7.3.23/lib/src/strtoull.c
Unpacking /home/admin/Projects/embedded/ti/c6000_7.3.23/lib/src/time.c
Unpacking /home/admin/Projects/embedded/ti/c6000_7.3.23/lib/src/tmpnam.c
Unpacking /home/admin/Projects/embedded/ti/c6000_7.3.23/lib/src/tmzone.c
Unpacking /home/admin/Projects/embedded/ti/c6000_7.3.23/lib/src/tolower.c
Unpacking /home/admin/Projects/embedded/ti/c6000_7.3.23/lib/src/toupper.c
Unpacking /home/admin/Projects/embedded/ti/c6000_7.3.23/lib/src/toascii.c
Unpacking /home/admin/Projects/embedded/ti/c6000_7.3.23/lib/src/trgdrv.c
Unpacking /home/admin/Projects/embedded/ti/c6000_7.3.23/lib/src/ungetc.c
Unpacking /home/admin/Projects/embedded/ti/c6000_7.3.23/lib/src/vsnprintf.c
Unpacking /home/admin/Projects/embedded/ti/c6000_7.3.23/lib/src/vsprintf.c
Unpacking /home/admin/Projects/embedded/ti/c6000_7.3.23/lib/src/vfprintf.c
Unpacking /home/admin/Projects/embedded/ti/c6000_7.3.23/lib/src/vprintf.c
Unpacking /home/admin/Projects/embedded/ti/c6000_7.3.23/lib/src/wctype.c
Unpacking /home/admin/Projects/embedded/ti/c6000_7.3.23/lib/src/basics.h
Unpacking /home/admin/Projects/embedded/ti/c6000_7.3.23/lib/src/config.h
Unpacking /home/admin/Projects/embedded/ti/c6000_7.3.23/lib/src/cxxabi.h
Unpacking /home/admin/Projects/embedded/ti/c6000_7.3.23/lib/src/dtor_list.h
Unpacking /home/admin/Projects/embedded/ti/c6000_7.3.23/lib/src/eh.h
Unpacking /home/admin/Projects/embedded/ti/c6000_7.3.23/lib/src/defines.h
Unpacking /home/admin/Projects/embedded/ti/c6000_7.3.23/lib/src/error.h
Unpacking /home/admin/Projects/embedded/ti/c6000_7.3.23/lib/src/rtti.h
Unpacking /home/admin/Projects/embedded/ti/c6000_7.3.23/lib/src/vtbl.h
Unpacking /home/admin/Projects/embedded/ti/c6000_7.3.23/lib/src/memzero.h
Unpacking /home/admin/Projects/embedded/ti/c6000_7.3.23/lib/src/vec_newdel.h
Unpacking /home/admin/Projects/embedded/ti/c6000_7.3.23/lib/src/runtime.h
Unpacking /home/admin/Projects/embedded/ti/c6000_7.3.23/lib/src/array_nodel.cpp
Unpacking /home/admin/Projects/embedded/ti/c6000_7.3.23/lib/src/array_nonew.cpp
Unpacking /home/admin/Projects/embedded/ti/c6000_7.3.23/lib/src/array_del.cpp
Unpacking /home/admin/Projects/embedded/ti/c6000_7.3.23/lib/src/array_new.cpp
Unpacking /home/admin/Projects/embedded/ti/c6000_7.3.23/lib/src/array_pnew.cpp
Unpacking /home/admin/Projects/embedded/ti/c6000_7.3.23/lib/src/delete.cpp
Unpacking /home/admin/Projects/embedded/ti/c6000_7.3.23/lib/src/array_pdel.cpp
Unpacking /home/admin/Projects/embedded/ti/c6000_7.3.23/lib/src/new_.cpp
Unpacking /home/admin/Projects/embedded/ti/c6000_7.3.23/lib/src/newhandler.cpp
Unpacking /home/admin/Projects/embedded/ti/c6000_7.3.23/lib/src/delnothrow.cpp
Unpacking /home/admin/Projects/embedded/ti/c6000_7.3.23/lib/src/dtor_list.cpp
Unpacking /home/admin/Projects/embedded/ti/c6000_7.3.23/lib/src/error.cpp
Unpacking /home/admin/Projects/embedded/ti/c6000_7.3.23/lib/src/guard.cpp
Unpacking /home/admin/Projects/embedded/ti/c6000_7.3.23/lib/src/memzero.cpp
Unpacking /home/admin/Projects/embedded/ti/c6000_7.3.23/lib/src/placenew.cpp
Unpacking /home/admin/Projects/embedded/ti/c6000_7.3.23/lib/src/placedel.cpp
Unpacking /home/admin/Projects/embedded/ti/c6000_7.3.23/lib/src/newnothrow.cpp
Unpacking /home/admin/Projects/embedded/ti/c6000_7.3.23/lib/src/pure_virt.cpp
Unpacking /home/admin/Projects/embedded/ti/c6000_7.3.23/lib/src/rtti.cpp
Unpacking /home/admin/Projects/embedded/ti/c6000_7.3.23/lib/src/typeinfo_.cpp
Unpacking /home/admin/Projects/embedded/ti/c6000_7.3.23/lib/src/vars.cpp
Unpacking /home/admin/Projects/embedded/ti/c6000_7.3.23/lib/src/set_new.cpp
Unpacking /home/admin/Projects/embedded/ti/c6000_7.3.23/lib/src/vec_newdel.cpp
Unpacking /home/admin/Projects/embedded/ti/c6000_7.3.23/lib/src/push.asm
Unpacking /home/admin/Projects/embedded/ti/c6000_7.3.23/lib/src/vec_cctor.cpp
Unpacking /home/admin/Projects/embedded/ti/c6000_7.3.23/lib/src/call_stub.asm
Unpacking /home/admin/Projects/embedded/ti/c6000_7.3.23/lib/src/setjmp.asm
Unpacking /home/admin/Projects/embedded/ti/c6000_7.3.23/lib/src/divi.asm
Unpacking /home/admin/Projects/embedded/ti/c6000_7.3.23/lib/src/divu.asm
Unpacking /home/admin/Projects/embedded/ti/c6000_7.3.23/lib/src/memcpy64.asm
Unpacking /home/admin/Projects/embedded/ti/c6000_7.3.23/lib/src/remi.asm
Unpacking /home/admin/Projects/embedded/ti/c6000_7.3.23/lib/src/remu.asm
Unpacking /home/admin/Projects/embedded/ti/c6000_7.3.23/lib/src/strasg.asm
Unpacking /home/admin/Projects/embedded/ti/c6000_7.3.23/lib/src/xmath.h
Unpacking /home/admin/Projects/embedded/ti/c6000_7.3.23/lib/src/xxxsinh.h
Unpacking /home/admin/Projects/embedded/ti/c6000_7.3.23/lib/src/xxxsin.h
Unpacking /home/admin/Projects/embedded/ti/c6000_7.3.23/lib/src/xxdftype.h
Unpacking /home/admin/Projects/embedded/ti/c6000_7.3.23/lib/src/xxfftype.h
Unpacking /home/admin/Projects/embedded/ti/c6000_7.3.23/lib/src/xxlftype.h
Unpacking /home/admin/Projects/embedded/ti/c6000_7.3.23/lib/src/xxxcosh.h
Unpacking /home/admin/Projects/embedded/ti/c6000_7.3.23/lib/src/xxxexp.h
Unpacking /home/admin/Projects/embedded/ti/c6000_7.3.23/lib/src/xsin.c
Unpacking /home/admin/Projects/embedded/ti/c6000_7.3.23/lib/src/xfsin.c
Unpacking /home/admin/Projects/embedded/ti/c6000_7.3.23/lib/src/xlsin.c
Unpacking /home/admin/Projects/embedded/ti/c6000_7.3.23/lib/src/xsinh.c
Unpacking /home/admin/Projects/embedded/ti/c6000_7.3.23/lib/src/xfsinh.c
Unpacking /home/admin/Projects/embedded/ti/c6000_7.3.23/lib/src/xlsinh.c
Unpacking /home/admin/Projects/embedded/ti/c6000_7.3.23/lib/src/xcosh.c
Unpacking /home/admin/Projects/embedded/ti/c6000_7.3.23/lib/src/xfcosh.c
Unpacking /home/admin/Projects/embedded/ti/c6000_7.3.23/lib/src/xlcosh.c
Unpacking /home/admin/Projects/embedded/ti/c6000_7.3.23/lib/src/xexp.c
Unpacking /home/admin/Projects/embedded/ti/c6000_7.3.23/lib/src/xfexp.c
Unpacking /home/admin/Projects/embedded/ti/c6000_7.3.23/lib/src/xlexp.c
Unpacking /home/admin/Projects/embedded/ti/c6000_7.3.23/lib/src/xdtest.c
Unpacking /home/admin/Projects/embedded/ti/c6000_7.3.23/lib/src/xldtest.c
Unpacking /home/admin/Projects/embedded/ti/c6000_7.3.23/lib/src/xdscale.c
Unpacking /home/admin/Projects/embedded/ti/c6000_7.3.23/lib/src/xfdtest.c
Unpacking /home/admin/Projects/embedded/ti/c6000_7.3.23/lib/src/xdnorm.c
Unpacking /home/admin/Projects/embedded/ti/c6000_7.3.23/lib/src/xfdnorm.c
Unpacking /home/admin/Projects/embedded/ti/c6000_7.3.23/lib/src/xfdscale.c
Unpacking /home/admin/Projects/embedded/ti/c6000_7.3.23/lib/src/xldscale.c
Unpacking /home/admin/Projects/embedded/ti/c6000_7.3.23/lib/src/xferaise.c
Unpacking /home/admin/Projects/embedded/ti/c6000_7.3.23/lib/src/xldnorm.c
Unpacking /home/admin/Projects/embedded/ti/c6000_7.3.23/lib/src/xlvalues.c
Unpacking /home/admin/Projects/embedded/ti/c6000_7.3.23/lib/src/xvalues.c
Unpacking /home/admin/Projects/embedded/ti/c6000_7.3.23/lib/src/xfvalues.c
Unpacking /home/admin/Projects/embedded/ti/c6000_7.3.23/man/man1/ci6x.1
Unpacking /home/admin/Projects/embedded/ti/c6000_7.3.23/man/man1/cl6x.1
Unpacking /home/admin/Projects/embedded/ti/c6000_7.3.23/man/man1/nm6x.1
Unpacking /home/admin/Projects/embedded/ti/c6000_7.3.23/man/man1/strip6x.1
Unpacking /home/admin/Projects/embedded/ti/c6000_7.3.23/man/man1/acpia6x.1
Unpacking /home/admin/Projects/embedded/ti/c6000_7.3.23/man/man1/hex6x.1
Unpacking /home/admin/Projects/embedded/ti/c6000_7.3.23/man/man1/embed6x.1
Unpacking /home/admin/Projects/embedded/ti/c6000_7.3.23/man/man1/pprof6x.1
Unpacking /home/admin/Projects/embedded/ti/c6000_7.3.23/man/man1/abs6x.1
Unpacking /home/admin/Projects/embedded/ti/c6000_7.3.23/man/man1/xref6x.1
Unpacking /home/admin/Projects/embedded/ti/c6000_7.3.23/man/man1/ilk6x.1
Unpacking /home/admin/Projects/embedded/ti/c6000_7.3.23/man/man1/ofd6x.1
Unpacking /home/admin/Projects/embedded/ti/c6000_7.3.23/man/man1/cbeia6x.1
Unpacking /home/admin/Projects/embedded/ti/c6000_7.3.23/man/man1/dis6x.1
Unpacking /home/admin/Projects/embedded/ti/c6000_7.3.23/man/man1/pdd6x.1
Unpacking /home/admin/Projects/embedded/ti/c6000_7.3.23/man/man1/prelink6x.1
Unpacking /home/admin/Projects/embedded/ti/c6000_7.3.23/man/man1/cbe6x.1
Unpacking /home/admin/Projects/embedded/ti/c6000_7.3.23/man/man1/clt6x.1
Unpacking /home/admin/Projects/embedded/ti/c6000_7.3.23/man/man1/ap6x.1
Unpacking /home/admin/Projects/embedded/ti/c6000_7.3.23/man/man1/opt6x.1
Unpacking /home/admin/Projects/embedded/ti/c6000_7.3.23/man/man1/asm6x.1
Unpacking /home/admin/Projects/embedded/ti/c6000_7.3.23/man/man1/ap6x3.1
Unpacking /home/admin/Projects/embedded/ti/c6000_7.3.23/man/man1/cg6x.1
Unpacking /home/admin/Projects/embedded/ti/c6000_7.3.23/man/man1/lnk6x.1
Unpacking /home/admin/Projects/embedded/ti/c6000_7.3.23/man/man1/libinfo6x.1
Unpacking /home/admin/Projects/embedded/ti/c6000_7.3.23/man/man1/acp6x.1
Unpacking /home/admin/Projects/embedded/ti/c6000_7.3.23/man/man1/cg6x3.1
Unpacking /home/admin/Projects/embedded/ti/c6000_7.3.23/prelink/prelink_README.txt
Unpacking /home/admin/Projects/embedded/ti/c6000_7.3.23/prelink/prelink_dependents/a.c
Unpacking /home/admin/Projects/embedded/ti/c6000_7.3.23/prelink/prelink_dependents/b.c
Unpacking /home/admin/Projects/embedded/ti/c6000_7.3.23/prelink/prelink_dependents/build_dlls
Unpacking /home/admin/Projects/embedded/ti/c6000_7.3.23/prelink/prelink_dependents/c.c
Unpacking /home/admin/Projects/embedded/ti/c6000_7.3.23/prelink/prelink_dependents/d.c
Unpacking /home/admin/Projects/embedded/ti/c6000_7.3.23/prelink/prelink_dependents/depends.cmd
Unpacking /home/admin/Projects/embedded/ti/c6000_7.3.23/prelink/prelink_dependents/driver.c
Unpacking /home/admin/Projects/embedded/ti/c6000_7.3.23/prelink/prelink_dependents/format.h
Unpacking /home/admin/Projects/embedded/ti/c6000_7.3.23/prelink/prelink_dependents/printf.c
Unpacking /home/admin/Projects/embedded/ti/c6000_7.3.23/prelink/prelink_dsbt_assistance/a.c
Unpacking /home/admin/Projects/embedded/ti/c6000_7.3.23/prelink/prelink_dsbt_assistance/b.c
Unpacking /home/admin/Projects/embedded/ti/c6000_7.3.23/prelink/prelink_dsbt_assistance/build_dyn_objs
Unpacking /home/admin/Projects/embedded/ti/c6000_7.3.23/prelink/prelink_dsbt_assistance/c.c
Unpacking /home/admin/Projects/embedded/ti/c6000_7.3.23/prelink/prelink_dsbt_assistance/d.c
Unpacking /home/admin/Projects/embedded/ti/c6000_7.3.23/prelink/prelink_dsbt_assistance/driver.c
Unpacking /home/admin/Projects/embedded/ti/c6000_7.3.23/prelink/prelink_dsbt_assistance/dsbt_ex_1.cmd
Unpacking /home/admin/Projects/embedded/ti/c6000_7.3.23/prelink/prelink_dsbt_assistance/dsbt_ex_2.cmd
Unpacking /home/admin/Projects/embedded/ti/c6000_7.3.23/prelink/prelink_dsbt_assistance/format.h
Unpacking /home/admin/Projects/embedded/ti/c6000_7.3.23/prelink/prelink_dsbt_assistance/instructions.txt
Unpacking /home/admin/Projects/embedded/ti/c6000_7.3.23/prelink/prelink_dsbt_assistance/main.c
Unpacking /home/admin/Projects/embedded/ti/c6000_7.3.23/prelink/prelink_dsbt_assistance/printf.c
Unpacking /home/admin/Projects/embedded/ti/c6000_7.3.23/prelink/prelink_dsbt_assistance/rebuild_some_dlls
Unpacking /home/admin/Projects/embedded/ti/c6000_7.3.23/prelink/prelink_dyn_exe/build_dyn_exe
Unpacking /home/admin/Projects/embedded/ti/c6000_7.3.23/prelink/prelink_dyn_exe/hello.c
Unpacking /home/admin/Projects/embedded/ti/c6000_7.3.23/prelink/prelink_dyn_exe/hello.exe
Unpacking /home/admin/Projects/embedded/ti/c6000_7.3.23/prelink/prelink_dyn_exe/hello_1.cmd
Unpacking /home/admin/Projects/embedded/ti/c6000_7.3.23/prelink/prelink_dyn_exe/hello_2.cmd
Unpacking /home/admin/Projects/embedded/ti/c6000_7.3.23/prelink/prelink_dyn_exe/hello_3.cmd
Unpacking /home/admin/Projects/embedded/ti/c6000_7.3.23/prelink/prelink_dyn_exe/hello_4.cmd
Unpacking /home/admin/Projects/embedded/ti/c6000_7.3.23/prelink/prelink_xip_segment/build_dyn_exe
Unpacking /home/admin/Projects/embedded/ti/c6000_7.3.23/prelink/prelink_xip_segment/hello.c
Unpacking /home/admin/Projects/embedded/ti/c6000_7.3.23/prelink/prelink_xip_segment/hello_lnk.cmd
Unpacking /home/admin/Projects/embedded/ti/c6000_7.3.23/prelink/prelink_xip_segment/prelink_hello.cmd
Creating Uninstaller
Creating uninstaller 25%
Creating uninstaller 50%
Creating uninstaller 75%
Creating uninstaller 100%
Installation completed
Log finished 07/07/2020 at 14:11:09
